<?xml version="1.0" encoding="UTF-8"?>
<!-- Generated by org.testng.reporters.JUnitXMLReporter -->
<testsuite ignored="1" hostname="DESKTOP-CEBHV1B" failures="0" tests="1" name="Default test" time="28.016" errors="0" timestamp="2025-12-30T16:03:34 IST">
  <testcase classname="com.flipkart.testcases.AddToCartTest" name="verifyAddToCartFunctionalityWithBuyNowOption" time="16.519"/>
  <testcase classname="com.flipkart.testcases.AddToCartTest" name="verifyAddToCartFunctionality" time="0.0">
    <ignored/>
  </testcase> <!-- verifyAddToCartFunctionality -->
</testsuite> <!-- Default test -->
