<?xml version="1.0" encoding="UTF-8"?>
<!-- Generated by org.testng.reporters.JUnitXMLReporter -->
<testsuite ignored="0" hostname="DESKTOP-CEBHV1B" failures="0" tests="2" name="Default test" time="47.471" errors="0" timestamp="2025-12-30T11:14:51 IST">
  <testcase classname="com.flipkart.testcases.AddToCartTest" name="verifyAddToCartFunctionality" time="13.423"/>
  <testcase classname="com.flipkart.testcases.AddToCartTest" name="verifyAddToCartFunctionalityWithBuyNowOption" time="14.985"/>
</testsuite> <!-- Default test -->
