<?xml version="1.0" encoding="UTF-8"?>
<!-- Generated by org.testng.reporters.JUnitXMLReporter -->
<testsuite ignored="0" hostname="DESKTOP-CEBHV1B" failures="0" tests="11" name="EdgeTest" time="116.495" errors="0" timestamp="2025-11-28T11:46:15 IST">
  <testcase classname="com.flipkart.testcases.HomePageTest" name="verifyLogoDisplayed" time="0.344"/>
  <testcase classname="com.flipkart.testcases.HomePageTest" name="verifyLoginButton" time="2.247"/>
  <testcase classname="com.flipkart.testcases.HomePageTest" name="verifyBecomeSellerNavigation" time="7.827"/>
  <testcase classname="com.flipkart.testcases.HomePageTest" name="verifyGroceryCategoryNavigation" time="2.111"/>
  <testcase classname="com.flipkart.testcases.HomePageTest" name="verifyFashionSubCategoryNavigation" time="5.22"/>
  <testcase classname="com.flipkart.testcases.HomePageTest" name="verifyElectronicsSubCategoryNavigation" time="4.412"/>
  <testcase classname="com.flipkart.testcases.HomePageTest" name="verifyFurnitureSubCategoryNavigation" time="3.492"/>
  <testcase classname="com.flipkart.testcases.HomePageTest" name="verifyHomePageTitle" time="0.251"/>
  <testcase classname="com.flipkart.testcases.HomePageTest" name="verifySearchBoxEnabled" time="0.272"/>
  <testcase classname="com.flipkart.testcases.HomePageTest" name="verifycartIconVisible" time="0.224"/>
  <testcase classname="com.flipkart.testcases.HomePageTest" name="verifyAbletoSerachProduct" time="4.437"/>
</testsuite> <!-- EdgeTest -->
