<?xml version="1.0" encoding="UTF-8"?>
<!-- Generated by org.testng.reporters.JUnitXMLReporter -->
<testsuite ignored="0" hostname="DESKTOP-CEBHV1B" failures="1" tests="58" name="Test" time="530.756" errors="0" timestamp="2025-11-28T10:43:52 IST">
  <testcase classname="com.flipkart.testcases.HomePageTest" name="verifyLogoDisplayed" time="0.604"/>
  <testcase classname="com.flipkart.testcases.HomePageTest" name="verifyLoginButton" time="3.035"/>
  <testcase classname="com.flipkart.testcases.HomePageTest" name="verifyBecomeSellerNavigation" time="7.371"/>
  <testcase classname="com.flipkart.testcases.HomePageTest" name="verifyGroceryCategoryNavigation" time="1.776"/>
  <testcase classname="com.flipkart.testcases.HomePageTest" name="verifyFashionSubCategoryNavigation" time="4.382"/>
  <testcase classname="com.flipkart.testcases.HomePageTest" name="verifyElectronicsSubCategoryNavigation" time="4.329"/>
  <testcase classname="com.flipkart.testcases.HomePageTest" name="verifyFurnitureSubCategoryNavigation" time="3.064"/>
  <testcase classname="com.flipkart.testcases.HomePageTest" name="verifyHomePageTitle" time="0.07"/>
  <testcase classname="com.flipkart.testcases.HomePageTest" name="verifySearchBoxEnabled" time="0.127"/>
  <testcase classname="com.flipkart.testcases.HomePageTest" name="verifycartIconVisible" time="0.268"/>
  <testcase classname="com.flipkart.testcases.HomePageTest" name="verifyAbletoSerachProduct" time="3.456"/>
  <testcase classname="com.flipkart.testcases.ProductSearchTest" name="verifyValidProductSearch" time="3.626"/>
  <testcase classname="com.flipkart.testcases.ProductSearchTest" name="verifyProductSearchResultDisplay" time="4.029"/>
  <testcase classname="com.flipkart.testcases.ProductSearchTest" name="verifyProductSearchUsingEnterKey" time="3.232"/>
  <testcase classname="com.flipkart.testcases.ProductSearchTest" name="verifyEmptySearch" time="0.856"/>
  <testcase classname="com.flipkart.testcases.ProductSearchTest" name="verifyProductSearchWithSpecialCharacter" time="3.431"/>
  <testcase classname="com.flipkart.testcases.ProductSearchTest" name="verifyProductSearchWithLongText" time="4.011"/>
  <testcase classname="com.flipkart.testcases.ProductSearchTest" name="verifyProductSearchWithNumber" time="3.905"/>
  <testcase classname="com.flipkart.testcases.ProductSearchTest" name="verifyProductWithMultipleSearch" time="9.186">
    <failure type="java.lang.AssertionError" message="expected [true] but found [false]">
      <![CDATA[java.lang.AssertionError: expected [true] but found [false]
at com.flipkart.testcases.ProductSearchTest.verifyProductWithMultipleSearch(ProductSearchTest.java:93)
at java.base/java.util.ArrayList.forEach(ArrayList.java:1596)
... Removed 29 stack frames]]>
    </failure>
  </testcase> <!-- verifyProductWithMultipleSearch -->
  <testcase classname="com.flipkart.testcases.ProductSearchTest" name="verifyProductSearchIncaseSensitive" time="4.026"/>
  <testcase classname="com.flipkart.testcases.ProductSearchTest" name="verifyPlaceholderTextIsDisplayedWhenTheSearchBarIsEmpty" time="0.244"/>
  <testcase classname="com.flipkart.testcases.ProductSearchTest" name="verifyProductSearchWithPartialText" time="5.059"/>
  <testcase classname="com.flipkart.testcases.SearchResultFilterTest" name="verifyDefaultSorting" time="5.089"/>
  <testcase classname="com.flipkart.testcases.SearchResultFilterTest" name="verifyResultCountIsDisplayed" time="3.483"/>
  <testcase classname="com.flipkart.testcases.SearchResultFilterTest" name="verifySortByReleveance" time="5.068"/>
  <testcase classname="com.flipkart.testcases.SearchResultFilterTest" name="verifyProductCountRemainsSameAfterSortByReleveance" time="4.743"/>
  <testcase classname="com.flipkart.testcases.SearchResultFilterTest" name="verifySortByPopularity" time="4.877"/>
  <testcase classname="com.flipkart.testcases.SearchResultFilterTest" name="verifySortByPriceLowToHigh" time="4.978"/>
  <testcase classname="com.flipkart.testcases.SearchResultFilterTest" name="verifySortByPriceHighToLow" time="5.933"/>
  <testcase classname="com.flipkart.testcases.SearchResultFilterTest" name="verifySortByNewestFirst" time="4.896"/>
  <testcase classname="com.flipkart.testcases.SearchResultFilterTest" name="verifyMultipleSortOperations" time="6.296"/>
  <testcase classname="com.flipkart.testcases.SearchResultFilterTest" name="verifyProductSearchWithSecondSuggestionText" time="5.699"/>
  <testcase classname="com.flipkart.testcases.ProductSearchUsingDDT" name="verifySearchFunctionalityUsingDDT" time="4.066"/>
  <testcase classname="com.flipkart.testcases.ProductSearchUsingDDT" name="verifySearchFunctionalityUsingDDT" time="4.581"/>
  <testcase classname="com.flipkart.testcases.ProductSearchUsingDDT" name="verifySearchFunctionalityUsingDDT" time="4.944"/>
  <testcase classname="com.flipkart.testcases.ProductSearchUsingDDT" name="verifySearchFunctionalityUsingDDT" time="4.808"/>
  <testcase classname="com.flipkart.testcases.ProductSearchUsingDDT" name="verifySearchFunctionalityUsingDDT" time="10.18"/>
  <testcase classname="com.flipkart.testcases.ProductSearchUsingDDT" name="verifySearchFunctionalityUsingDDT" time="4.736"/>
  <testcase classname="com.flipkart.testcases.ProductSearchUsingDDT" name="verifySearchFunctionalityUsingDDT" time="4.249"/>
  <testcase classname="com.flipkart.testcases.LoginPageTest" name="verifyLoginButtonDisplayed" time="0.311"/>
  <testcase classname="com.flipkart.testcases.LoginPageTest" name="verifyUsernameTextboxDisplayed" time="1.963"/>
  <testcase classname="com.flipkart.testcases.LoginPageTest" name="verifyUsernameTextboxEnabled" time="2.224"/>
  <testcase classname="com.flipkart.testcases.LoginPageTest" name="verifyPlaceholderTextDisplayed" time="2.306"/>
  <testcase classname="com.flipkart.testcases.LoginPageTest" name="verifyTermsOfUseNaviagtion" time="4.076"/>
  <testcase classname="com.flipkart.testcases.LoginPageTest" name="verifyPrivacyPolicyNaviagtion" time="3.711"/>
  <testcase classname="com.flipkart.testcases.LoginPageTest" name="verifyCreateNewUserLinkVisible" time="5.223"/>
  <testcase classname="com.flipkart.testcases.LoginPageTest" name="verifyCreateNewUserLinkEnabled" time="2.425"/>
  <testcase classname="com.flipkart.testcases.LoginPageTest" name="verifyUserLogin" time="2.632"/>
  <testcase classname="com.flipkart.testcases.LoginPageTest" name="verifyCreateNewUserLinkNavigation" time="2.281"/>
  <testcase classname="com.flipkart.testcases.AddToCartTest" name="verifyAddToCartFunctionality" time="10.551"/>
  <testcase classname="com.flipkart.testcases.AddToCartTest" name="verifyAddToCartFunctionalityWithBuyNowOption" time="10.721"/>
  <testcase classname="com.flipkart.testcases.SignInPageTest" name="verifySignupNavigation" time="2.58"/>
  <testcase classname="com.flipkart.testcases.SignInPageTest" name="verifyContinueButton" time="2.915"/>
  <testcase classname="com.flipkart.testcases.SignInPageTest" name="verifyContinueButtonEnabled" time="2.395"/>
  <testcase classname="com.flipkart.testcases.SignInPageTest" name="verifyExistingUserLinkIsEnabled" time="2.741"/>
  <testcase classname="com.flipkart.testcases.SignInPageTest" name="verifyExistingUserLinkIsDisplayed" time="3.038"/>
  <testcase classname="com.flipkart.testcases.SignInPageTest" name="verifyExistingUserNavigation" time="3.004"/>
  <testcase classname="com.flipkart.testcases.SignInPageTest" name="verifyValidationMessage" time="3.045"/>
</testsuite> <!-- Test -->
