<?xml version="1.0" encoding="UTF-8"?>
<!-- Generated by org.testng.reporters.JUnitXMLReporter -->
<testsuite ignored="0" hostname="DESKTOP-CEBHV1B" failures="0" tests="57" name="Test" time="1318.612" errors="0" timestamp="2025-12-30T12:39:28 IST">
  <testcase classname="com.flipkart.testcases.HomePageTest" name="verifyLogoDisplayed" time="0.615"/>
  <testcase classname="com.flipkart.testcases.HomePageTest" name="verifyLoginButton" time="9.146"/>
  <testcase classname="com.flipkart.testcases.HomePageTest" name="verifyBecomeSellerNavigation" time="27.805"/>
  <testcase classname="com.flipkart.testcases.HomePageTest" name="verifyGroceryCategoryNavigation" time="6.8"/>
  <testcase classname="com.flipkart.testcases.HomePageTest" name="verifyFashionSubCategoryNavigation" time="20.099"/>
  <testcase classname="com.flipkart.testcases.HomePageTest" name="verifyElectronicsSubCategoryNavigation" time="10.731"/>
  <testcase classname="com.flipkart.testcases.HomePageTest" name="verifyFurnitureSubCategoryNavigation" time="7.703"/>
  <testcase classname="com.flipkart.testcases.HomePageTest" name="verifyHomePageTitle" time="0.289"/>
  <testcase classname="com.flipkart.testcases.HomePageTest" name="verifySearchBoxEnabled" time="0.269"/>
  <testcase classname="com.flipkart.testcases.HomePageTest" name="verifycartIconVisible" time="0.797"/>
  <testcase classname="com.flipkart.testcases.HomePageTest" name="verifyAbletoSerachProduct" time="10.683"/>
  <testcase classname="com.flipkart.testcases.ProductSearchTest" name="verifyValidProductSearch" time="9.721"/>
  <testcase classname="com.flipkart.testcases.ProductSearchTest" name="verifyProductSearchResultDisplay" time="11.392"/>
  <testcase classname="com.flipkart.testcases.ProductSearchTest" name="verifyProductSearchUsingEnterKey" time="6.86"/>
  <testcase classname="com.flipkart.testcases.ProductSearchTest" name="verifyEmptySearch" time="3.051"/>
  <testcase classname="com.flipkart.testcases.ProductSearchTest" name="verifyProductSearchWithSpecialCharacter" time="8.944"/>
  <testcase classname="com.flipkart.testcases.ProductSearchTest" name="verifyProductSearchWithLongText" time="18.705"/>
  <testcase classname="com.flipkart.testcases.ProductSearchTest" name="verifyProductSearchWithNumber" time="10.502"/>
  <testcase classname="com.flipkart.testcases.ProductSearchTest" name="verifyProductWithMultipleSearch" time="17.809"/>
  <testcase classname="com.flipkart.testcases.ProductSearchTest" name="verifyProductSearchIncaseSensitive" time="10.304"/>
  <testcase classname="com.flipkart.testcases.ProductSearchTest" name="verifyPlaceholderTextIsDisplayedWhenTheSearchBarIsEmpty" time="0.201"/>
  <testcase classname="com.flipkart.testcases.ProductSearchTest" name="verifyProductSearchWithPartialText" time="12.985"/>
  <testcase classname="com.flipkart.testcases.SearchResultFilterTest" name="verifyDefaultSorting" time="15.47"/>
  <testcase classname="com.flipkart.testcases.SearchResultFilterTest" name="verifyResultCountIsDisplayed" time="5.799"/>
  <testcase classname="com.flipkart.testcases.SearchResultFilterTest" name="verifySortByReleveance" time="12.843"/>
  <testcase classname="com.flipkart.testcases.SearchResultFilterTest" name="verifyProductCountRemainsSameAfterSortByReleveance" time="11.534"/>
  <testcase classname="com.flipkart.testcases.SearchResultFilterTest" name="verifySortByPopularity" time="9.466"/>
  <testcase classname="com.flipkart.testcases.SearchResultFilterTest" name="verifySortByPriceLowToHigh" time="18.112"/>
  <testcase classname="com.flipkart.testcases.SearchResultFilterTest" name="verifySortByNewestFirst" time="10.919"/>
  <testcase classname="com.flipkart.testcases.SearchResultFilterTest" name="verifyMultipleSortOperations" time="15.462"/>
  <testcase classname="com.flipkart.testcases.SearchResultFilterTest" name="verifyProductSearchWithSecondSuggestionText" time="10.772"/>
  <testcase classname="com.flipkart.testcases.ProductSearchUsingDDT" name="verifySearchFunctionalityUsingDDT" time="7.376"/>
  <testcase classname="com.flipkart.testcases.ProductSearchUsingDDT" name="verifySearchFunctionalityUsingDDT" time="9.046"/>
  <testcase classname="com.flipkart.testcases.ProductSearchUsingDDT" name="verifySearchFunctionalityUsingDDT" time="7.918"/>
  <testcase classname="com.flipkart.testcases.ProductSearchUsingDDT" name="verifySearchFunctionalityUsingDDT" time="6.217"/>
  <testcase classname="com.flipkart.testcases.ProductSearchUsingDDT" name="verifySearchFunctionalityUsingDDT" time="8.028"/>
  <testcase classname="com.flipkart.testcases.ProductSearchUsingDDT" name="verifySearchFunctionalityUsingDDT" time="14.479"/>
  <testcase classname="com.flipkart.testcases.ProductSearchUsingDDT" name="verifySearchFunctionalityUsingDDT" time="10.59"/>
  <testcase classname="com.flipkart.testcases.LoginPageTest" name="verifyLoginButtonDisplayed" time="0.322"/>
  <testcase classname="com.flipkart.testcases.LoginPageTest" name="verifyUsernameTextboxDisplayed" time="14.477"/>
  <testcase classname="com.flipkart.testcases.LoginPageTest" name="verifyUsernameTextboxEnabled" time="8.03"/>
  <testcase classname="com.flipkart.testcases.LoginPageTest" name="verifyPlaceholderTextDisplayed" time="5.008"/>
  <testcase classname="com.flipkart.testcases.LoginPageTest" name="verifyTermsOfUseNaviagtion" time="5.73"/>
  <testcase classname="com.flipkart.testcases.LoginPageTest" name="verifyPrivacyPolicyNaviagtion" time="6.486"/>
  <testcase classname="com.flipkart.testcases.LoginPageTest" name="verifyCreateNewUserLinkVisible" time="8.087"/>
  <testcase classname="com.flipkart.testcases.LoginPageTest" name="verifyCreateNewUserLinkEnabled" time="5.623"/>
  <testcase classname="com.flipkart.testcases.LoginPageTest" name="verifyUserLogin" time="9.562"/>
  <testcase classname="com.flipkart.testcases.LoginPageTest" name="verifyCreateNewUserLinkNavigation" time="12.101"/>
  <testcase classname="com.flipkart.testcases.AddToCartTest" name="verifyAddToCartFunctionality" time="32.678"/>
  <testcase classname="com.flipkart.testcases.AddToCartTest" name="verifyAddToCartFunctionalityWithBuyNowOption" time="28.022"/>
  <testcase classname="com.flipkart.testcases.SignInPageTest" name="verifySignupNavigation" time="14.006"/>
  <testcase classname="com.flipkart.testcases.SignInPageTest" name="verifyContinueButton" time="7.277"/>
  <testcase classname="com.flipkart.testcases.SignInPageTest" name="verifyContinueButtonEnabled" time="5.813"/>
  <testcase classname="com.flipkart.testcases.SignInPageTest" name="verifyExistingUserLinkIsEnabled" time="5.546"/>
  <testcase classname="com.flipkart.testcases.SignInPageTest" name="verifyExistingUserLinkIsDisplayed" time="5.714"/>
  <testcase classname="com.flipkart.testcases.SignInPageTest" name="verifyExistingUserNavigation" time="8.265"/>
  <testcase classname="com.flipkart.testcases.SignInPageTest" name="verifyValidationMessage" time="7.349"/>
</testsuite> <!-- Test -->
