<?xml version="1.0" encoding="UTF-8"?>
<!-- Generated by org.testng.reporters.JUnitXMLReporter -->
<testsuite ignored="0" hostname="DESKTOP-CEBHV1B" failures="0" tests="57" name="Test" time="704.243" errors="0" timestamp="2025-12-24T12:39:38 IST">
  <testcase classname="com.flipkart.testcases.HomePageTest" name="verifyLogoDisplayed" time="1.182"/>
  <testcase classname="com.flipkart.testcases.HomePageTest" name="verifyLoginButton" time="3.393"/>
  <testcase classname="com.flipkart.testcases.HomePageTest" name="verifyBecomeSellerNavigation" time="8.491"/>
  <testcase classname="com.flipkart.testcases.HomePageTest" name="verifyGroceryCategoryNavigation" time="2.803"/>
  <testcase classname="com.flipkart.testcases.HomePageTest" name="verifyFashionSubCategoryNavigation" time="5.114"/>
  <testcase classname="com.flipkart.testcases.HomePageTest" name="verifyElectronicsSubCategoryNavigation" time="4.768"/>
  <testcase classname="com.flipkart.testcases.HomePageTest" name="verifyFurnitureSubCategoryNavigation" time="3.769"/>
  <testcase classname="com.flipkart.testcases.HomePageTest" name="verifyHomePageTitle" time="0.667"/>
  <testcase classname="com.flipkart.testcases.HomePageTest" name="verifySearchBoxEnabled" time="0.325"/>
  <testcase classname="com.flipkart.testcases.HomePageTest" name="verifycartIconVisible" time="0.405"/>
  <testcase classname="com.flipkart.testcases.HomePageTest" name="verifyAbletoSerachProduct" time="4.381"/>
  <testcase classname="com.flipkart.testcases.ProductSearchTest" name="verifyValidProductSearch" time="4.937"/>
  <testcase classname="com.flipkart.testcases.ProductSearchTest" name="verifyProductSearchResultDisplay" time="4.858"/>
  <testcase classname="com.flipkart.testcases.ProductSearchTest" name="verifyProductSearchUsingEnterKey" time="4.764"/>
  <testcase classname="com.flipkart.testcases.ProductSearchTest" name="verifyEmptySearch" time="1.237"/>
  <testcase classname="com.flipkart.testcases.ProductSearchTest" name="verifyProductSearchWithSpecialCharacter" time="4.061"/>
  <testcase classname="com.flipkart.testcases.ProductSearchTest" name="verifyProductSearchWithLongText" time="6.017"/>
  <testcase classname="com.flipkart.testcases.ProductSearchTest" name="verifyProductSearchWithNumber" time="5.196"/>
  <testcase classname="com.flipkart.testcases.ProductSearchTest" name="verifyProductWithMultipleSearch" time="4.831"/>
  <testcase classname="com.flipkart.testcases.ProductSearchTest" name="verifyProductSearchIncaseSensitive" time="4.939"/>
  <testcase classname="com.flipkart.testcases.ProductSearchTest" name="verifyPlaceholderTextIsDisplayedWhenTheSearchBarIsEmpty" time="0.423"/>
  <testcase classname="com.flipkart.testcases.ProductSearchTest" name="verifyProductSearchWithPartialText" time="5.938"/>
  <testcase classname="com.flipkart.testcases.SearchResultFilterTest" name="verifyDefaultSorting" time="5.424"/>
  <testcase classname="com.flipkart.testcases.SearchResultFilterTest" name="verifyResultCountIsDisplayed" time="4.962"/>
  <testcase classname="com.flipkart.testcases.SearchResultFilterTest" name="verifySortByReleveance" time="6.262"/>
  <testcase classname="com.flipkart.testcases.SearchResultFilterTest" name="verifyProductCountRemainsSameAfterSortByReleveance" time="6.64"/>
  <testcase classname="com.flipkart.testcases.SearchResultFilterTest" name="verifySortByPopularity" time="7.441"/>
  <testcase classname="com.flipkart.testcases.SearchResultFilterTest" name="verifySortByPriceLowToHigh" time="12.572"/>
  <testcase classname="com.flipkart.testcases.SearchResultFilterTest" name="verifySortByNewestFirst" time="7.377"/>
  <testcase classname="com.flipkart.testcases.SearchResultFilterTest" name="verifyMultipleSortOperations" time="9.547"/>
  <testcase classname="com.flipkart.testcases.SearchResultFilterTest" name="verifyProductSearchWithSecondSuggestionText" time="8.036"/>
  <testcase classname="com.flipkart.testcases.ProductSearchUsingDDT" name="verifySearchFunctionalityUsingDDT" time="5.059"/>
  <testcase classname="com.flipkart.testcases.ProductSearchUsingDDT" name="verifySearchFunctionalityUsingDDT" time="4.815"/>
  <testcase classname="com.flipkart.testcases.ProductSearchUsingDDT" name="verifySearchFunctionalityUsingDDT" time="6.555"/>
  <testcase classname="com.flipkart.testcases.ProductSearchUsingDDT" name="verifySearchFunctionalityUsingDDT" time="6.153"/>
  <testcase classname="com.flipkart.testcases.ProductSearchUsingDDT" name="verifySearchFunctionalityUsingDDT" time="5.914"/>
  <testcase classname="com.flipkart.testcases.ProductSearchUsingDDT" name="verifySearchFunctionalityUsingDDT" time="6.07"/>
  <testcase classname="com.flipkart.testcases.ProductSearchUsingDDT" name="verifySearchFunctionalityUsingDDT" time="5.835"/>
  <testcase classname="com.flipkart.testcases.LoginPageTest" name="verifyLoginButtonDisplayed" time="0.378"/>
  <testcase classname="com.flipkart.testcases.LoginPageTest" name="verifyUsernameTextboxDisplayed" time="5.221"/>
  <testcase classname="com.flipkart.testcases.LoginPageTest" name="verifyUsernameTextboxEnabled" time="5.077"/>
  <testcase classname="com.flipkart.testcases.LoginPageTest" name="verifyPlaceholderTextDisplayed" time="3.043"/>
  <testcase classname="com.flipkart.testcases.LoginPageTest" name="verifyTermsOfUseNaviagtion" time="5.053"/>
  <testcase classname="com.flipkart.testcases.LoginPageTest" name="verifyPrivacyPolicyNaviagtion" time="4.931"/>
  <testcase classname="com.flipkart.testcases.LoginPageTest" name="verifyCreateNewUserLinkVisible" time="3.236"/>
  <testcase classname="com.flipkart.testcases.LoginPageTest" name="verifyCreateNewUserLinkEnabled" time="3.494"/>
  <testcase classname="com.flipkart.testcases.LoginPageTest" name="verifyUserLogin" time="7.53"/>
  <testcase classname="com.flipkart.testcases.LoginPageTest" name="verifyCreateNewUserLinkNavigation" time="8.129"/>
  <testcase classname="com.flipkart.testcases.AddToCartTest" name="verifyAddToCartFunctionality" time="12.701"/>
  <testcase classname="com.flipkart.testcases.AddToCartTest" name="verifyAddToCartFunctionalityWithBuyNowOption" time="12.337"/>
  <testcase classname="com.flipkart.testcases.SignInPageTest" name="verifySignupNavigation" time="3.296"/>
  <testcase classname="com.flipkart.testcases.SignInPageTest" name="verifyContinueButton" time="3.648"/>
  <testcase classname="com.flipkart.testcases.SignInPageTest" name="verifyContinueButtonEnabled" time="3.576"/>
  <testcase classname="com.flipkart.testcases.SignInPageTest" name="verifyExistingUserLinkIsEnabled" time="3.574"/>
  <testcase classname="com.flipkart.testcases.SignInPageTest" name="verifyExistingUserLinkIsDisplayed" time="3.596"/>
  <testcase classname="com.flipkart.testcases.SignInPageTest" name="verifyExistingUserNavigation" time="4.677"/>
  <testcase classname="com.flipkart.testcases.SignInPageTest" name="verifyValidationMessage" time="4.219"/>
</testsuite> <!-- Test -->
