<?xml version="1.0" encoding="UTF-8"?>
<testng-results ignored="0" total="57" passed="57" failed="0" skipped="0">
  <reporter-output>
  </reporter-output>
  <suite started-at="2025-12-30T11:15:18 IST" name="MasterSuite" finished-at="2025-12-30T11:34:39 IST" duration-ms="1161251">
    <groups>
      <group name="Master">
        <method signature="AddToCartTest.verifyAddToCartFunctionality()[pri:1, instance:com.flipkart.testcases.AddToCartTest@46268f08]" name="verifyAddToCartFunctionality" class="com.flipkart.testcases.AddToCartTest"/>
        <method signature="SearchResultFilterTest.verifySortByPopularity()[pri:5, instance:com.flipkart.testcases.SearchResultFilterTest@7203c7ff]" name="verifySortByPopularity" class="com.flipkart.testcases.SearchResultFilterTest"/>
        <method signature="SignInPageTest.verifyExistingUserLinkIsDisplayed()[pri:5, instance:com.flipkart.testcases.SignInPageTest@2a76840c]" name="verifyExistingUserLinkIsDisplayed" class="com.flipkart.testcases.SignInPageTest"/>
        <method signature="SearchResultFilterTest.verifySortByPriceLowToHigh()[pri:6, instance:com.flipkart.testcases.SearchResultFilterTest@7203c7ff]" name="verifySortByPriceLowToHigh" class="com.flipkart.testcases.SearchResultFilterTest"/>
        <method signature="LoginPageTest.verifyCreateNewUserLinkEnabled()[pri:8, instance:com.flipkart.testcases.LoginPageTest@4b6690c0]" name="verifyCreateNewUserLinkEnabled" class="com.flipkart.testcases.LoginPageTest"/>
      </group> <!-- Master -->
      <group name="Sanity">
        <method signature="LoginPageTest.verifyLoginButtonDisplayed()[pri:1, instance:com.flipkart.testcases.LoginPageTest@4b6690c0]" name="verifyLoginButtonDisplayed" class="com.flipkart.testcases.LoginPageTest"/>
        <method signature="SearchResultFilterTest.verifyDefaultSorting()[pri:1, instance:com.flipkart.testcases.SearchResultFilterTest@7203c7ff]" name="verifyDefaultSorting" class="com.flipkart.testcases.SearchResultFilterTest"/>
        <method signature="SignInPageTest.verifySignupNavigation()[pri:1, instance:com.flipkart.testcases.SignInPageTest@2a76840c]" name="verifySignupNavigation" class="com.flipkart.testcases.SignInPageTest"/>
        <method signature="AddToCartTest.verifyAddToCartFunctionalityWithBuyNowOption()[pri:2, instance:com.flipkart.testcases.AddToCartTest@46268f08]" name="verifyAddToCartFunctionalityWithBuyNowOption" class="com.flipkart.testcases.AddToCartTest"/>
        <method signature="LoginPageTest.verifyUsernameTextboxDisplayed()[pri:2, instance:com.flipkart.testcases.LoginPageTest@4b6690c0]" name="verifyUsernameTextboxDisplayed" class="com.flipkart.testcases.LoginPageTest"/>
        <method signature="SignInPageTest.verifyExistingUserLinkIsEnabled()[pri:4, instance:com.flipkart.testcases.SignInPageTest@2a76840c]" name="verifyExistingUserLinkIsEnabled" class="com.flipkart.testcases.SignInPageTest"/>
        <method signature="SearchResultFilterTest.verifyMultipleSortOperations()[pri:9, instance:com.flipkart.testcases.SearchResultFilterTest@7203c7ff]" name="verifyMultipleSortOperations" class="com.flipkart.testcases.SearchResultFilterTest"/>
        <method signature="HomePageTest.verifycartIconVisible()[pri:10, instance:com.flipkart.testcases.HomePageTest@22875539]" name="verifycartIconVisible" class="com.flipkart.testcases.HomePageTest"/>
        <method signature="HomePageTest.verifyAbletoSerachProduct()[pri:11, instance:com.flipkart.testcases.HomePageTest@22875539]" name="verifyAbletoSerachProduct" class="com.flipkart.testcases.HomePageTest"/>
      </group> <!-- Sanity -->
      <group name="Regression">
        <method signature="AddToCartTest.verifyAddToCartFunctionality()[pri:1, instance:com.flipkart.testcases.AddToCartTest@46268f08]" name="verifyAddToCartFunctionality" class="com.flipkart.testcases.AddToCartTest"/>
        <method signature="HomePageTest.verifyLogoDisplayed()[pri:1, instance:com.flipkart.testcases.HomePageTest@22875539]" name="verifyLogoDisplayed" class="com.flipkart.testcases.HomePageTest"/>
        <method signature="SearchResultFilterTest.verifyDefaultSorting()[pri:1, instance:com.flipkart.testcases.SearchResultFilterTest@7203c7ff]" name="verifyDefaultSorting" class="com.flipkart.testcases.SearchResultFilterTest"/>
        <method signature="SignInPageTest.verifyContinueButton()[pri:2, instance:com.flipkart.testcases.SignInPageTest@2a76840c]" name="verifyContinueButton" class="com.flipkart.testcases.SignInPageTest"/>
        <method signature="HomePageTest.verifyBecomeSellerNavigation()[pri:3, instance:com.flipkart.testcases.HomePageTest@22875539]" name="verifyBecomeSellerNavigation" class="com.flipkart.testcases.HomePageTest"/>
        <method signature="LoginPageTest.verifyUsernameTextboxEnabled()[pri:3, instance:com.flipkart.testcases.LoginPageTest@4b6690c0]" name="verifyUsernameTextboxEnabled" class="com.flipkart.testcases.LoginPageTest"/>
        <method signature="SearchResultFilterTest.verifySortByReleveance()[pri:3, instance:com.flipkart.testcases.SearchResultFilterTest@7203c7ff]" name="verifySortByReleveance" class="com.flipkart.testcases.SearchResultFilterTest"/>
        <method signature="SignInPageTest.verifyContinueButtonEnabled()[pri:3, instance:com.flipkart.testcases.SignInPageTest@2a76840c]" name="verifyContinueButtonEnabled" class="com.flipkart.testcases.SignInPageTest"/>
        <method signature="LoginPageTest.verifyPrivacyPolicyNaviagtion()[pri:6, instance:com.flipkart.testcases.LoginPageTest@4b6690c0]" name="verifyPrivacyPolicyNaviagtion" class="com.flipkart.testcases.LoginPageTest"/>
        <method signature="SignInPageTest.verifyValidationMessage()[pri:7, instance:com.flipkart.testcases.SignInPageTest@2a76840c]" name="verifyValidationMessage" class="com.flipkart.testcases.SignInPageTest"/>
        <method signature="HomePageTest.verifyHomePageTitle()[pri:8, instance:com.flipkart.testcases.HomePageTest@22875539]" name="verifyHomePageTitle" class="com.flipkart.testcases.HomePageTest"/>
        <method signature="LoginPageTest.verifyCreateNewUserLinkEnabled()[pri:8, instance:com.flipkart.testcases.LoginPageTest@4b6690c0]" name="verifyCreateNewUserLinkEnabled" class="com.flipkart.testcases.LoginPageTest"/>
      </group> <!-- Regression -->
    </groups>
    <test started-at="2025-12-30T11:15:18 IST" name="Test" finished-at="2025-12-30T11:34:39 IST" duration-ms="1161251">
      <class name="com.flipkart.testcases.SignInPageTest">
        <test-method is-config="true" signature="setUp(java.lang.String)[pri:0, instance:com.flipkart.testcases.SignInPageTest@2a76840c]" started-at="2025-12-30T11:32:30 IST" name="setUp" finished-at="2025-12-30T11:32:40 IST" duration-ms="9242" status="PASS">
          <params>
            <param index="0">
              <value>
                <![CDATA[Chrome]]>
              </value>
            </param>
          </params>
          <reporter-output>
          </reporter-output>
        </test-method> <!-- setUp -->
        <test-method signature="verifySignupNavigation()[pri:1, instance:com.flipkart.testcases.SignInPageTest@2a76840c]" started-at="2025-12-30T11:32:40 IST" name="verifySignupNavigation" finished-at="2025-12-30T11:32:52 IST" duration-ms="11979" status="PASS">
          <reporter-output>
          </reporter-output>
        </test-method> <!-- verifySignupNavigation -->
        <test-method is-config="true" signature="tearDown()[pri:0, instance:com.flipkart.testcases.SignInPageTest@2a76840c]" started-at="2025-12-30T11:32:52 IST" name="tearDown" finished-at="2025-12-30T11:32:52 IST" duration-ms="266" status="PASS">
          <reporter-output>
          </reporter-output>
        </test-method> <!-- tearDown -->
        <test-method is-config="true" signature="setUp(java.lang.String)[pri:0, instance:com.flipkart.testcases.SignInPageTest@2a76840c]" started-at="2025-12-30T11:32:52 IST" name="setUp" finished-at="2025-12-30T11:33:07 IST" duration-ms="14587" status="PASS">
          <params>
            <param index="0">
              <value>
                <![CDATA[Chrome]]>
              </value>
            </param>
          </params>
          <reporter-output>
          </reporter-output>
        </test-method> <!-- setUp -->
        <test-method signature="verifyContinueButton()[pri:2, instance:com.flipkart.testcases.SignInPageTest@2a76840c]" started-at="2025-12-30T11:33:07 IST" name="verifyContinueButton" finished-at="2025-12-30T11:33:14 IST" duration-ms="7856" status="PASS">
          <reporter-output>
          </reporter-output>
        </test-method> <!-- verifyContinueButton -->
        <test-method is-config="true" signature="tearDown()[pri:0, instance:com.flipkart.testcases.SignInPageTest@2a76840c]" started-at="2025-12-30T11:33:14 IST" name="tearDown" finished-at="2025-12-30T11:33:15 IST" duration-ms="262" status="PASS">
          <reporter-output>
          </reporter-output>
        </test-method> <!-- tearDown -->
        <test-method is-config="true" signature="setUp(java.lang.String)[pri:0, instance:com.flipkart.testcases.SignInPageTest@2a76840c]" started-at="2025-12-30T11:33:15 IST" name="setUp" finished-at="2025-12-30T11:33:25 IST" duration-ms="9925" status="PASS">
          <params>
            <param index="0">
              <value>
                <![CDATA[Chrome]]>
              </value>
            </param>
          </params>
          <reporter-output>
          </reporter-output>
        </test-method> <!-- setUp -->
        <test-method signature="verifyContinueButtonEnabled()[pri:3, instance:com.flipkart.testcases.SignInPageTest@2a76840c]" started-at="2025-12-30T11:33:25 IST" name="verifyContinueButtonEnabled" finished-at="2025-12-30T11:33:29 IST" duration-ms="4674" status="PASS">
          <reporter-output>
          </reporter-output>
        </test-method> <!-- verifyContinueButtonEnabled -->
        <test-method is-config="true" signature="tearDown()[pri:0, instance:com.flipkart.testcases.SignInPageTest@2a76840c]" started-at="2025-12-30T11:33:29 IST" name="tearDown" finished-at="2025-12-30T11:33:30 IST" duration-ms="292" status="PASS">
          <reporter-output>
          </reporter-output>
        </test-method> <!-- tearDown -->
        <test-method is-config="true" signature="setUp(java.lang.String)[pri:0, instance:com.flipkart.testcases.SignInPageTest@2a76840c]" started-at="2025-12-30T11:33:30 IST" name="setUp" finished-at="2025-12-30T11:33:39 IST" duration-ms="9565" status="PASS">
          <params>
            <param index="0">
              <value>
                <![CDATA[Chrome]]>
              </value>
            </param>
          </params>
          <reporter-output>
          </reporter-output>
        </test-method> <!-- setUp -->
        <test-method signature="verifyExistingUserLinkIsEnabled()[pri:4, instance:com.flipkart.testcases.SignInPageTest@2a76840c]" started-at="2025-12-30T11:33:39 IST" name="verifyExistingUserLinkIsEnabled" finished-at="2025-12-30T11:33:46 IST" duration-ms="6953" status="PASS">
          <reporter-output>
          </reporter-output>
        </test-method> <!-- verifyExistingUserLinkIsEnabled -->
        <test-method is-config="true" signature="tearDown()[pri:0, instance:com.flipkart.testcases.SignInPageTest@2a76840c]" started-at="2025-12-30T11:33:46 IST" name="tearDown" finished-at="2025-12-30T11:33:46 IST" duration-ms="256" status="PASS">
          <reporter-output>
          </reporter-output>
        </test-method> <!-- tearDown -->
        <test-method is-config="true" signature="setUp(java.lang.String)[pri:0, instance:com.flipkart.testcases.SignInPageTest@2a76840c]" started-at="2025-12-30T11:33:46 IST" name="setUp" finished-at="2025-12-30T11:33:56 IST" duration-ms="10080" status="PASS">
          <params>
            <param index="0">
              <value>
                <![CDATA[Chrome]]>
              </value>
            </param>
          </params>
          <reporter-output>
          </reporter-output>
        </test-method> <!-- setUp -->
        <test-method signature="verifyExistingUserLinkIsDisplayed()[pri:5, instance:com.flipkart.testcases.SignInPageTest@2a76840c]" started-at="2025-12-30T11:33:56 IST" name="verifyExistingUserLinkIsDisplayed" finished-at="2025-12-30T11:34:01 IST" duration-ms="4836" status="PASS">
          <reporter-output>
          </reporter-output>
        </test-method> <!-- verifyExistingUserLinkIsDisplayed -->
        <test-method is-config="true" signature="tearDown()[pri:0, instance:com.flipkart.testcases.SignInPageTest@2a76840c]" started-at="2025-12-30T11:34:01 IST" name="tearDown" finished-at="2025-12-30T11:34:01 IST" duration-ms="239" status="PASS">
          <reporter-output>
          </reporter-output>
        </test-method> <!-- tearDown -->
        <test-method is-config="true" signature="setUp(java.lang.String)[pri:0, instance:com.flipkart.testcases.SignInPageTest@2a76840c]" started-at="2025-12-30T11:34:01 IST" name="setUp" finished-at="2025-12-30T11:34:14 IST" duration-ms="12936" status="PASS">
          <params>
            <param index="0">
              <value>
                <![CDATA[Chrome]]>
              </value>
            </param>
          </params>
          <reporter-output>
          </reporter-output>
        </test-method> <!-- setUp -->
        <test-method signature="verifyExistingUserNavigation()[pri:6, instance:com.flipkart.testcases.SignInPageTest@2a76840c]" started-at="2025-12-30T11:34:14 IST" name="verifyExistingUserNavigation" finished-at="2025-12-30T11:34:21 IST" duration-ms="6682" status="PASS">
          <reporter-output>
          </reporter-output>
        </test-method> <!-- verifyExistingUserNavigation -->
        <test-method is-config="true" signature="tearDown()[pri:0, instance:com.flipkart.testcases.SignInPageTest@2a76840c]" started-at="2025-12-30T11:34:21 IST" name="tearDown" finished-at="2025-12-30T11:34:21 IST" duration-ms="258" status="PASS">
          <reporter-output>
          </reporter-output>
        </test-method> <!-- tearDown -->
        <test-method is-config="true" signature="setUp(java.lang.String)[pri:0, instance:com.flipkart.testcases.SignInPageTest@2a76840c]" started-at="2025-12-30T11:34:21 IST" name="setUp" finished-at="2025-12-30T11:34:33 IST" duration-ms="11512" status="PASS">
          <params>
            <param index="0">
              <value>
                <![CDATA[Chrome]]>
              </value>
            </param>
          </params>
          <reporter-output>
          </reporter-output>
        </test-method> <!-- setUp -->
        <test-method signature="verifyValidationMessage()[pri:7, instance:com.flipkart.testcases.SignInPageTest@2a76840c]" started-at="2025-12-30T11:34:33 IST" name="verifyValidationMessage" finished-at="2025-12-30T11:34:39 IST" duration-ms="6323" status="PASS">
          <reporter-output>
          </reporter-output>
        </test-method> <!-- verifyValidationMessage -->
        <test-method is-config="true" signature="tearDown()[pri:0, instance:com.flipkart.testcases.SignInPageTest@2a76840c]" started-at="2025-12-30T11:34:39 IST" name="tearDown" finished-at="2025-12-30T11:34:39 IST" duration-ms="274" status="PASS">
          <reporter-output>
          </reporter-output>
        </test-method> <!-- tearDown -->
      </class> <!-- com.flipkart.testcases.SignInPageTest -->
      <class name="com.flipkart.testcases.HomePageTest">
        <test-method is-config="true" signature="setUp(java.lang.String)[pri:0, instance:com.flipkart.testcases.HomePageTest@22875539]" started-at="2025-12-30T11:15:19 IST" name="setUp" finished-at="2025-12-30T11:15:27 IST" duration-ms="8234" status="PASS">
          <params>
            <param index="0">
              <value>
                <![CDATA[Chrome]]>
              </value>
            </param>
          </params>
          <reporter-output>
          </reporter-output>
        </test-method> <!-- setUp -->
        <test-method signature="verifyLogoDisplayed()[pri:1, instance:com.flipkart.testcases.HomePageTest@22875539]" started-at="2025-12-30T11:15:27 IST" name="verifyLogoDisplayed" finished-at="2025-12-30T11:15:27 IST" duration-ms="479" status="PASS">
          <reporter-output>
          </reporter-output>
        </test-method> <!-- verifyLogoDisplayed -->
        <test-method is-config="true" signature="tearDown()[pri:0, instance:com.flipkart.testcases.HomePageTest@22875539]" started-at="2025-12-30T11:15:27 IST" name="tearDown" finished-at="2025-12-30T11:15:29 IST" duration-ms="1692" status="PASS">
          <reporter-output>
          </reporter-output>
        </test-method> <!-- tearDown -->
        <test-method is-config="true" signature="setUp(java.lang.String)[pri:0, instance:com.flipkart.testcases.HomePageTest@22875539]" started-at="2025-12-30T11:15:29 IST" name="setUp" finished-at="2025-12-30T11:15:37 IST" duration-ms="7848" status="PASS">
          <params>
            <param index="0">
              <value>
                <![CDATA[Chrome]]>
              </value>
            </param>
          </params>
          <reporter-output>
          </reporter-output>
        </test-method> <!-- setUp -->
        <test-method signature="verifyLoginButton()[pri:2, instance:com.flipkart.testcases.HomePageTest@22875539]" started-at="2025-12-30T11:15:37 IST" name="verifyLoginButton" finished-at="2025-12-30T11:15:40 IST" duration-ms="2865" status="PASS">
          <reporter-output>
          </reporter-output>
        </test-method> <!-- verifyLoginButton -->
        <test-method is-config="true" signature="tearDown()[pri:0, instance:com.flipkart.testcases.HomePageTest@22875539]" started-at="2025-12-30T11:15:40 IST" name="tearDown" finished-at="2025-12-30T11:15:40 IST" duration-ms="594" status="PASS">
          <reporter-output>
          </reporter-output>
        </test-method> <!-- tearDown -->
        <test-method is-config="true" signature="setUp(java.lang.String)[pri:0, instance:com.flipkart.testcases.HomePageTest@22875539]" started-at="2025-12-30T11:15:40 IST" name="setUp" finished-at="2025-12-30T11:15:48 IST" duration-ms="7833" status="PASS">
          <params>
            <param index="0">
              <value>
                <![CDATA[Chrome]]>
              </value>
            </param>
          </params>
          <reporter-output>
          </reporter-output>
        </test-method> <!-- setUp -->
        <test-method signature="verifyBecomeSellerNavigation()[pri:3, instance:com.flipkart.testcases.HomePageTest@22875539]" started-at="2025-12-30T11:15:48 IST" name="verifyBecomeSellerNavigation" finished-at="2025-12-30T11:16:07 IST" duration-ms="19074" status="PASS">
          <reporter-output>
          </reporter-output>
        </test-method> <!-- verifyBecomeSellerNavigation -->
        <test-method is-config="true" signature="tearDown()[pri:0, instance:com.flipkart.testcases.HomePageTest@22875539]" started-at="2025-12-30T11:16:07 IST" name="tearDown" finished-at="2025-12-30T11:16:08 IST" duration-ms="903" status="PASS">
          <reporter-output>
          </reporter-output>
        </test-method> <!-- tearDown -->
        <test-method is-config="true" signature="setUp(java.lang.String)[pri:0, instance:com.flipkart.testcases.HomePageTest@22875539]" started-at="2025-12-30T11:16:08 IST" name="setUp" finished-at="2025-12-30T11:16:16 IST" duration-ms="7261" status="PASS">
          <params>
            <param index="0">
              <value>
                <![CDATA[Chrome]]>
              </value>
            </param>
          </params>
          <reporter-output>
          </reporter-output>
        </test-method> <!-- setUp -->
        <test-method signature="verifyGroceryCategoryNavigation()[pri:4, instance:com.flipkart.testcases.HomePageTest@22875539]" started-at="2025-12-30T11:16:16 IST" name="verifyGroceryCategoryNavigation" finished-at="2025-12-30T11:16:19 IST" duration-ms="3233" status="PASS">
          <reporter-output>
          </reporter-output>
        </test-method> <!-- verifyGroceryCategoryNavigation -->
        <test-method is-config="true" signature="tearDown()[pri:0, instance:com.flipkart.testcases.HomePageTest@22875539]" started-at="2025-12-30T11:16:19 IST" name="tearDown" finished-at="2025-12-30T11:16:19 IST" duration-ms="557" status="PASS">
          <reporter-output>
          </reporter-output>
        </test-method> <!-- tearDown -->
        <test-method is-config="true" signature="setUp(java.lang.String)[pri:0, instance:com.flipkart.testcases.HomePageTest@22875539]" started-at="2025-12-30T11:16:19 IST" name="setUp" finished-at="2025-12-30T11:16:28 IST" duration-ms="8232" status="PASS">
          <params>
            <param index="0">
              <value>
                <![CDATA[Chrome]]>
              </value>
            </param>
          </params>
          <reporter-output>
          </reporter-output>
        </test-method> <!-- setUp -->
        <test-method signature="verifyFashionSubCategoryNavigation()[pri:5, instance:com.flipkart.testcases.HomePageTest@22875539]" started-at="2025-12-30T11:16:28 IST" name="verifyFashionSubCategoryNavigation" finished-at="2025-12-30T11:16:36 IST" duration-ms="8691" status="PASS">
          <reporter-output>
          </reporter-output>
        </test-method> <!-- verifyFashionSubCategoryNavigation -->
        <test-method is-config="true" signature="tearDown()[pri:0, instance:com.flipkart.testcases.HomePageTest@22875539]" started-at="2025-12-30T11:16:36 IST" name="tearDown" finished-at="2025-12-30T11:16:37 IST" duration-ms="603" status="PASS">
          <reporter-output>
          </reporter-output>
        </test-method> <!-- tearDown -->
        <test-method is-config="true" signature="setUp(java.lang.String)[pri:0, instance:com.flipkart.testcases.HomePageTest@22875539]" started-at="2025-12-30T11:16:37 IST" name="setUp" finished-at="2025-12-30T11:16:54 IST" duration-ms="17315" status="PASS">
          <params>
            <param index="0">
              <value>
                <![CDATA[Chrome]]>
              </value>
            </param>
          </params>
          <reporter-output>
          </reporter-output>
        </test-method> <!-- setUp -->
        <test-method signature="verifyElectronicsSubCategoryNavigation()[pri:6, instance:com.flipkart.testcases.HomePageTest@22875539]" started-at="2025-12-30T11:16:54 IST" name="verifyElectronicsSubCategoryNavigation" finished-at="2025-12-30T11:17:13 IST" duration-ms="18597" status="PASS">
          <reporter-output>
          </reporter-output>
        </test-method> <!-- verifyElectronicsSubCategoryNavigation -->
        <test-method is-config="true" signature="tearDown()[pri:0, instance:com.flipkart.testcases.HomePageTest@22875539]" started-at="2025-12-30T11:17:13 IST" name="tearDown" finished-at="2025-12-30T11:17:15 IST" duration-ms="2023" status="PASS">
          <reporter-output>
          </reporter-output>
        </test-method> <!-- tearDown -->
        <test-method is-config="true" signature="setUp(java.lang.String)[pri:0, instance:com.flipkart.testcases.HomePageTest@22875539]" started-at="2025-12-30T11:17:15 IST" name="setUp" finished-at="2025-12-30T11:17:35 IST" duration-ms="19949" status="PASS">
          <params>
            <param index="0">
              <value>
                <![CDATA[Chrome]]>
              </value>
            </param>
          </params>
          <reporter-output>
          </reporter-output>
        </test-method> <!-- setUp -->
        <test-method signature="verifyFurnitureSubCategoryNavigation()[pri:7, instance:com.flipkart.testcases.HomePageTest@22875539]" started-at="2025-12-30T11:17:35 IST" name="verifyFurnitureSubCategoryNavigation" finished-at="2025-12-30T11:18:00 IST" duration-ms="24832" status="PASS">
          <reporter-output>
          </reporter-output>
        </test-method> <!-- verifyFurnitureSubCategoryNavigation -->
        <test-method is-config="true" signature="tearDown()[pri:0, instance:com.flipkart.testcases.HomePageTest@22875539]" started-at="2025-12-30T11:18:00 IST" name="tearDown" finished-at="2025-12-30T11:18:00 IST" duration-ms="309" status="PASS">
          <reporter-output>
          </reporter-output>
        </test-method> <!-- tearDown -->
        <test-method is-config="true" signature="setUp(java.lang.String)[pri:0, instance:com.flipkart.testcases.HomePageTest@22875539]" started-at="2025-12-30T11:18:00 IST" name="setUp" finished-at="2025-12-30T11:18:23 IST" duration-ms="23221" status="PASS">
          <params>
            <param index="0">
              <value>
                <![CDATA[Chrome]]>
              </value>
            </param>
          </params>
          <reporter-output>
          </reporter-output>
        </test-method> <!-- setUp -->
        <test-method signature="verifyHomePageTitle()[pri:8, instance:com.flipkart.testcases.HomePageTest@22875539]" started-at="2025-12-30T11:18:23 IST" name="verifyHomePageTitle" finished-at="2025-12-30T11:18:23 IST" duration-ms="32" status="PASS">
          <reporter-output>
          </reporter-output>
        </test-method> <!-- verifyHomePageTitle -->
        <test-method is-config="true" signature="tearDown()[pri:0, instance:com.flipkart.testcases.HomePageTest@22875539]" started-at="2025-12-30T11:18:23 IST" name="tearDown" finished-at="2025-12-30T11:18:23 IST" duration-ms="275" status="PASS">
          <reporter-output>
          </reporter-output>
        </test-method> <!-- tearDown -->
        <test-method is-config="true" signature="setUp(java.lang.String)[pri:0, instance:com.flipkart.testcases.HomePageTest@22875539]" started-at="2025-12-30T11:18:23 IST" name="setUp" finished-at="2025-12-30T11:18:50 IST" duration-ms="26615" status="PASS">
          <params>
            <param index="0">
              <value>
                <![CDATA[Chrome]]>
              </value>
            </param>
          </params>
          <reporter-output>
          </reporter-output>
        </test-method> <!-- setUp -->
        <test-method signature="verifySearchBoxEnabled()[pri:9, instance:com.flipkart.testcases.HomePageTest@22875539]" started-at="2025-12-30T11:18:50 IST" name="verifySearchBoxEnabled" finished-at="2025-12-30T11:18:50 IST" duration-ms="73" status="PASS">
          <reporter-output>
          </reporter-output>
        </test-method> <!-- verifySearchBoxEnabled -->
        <test-method is-config="true" signature="tearDown()[pri:0, instance:com.flipkart.testcases.HomePageTest@22875539]" started-at="2025-12-30T11:18:50 IST" name="tearDown" finished-at="2025-12-30T11:18:50 IST" duration-ms="235" status="PASS">
          <reporter-output>
          </reporter-output>
        </test-method> <!-- tearDown -->
        <test-method is-config="true" signature="setUp(java.lang.String)[pri:0, instance:com.flipkart.testcases.HomePageTest@22875539]" started-at="2025-12-30T11:18:50 IST" name="setUp" finished-at="2025-12-30T11:19:04 IST" duration-ms="13870" status="PASS">
          <params>
            <param index="0">
              <value>
                <![CDATA[Chrome]]>
              </value>
            </param>
          </params>
          <reporter-output>
          </reporter-output>
        </test-method> <!-- setUp -->
        <test-method signature="verifycartIconVisible()[pri:10, instance:com.flipkart.testcases.HomePageTest@22875539]" started-at="2025-12-30T11:19:04 IST" name="verifycartIconVisible" finished-at="2025-12-30T11:19:05 IST" duration-ms="281" status="PASS">
          <reporter-output>
          </reporter-output>
        </test-method> <!-- verifycartIconVisible -->
        <test-method is-config="true" signature="tearDown()[pri:0, instance:com.flipkart.testcases.HomePageTest@22875539]" started-at="2025-12-30T11:19:05 IST" name="tearDown" finished-at="2025-12-30T11:19:05 IST" duration-ms="359" status="PASS">
          <reporter-output>
          </reporter-output>
        </test-method> <!-- tearDown -->
        <test-method is-config="true" signature="setUp(java.lang.String)[pri:0, instance:com.flipkart.testcases.HomePageTest@22875539]" started-at="2025-12-30T11:19:05 IST" name="setUp" finished-at="2025-12-30T11:19:19 IST" duration-ms="13888" status="PASS">
          <params>
            <param index="0">
              <value>
                <![CDATA[Chrome]]>
              </value>
            </param>
          </params>
          <reporter-output>
          </reporter-output>
        </test-method> <!-- setUp -->
        <test-method signature="verifyAbletoSerachProduct()[pri:11, instance:com.flipkart.testcases.HomePageTest@22875539]" started-at="2025-12-30T11:19:19 IST" name="verifyAbletoSerachProduct" finished-at="2025-12-30T11:19:26 IST" duration-ms="7183" status="PASS">
          <reporter-output>
          </reporter-output>
        </test-method> <!-- verifyAbletoSerachProduct -->
        <test-method is-config="true" signature="tearDown()[pri:0, instance:com.flipkart.testcases.HomePageTest@22875539]" started-at="2025-12-30T11:19:26 IST" name="tearDown" finished-at="2025-12-30T11:19:26 IST" duration-ms="252" status="PASS">
          <reporter-output>
          </reporter-output>
        </test-method> <!-- tearDown -->
      </class> <!-- com.flipkart.testcases.HomePageTest -->
      <class name="com.flipkart.testcases.ProductSearchUsingDDT">
        <test-method is-config="true" signature="setUp(java.lang.String)[pri:0, instance:com.flipkart.testcases.ProductSearchUsingDDT@25bfcafd]" started-at="2025-12-30T11:26:50 IST" name="setUp" finished-at="2025-12-30T11:26:59 IST" duration-ms="8340" status="PASS">
          <params>
            <param index="0">
              <value>
                <![CDATA[Chrome]]>
              </value>
            </param>
          </params>
          <reporter-output>
          </reporter-output>
        </test-method> <!-- setUp -->
        <test-method signature="verifySearchFunctionalityUsingDDT(java.lang.String)[pri:0, instance:com.flipkart.testcases.ProductSearchUsingDDT@25bfcafd]" started-at="2025-12-30T11:26:59 IST" name="verifySearchFunctionalityUsingDDT" data-provider="SearchData" finished-at="2025-12-30T11:27:04 IST" duration-ms="5737" status="PASS">
          <params>
            <param index="0">
              <value>
                <![CDATA[mobile]]>
              </value>
            </param>
          </params>
          <reporter-output>
          </reporter-output>
        </test-method> <!-- verifySearchFunctionalityUsingDDT -->
        <test-method is-config="true" signature="tearDown()[pri:0, instance:com.flipkart.testcases.ProductSearchUsingDDT@25bfcafd]" started-at="2025-12-30T11:27:04 IST" name="tearDown" finished-at="2025-12-30T11:27:05 IST" duration-ms="372" status="PASS">
          <reporter-output>
          </reporter-output>
        </test-method> <!-- tearDown -->
        <test-method is-config="true" signature="setUp(java.lang.String)[pri:0, instance:com.flipkart.testcases.ProductSearchUsingDDT@25bfcafd]" started-at="2025-12-30T11:27:05 IST" name="setUp" finished-at="2025-12-30T11:27:11 IST" duration-ms="5854" status="PASS">
          <params>
            <param index="0">
              <value>
                <![CDATA[Chrome]]>
              </value>
            </param>
          </params>
          <reporter-output>
          </reporter-output>
        </test-method> <!-- setUp -->
        <test-method signature="verifySearchFunctionalityUsingDDT(java.lang.String)[pri:0, instance:com.flipkart.testcases.ProductSearchUsingDDT@25bfcafd]" started-at="2025-12-30T11:27:11 IST" name="verifySearchFunctionalityUsingDDT" data-provider="SearchData" finished-at="2025-12-30T11:27:19 IST" duration-ms="8602" status="PASS">
          <params>
            <param index="0">
              <value>
                <![CDATA[laptop]]>
              </value>
            </param>
          </params>
          <reporter-output>
          </reporter-output>
        </test-method> <!-- verifySearchFunctionalityUsingDDT -->
        <test-method is-config="true" signature="tearDown()[pri:0, instance:com.flipkart.testcases.ProductSearchUsingDDT@25bfcafd]" started-at="2025-12-30T11:27:19 IST" name="tearDown" finished-at="2025-12-30T11:27:20 IST" duration-ms="593" status="PASS">
          <reporter-output>
          </reporter-output>
        </test-method> <!-- tearDown -->
        <test-method is-config="true" signature="setUp(java.lang.String)[pri:0, instance:com.flipkart.testcases.ProductSearchUsingDDT@25bfcafd]" started-at="2025-12-30T11:27:20 IST" name="setUp" finished-at="2025-12-30T11:27:28 IST" duration-ms="7727" status="PASS">
          <params>
            <param index="0">
              <value>
                <![CDATA[Chrome]]>
              </value>
            </param>
          </params>
          <reporter-output>
          </reporter-output>
        </test-method> <!-- setUp -->
        <test-method signature="verifySearchFunctionalityUsingDDT(java.lang.String)[pri:0, instance:com.flipkart.testcases.ProductSearchUsingDDT@25bfcafd]" started-at="2025-12-30T11:27:28 IST" name="verifySearchFunctionalityUsingDDT" data-provider="SearchData" finished-at="2025-12-30T11:27:34 IST" duration-ms="6925" status="PASS">
          <params>
            <param index="0">
              <value>
                <![CDATA[tshirt]]>
              </value>
            </param>
          </params>
          <reporter-output>
          </reporter-output>
        </test-method> <!-- verifySearchFunctionalityUsingDDT -->
        <test-method is-config="true" signature="tearDown()[pri:0, instance:com.flipkart.testcases.ProductSearchUsingDDT@25bfcafd]" started-at="2025-12-30T11:27:34 IST" name="tearDown" finished-at="2025-12-30T11:27:35 IST" duration-ms="392" status="PASS">
          <reporter-output>
          </reporter-output>
        </test-method> <!-- tearDown -->
        <test-method is-config="true" signature="setUp(java.lang.String)[pri:0, instance:com.flipkart.testcases.ProductSearchUsingDDT@25bfcafd]" started-at="2025-12-30T11:27:35 IST" name="setUp" finished-at="2025-12-30T11:27:40 IST" duration-ms="5421" status="PASS">
          <params>
            <param index="0">
              <value>
                <![CDATA[Chrome]]>
              </value>
            </param>
          </params>
          <reporter-output>
          </reporter-output>
        </test-method> <!-- setUp -->
        <test-method signature="verifySearchFunctionalityUsingDDT(java.lang.String)[pri:0, instance:com.flipkart.testcases.ProductSearchUsingDDT@25bfcafd]" started-at="2025-12-30T11:27:40 IST" name="verifySearchFunctionalityUsingDDT" data-provider="SearchData" finished-at="2025-12-30T11:27:47 IST" duration-ms="6767" status="PASS">
          <params>
            <param index="0">
              <value>
                <![CDATA[jeans]]>
              </value>
            </param>
          </params>
          <reporter-output>
          </reporter-output>
        </test-method> <!-- verifySearchFunctionalityUsingDDT -->
        <test-method is-config="true" signature="tearDown()[pri:0, instance:com.flipkart.testcases.ProductSearchUsingDDT@25bfcafd]" started-at="2025-12-30T11:27:47 IST" name="tearDown" finished-at="2025-12-30T11:27:47 IST" duration-ms="377" status="PASS">
          <reporter-output>
          </reporter-output>
        </test-method> <!-- tearDown -->
        <test-method is-config="true" signature="setUp(java.lang.String)[pri:0, instance:com.flipkart.testcases.ProductSearchUsingDDT@25bfcafd]" started-at="2025-12-30T11:27:47 IST" name="setUp" finished-at="2025-12-30T11:27:54 IST" duration-ms="6359" status="PASS">
          <params>
            <param index="0">
              <value>
                <![CDATA[Chrome]]>
              </value>
            </param>
          </params>
          <reporter-output>
          </reporter-output>
        </test-method> <!-- setUp -->
        <test-method signature="verifySearchFunctionalityUsingDDT(java.lang.String)[pri:0, instance:com.flipkart.testcases.ProductSearchUsingDDT@25bfcafd]" started-at="2025-12-30T11:27:54 IST" name="verifySearchFunctionalityUsingDDT" data-provider="SearchData" finished-at="2025-12-30T11:28:12 IST" duration-ms="17707" status="PASS">
          <params>
            <param index="0">
              <value>
                <![CDATA[furniture]]>
              </value>
            </param>
          </params>
          <reporter-output>
          </reporter-output>
        </test-method> <!-- verifySearchFunctionalityUsingDDT -->
        <test-method is-config="true" signature="tearDown()[pri:0, instance:com.flipkart.testcases.ProductSearchUsingDDT@25bfcafd]" started-at="2025-12-30T11:28:12 IST" name="tearDown" finished-at="2025-12-30T11:28:12 IST" duration-ms="378" status="PASS">
          <reporter-output>
          </reporter-output>
        </test-method> <!-- tearDown -->
        <test-method is-config="true" signature="setUp(java.lang.String)[pri:0, instance:com.flipkart.testcases.ProductSearchUsingDDT@25bfcafd]" started-at="2025-12-30T11:28:12 IST" name="setUp" finished-at="2025-12-30T11:28:25 IST" duration-ms="13103" status="PASS">
          <params>
            <param index="0">
              <value>
                <![CDATA[Chrome]]>
              </value>
            </param>
          </params>
          <reporter-output>
          </reporter-output>
        </test-method> <!-- setUp -->
        <test-method signature="verifySearchFunctionalityUsingDDT(java.lang.String)[pri:0, instance:com.flipkart.testcases.ProductSearchUsingDDT@25bfcafd]" started-at="2025-12-30T11:28:25 IST" name="verifySearchFunctionalityUsingDDT" data-provider="SearchData" finished-at="2025-12-30T11:28:32 IST" duration-ms="7270" status="PASS">
          <params>
            <param index="0">
              <value>
                <![CDATA[Fastrack]]>
              </value>
            </param>
          </params>
          <reporter-output>
          </reporter-output>
        </test-method> <!-- verifySearchFunctionalityUsingDDT -->
        <test-method is-config="true" signature="tearDown()[pri:0, instance:com.flipkart.testcases.ProductSearchUsingDDT@25bfcafd]" started-at="2025-12-30T11:28:32 IST" name="tearDown" finished-at="2025-12-30T11:28:33 IST" duration-ms="426" status="PASS">
          <reporter-output>
          </reporter-output>
        </test-method> <!-- tearDown -->
        <test-method is-config="true" signature="setUp(java.lang.String)[pri:0, instance:com.flipkart.testcases.ProductSearchUsingDDT@25bfcafd]" started-at="2025-12-30T11:28:33 IST" name="setUp" finished-at="2025-12-30T11:28:40 IST" duration-ms="7142" status="PASS">
          <params>
            <param index="0">
              <value>
                <![CDATA[Chrome]]>
              </value>
            </param>
          </params>
          <reporter-output>
          </reporter-output>
        </test-method> <!-- setUp -->
        <test-method signature="verifySearchFunctionalityUsingDDT(java.lang.String)[pri:0, instance:com.flipkart.testcases.ProductSearchUsingDDT@25bfcafd]" started-at="2025-12-30T11:28:40 IST" name="verifySearchFunctionalityUsingDDT" data-provider="SearchData" finished-at="2025-12-30T11:28:47 IST" duration-ms="7073" status="PASS">
          <params>
            <param index="0">
              <value>
                <![CDATA[Wallets]]>
              </value>
            </param>
          </params>
          <reporter-output>
          </reporter-output>
        </test-method> <!-- verifySearchFunctionalityUsingDDT -->
        <test-method is-config="true" signature="tearDown()[pri:0, instance:com.flipkart.testcases.ProductSearchUsingDDT@25bfcafd]" started-at="2025-12-30T11:28:47 IST" name="tearDown" finished-at="2025-12-30T11:28:47 IST" duration-ms="425" status="PASS">
          <reporter-output>
          </reporter-output>
        </test-method> <!-- tearDown -->
      </class> <!-- com.flipkart.testcases.ProductSearchUsingDDT -->
      <class name="com.flipkart.testcases.LoginPageTest">
        <test-method is-config="true" signature="setUp(java.lang.String)[pri:0, instance:com.flipkart.testcases.LoginPageTest@4b6690c0]" started-at="2025-12-30T11:28:47 IST" name="setUp" finished-at="2025-12-30T11:28:54 IST" duration-ms="7120" status="PASS">
          <params>
            <param index="0">
              <value>
                <![CDATA[Chrome]]>
              </value>
            </param>
          </params>
          <reporter-output>
          </reporter-output>
        </test-method> <!-- setUp -->
        <test-method signature="verifyLoginButtonDisplayed()[pri:1, instance:com.flipkart.testcases.LoginPageTest@4b6690c0]" started-at="2025-12-30T11:28:54 IST" name="verifyLoginButtonDisplayed" finished-at="2025-12-30T11:28:55 IST" duration-ms="215" status="PASS">
          <reporter-output>
          </reporter-output>
        </test-method> <!-- verifyLoginButtonDisplayed -->
        <test-method is-config="true" signature="tearDown()[pri:0, instance:com.flipkart.testcases.LoginPageTest@4b6690c0]" started-at="2025-12-30T11:28:55 IST" name="tearDown" finished-at="2025-12-30T11:28:55 IST" duration-ms="387" status="PASS">
          <reporter-output>
          </reporter-output>
        </test-method> <!-- tearDown -->
        <test-method is-config="true" signature="setUp(java.lang.String)[pri:0, instance:com.flipkart.testcases.LoginPageTest@4b6690c0]" started-at="2025-12-30T11:28:55 IST" name="setUp" finished-at="2025-12-30T11:29:03 IST" duration-ms="8138" status="PASS">
          <params>
            <param index="0">
              <value>
                <![CDATA[Chrome]]>
              </value>
            </param>
          </params>
          <reporter-output>
          </reporter-output>
        </test-method> <!-- setUp -->
        <test-method signature="verifyUsernameTextboxDisplayed()[pri:2, instance:com.flipkart.testcases.LoginPageTest@4b6690c0]" started-at="2025-12-30T11:29:03 IST" name="verifyUsernameTextboxDisplayed" finished-at="2025-12-30T11:29:09 IST" duration-ms="6104" status="PASS">
          <reporter-output>
          </reporter-output>
        </test-method> <!-- verifyUsernameTextboxDisplayed -->
        <test-method is-config="true" signature="tearDown()[pri:0, instance:com.flipkart.testcases.LoginPageTest@4b6690c0]" started-at="2025-12-30T11:29:09 IST" name="tearDown" finished-at="2025-12-30T11:29:10 IST" duration-ms="508" status="PASS">
          <reporter-output>
          </reporter-output>
        </test-method> <!-- tearDown -->
        <test-method is-config="true" signature="setUp(java.lang.String)[pri:0, instance:com.flipkart.testcases.LoginPageTest@4b6690c0]" started-at="2025-12-30T11:29:10 IST" name="setUp" finished-at="2025-12-30T11:29:20 IST" duration-ms="10007" status="PASS">
          <params>
            <param index="0">
              <value>
                <![CDATA[Chrome]]>
              </value>
            </param>
          </params>
          <reporter-output>
          </reporter-output>
        </test-method> <!-- setUp -->
        <test-method signature="verifyUsernameTextboxEnabled()[pri:3, instance:com.flipkart.testcases.LoginPageTest@4b6690c0]" started-at="2025-12-30T11:29:20 IST" name="verifyUsernameTextboxEnabled" finished-at="2025-12-30T11:29:28 IST" duration-ms="8194" status="PASS">
          <reporter-output>
          </reporter-output>
        </test-method> <!-- verifyUsernameTextboxEnabled -->
        <test-method is-config="true" signature="tearDown()[pri:0, instance:com.flipkart.testcases.LoginPageTest@4b6690c0]" started-at="2025-12-30T11:29:28 IST" name="tearDown" finished-at="2025-12-30T11:29:29 IST" duration-ms="658" status="PASS">
          <reporter-output>
          </reporter-output>
        </test-method> <!-- tearDown -->
        <test-method is-config="true" signature="setUp(java.lang.String)[pri:0, instance:com.flipkart.testcases.LoginPageTest@4b6690c0]" started-at="2025-12-30T11:29:29 IST" name="setUp" finished-at="2025-12-30T11:29:41 IST" duration-ms="11940" status="PASS">
          <params>
            <param index="0">
              <value>
                <![CDATA[Chrome]]>
              </value>
            </param>
          </params>
          <reporter-output>
          </reporter-output>
        </test-method> <!-- setUp -->
        <test-method signature="verifyPlaceholderTextDisplayed()[pri:4, instance:com.flipkart.testcases.LoginPageTest@4b6690c0]" started-at="2025-12-30T11:29:41 IST" name="verifyPlaceholderTextDisplayed" finished-at="2025-12-30T11:29:45 IST" duration-ms="4339" status="PASS">
          <reporter-output>
          </reporter-output>
        </test-method> <!-- verifyPlaceholderTextDisplayed -->
        <test-method is-config="true" signature="tearDown()[pri:0, instance:com.flipkart.testcases.LoginPageTest@4b6690c0]" started-at="2025-12-30T11:29:45 IST" name="tearDown" finished-at="2025-12-30T11:29:45 IST" duration-ms="530" status="PASS">
          <reporter-output>
          </reporter-output>
        </test-method> <!-- tearDown -->
        <test-method is-config="true" signature="setUp(java.lang.String)[pri:0, instance:com.flipkart.testcases.LoginPageTest@4b6690c0]" started-at="2025-12-30T11:29:45 IST" name="setUp" finished-at="2025-12-30T11:29:53 IST" duration-ms="7368" status="PASS">
          <params>
            <param index="0">
              <value>
                <![CDATA[Chrome]]>
              </value>
            </param>
          </params>
          <reporter-output>
          </reporter-output>
        </test-method> <!-- setUp -->
        <test-method signature="verifyTermsOfUseNaviagtion()[pri:5, instance:com.flipkart.testcases.LoginPageTest@4b6690c0]" started-at="2025-12-30T11:29:53 IST" name="verifyTermsOfUseNaviagtion" finished-at="2025-12-30T11:30:00 IST" duration-ms="6692" status="PASS">
          <reporter-output>
          </reporter-output>
        </test-method> <!-- verifyTermsOfUseNaviagtion -->
        <test-method is-config="true" signature="tearDown()[pri:0, instance:com.flipkart.testcases.LoginPageTest@4b6690c0]" started-at="2025-12-30T11:30:00 IST" name="tearDown" finished-at="2025-12-30T11:30:00 IST" duration-ms="876" status="PASS">
          <reporter-output>
          </reporter-output>
        </test-method> <!-- tearDown -->
        <test-method is-config="true" signature="setUp(java.lang.String)[pri:0, instance:com.flipkart.testcases.LoginPageTest@4b6690c0]" started-at="2025-12-30T11:30:00 IST" name="setUp" finished-at="2025-12-30T11:30:10 IST" duration-ms="9906" status="PASS">
          <params>
            <param index="0">
              <value>
                <![CDATA[Chrome]]>
              </value>
            </param>
          </params>
          <reporter-output>
          </reporter-output>
        </test-method> <!-- setUp -->
        <test-method signature="verifyPrivacyPolicyNaviagtion()[pri:6, instance:com.flipkart.testcases.LoginPageTest@4b6690c0]" started-at="2025-12-30T11:30:10 IST" name="verifyPrivacyPolicyNaviagtion" finished-at="2025-12-30T11:30:16 IST" duration-ms="6155" status="PASS">
          <reporter-output>
          </reporter-output>
        </test-method> <!-- verifyPrivacyPolicyNaviagtion -->
        <test-method is-config="true" signature="tearDown()[pri:0, instance:com.flipkart.testcases.LoginPageTest@4b6690c0]" started-at="2025-12-30T11:30:16 IST" name="tearDown" finished-at="2025-12-30T11:30:17 IST" duration-ms="541" status="PASS">
          <reporter-output>
          </reporter-output>
        </test-method> <!-- tearDown -->
        <test-method is-config="true" signature="setUp(java.lang.String)[pri:0, instance:com.flipkart.testcases.LoginPageTest@4b6690c0]" started-at="2025-12-30T11:30:17 IST" name="setUp" finished-at="2025-12-30T11:30:28 IST" duration-ms="10769" status="PASS">
          <params>
            <param index="0">
              <value>
                <![CDATA[Chrome]]>
              </value>
            </param>
          </params>
          <reporter-output>
          </reporter-output>
        </test-method> <!-- setUp -->
        <test-method signature="verifyCreateNewUserLinkVisible()[pri:7, instance:com.flipkart.testcases.LoginPageTest@4b6690c0]" started-at="2025-12-30T11:30:28 IST" name="verifyCreateNewUserLinkVisible" finished-at="2025-12-30T11:30:32 IST" duration-ms="4364" status="PASS">
          <reporter-output>
          </reporter-output>
        </test-method> <!-- verifyCreateNewUserLinkVisible -->
        <test-method is-config="true" signature="tearDown()[pri:0, instance:com.flipkart.testcases.LoginPageTest@4b6690c0]" started-at="2025-12-30T11:30:32 IST" name="tearDown" finished-at="2025-12-30T11:30:33 IST" duration-ms="572" status="PASS">
          <reporter-output>
          </reporter-output>
        </test-method> <!-- tearDown -->
        <test-method is-config="true" signature="setUp(java.lang.String)[pri:0, instance:com.flipkart.testcases.LoginPageTest@4b6690c0]" started-at="2025-12-30T11:30:33 IST" name="setUp" finished-at="2025-12-30T11:30:41 IST" duration-ms="8413" status="PASS">
          <params>
            <param index="0">
              <value>
                <![CDATA[Chrome]]>
              </value>
            </param>
          </params>
          <reporter-output>
          </reporter-output>
        </test-method> <!-- setUp -->
        <test-method signature="verifyCreateNewUserLinkEnabled()[pri:8, instance:com.flipkart.testcases.LoginPageTest@4b6690c0]" started-at="2025-12-30T11:30:41 IST" name="verifyCreateNewUserLinkEnabled" finished-at="2025-12-30T11:30:44 IST" duration-ms="3233" status="PASS">
          <reporter-output>
          </reporter-output>
        </test-method> <!-- verifyCreateNewUserLinkEnabled -->
        <test-method is-config="true" signature="tearDown()[pri:0, instance:com.flipkart.testcases.LoginPageTest@4b6690c0]" started-at="2025-12-30T11:30:44 IST" name="tearDown" finished-at="2025-12-30T11:30:45 IST" duration-ms="533" status="PASS">
          <reporter-output>
          </reporter-output>
        </test-method> <!-- tearDown -->
        <test-method is-config="true" signature="setUp(java.lang.String)[pri:0, instance:com.flipkart.testcases.LoginPageTest@4b6690c0]" started-at="2025-12-30T11:30:45 IST" name="setUp" finished-at="2025-12-30T11:30:52 IST" duration-ms="7107" status="PASS">
          <params>
            <param index="0">
              <value>
                <![CDATA[Chrome]]>
              </value>
            </param>
          </params>
          <reporter-output>
          </reporter-output>
        </test-method> <!-- setUp -->
        <test-method signature="verifyUserLogin()[pri:9, instance:com.flipkart.testcases.LoginPageTest@4b6690c0]" started-at="2025-12-30T11:30:52 IST" name="verifyUserLogin" finished-at="2025-12-30T11:31:03 IST" duration-ms="11176" status="PASS">
          <reporter-output>
          </reporter-output>
        </test-method> <!-- verifyUserLogin -->
        <test-method is-config="true" signature="tearDown()[pri:0, instance:com.flipkart.testcases.LoginPageTest@4b6690c0]" started-at="2025-12-30T11:31:03 IST" name="tearDown" finished-at="2025-12-30T11:31:05 IST" duration-ms="1817" status="PASS">
          <reporter-output>
          </reporter-output>
        </test-method> <!-- tearDown -->
        <test-method is-config="true" signature="setUp(java.lang.String)[pri:0, instance:com.flipkart.testcases.LoginPageTest@4b6690c0]" started-at="2025-12-30T11:31:05 IST" name="setUp" finished-at="2025-12-30T11:31:14 IST" duration-ms="9302" status="PASS">
          <params>
            <param index="0">
              <value>
                <![CDATA[Chrome]]>
              </value>
            </param>
          </params>
          <reporter-output>
          </reporter-output>
        </test-method> <!-- setUp -->
        <test-method signature="verifyCreateNewUserLinkNavigation()[pri:10, instance:com.flipkart.testcases.LoginPageTest@4b6690c0]" started-at="2025-12-30T11:31:14 IST" name="verifyCreateNewUserLinkNavigation" finished-at="2025-12-30T11:31:24 IST" duration-ms="9734" status="PASS">
          <reporter-output>
          </reporter-output>
        </test-method> <!-- verifyCreateNewUserLinkNavigation -->
        <test-method is-config="true" signature="tearDown()[pri:0, instance:com.flipkart.testcases.LoginPageTest@4b6690c0]" started-at="2025-12-30T11:31:24 IST" name="tearDown" finished-at="2025-12-30T11:31:25 IST" duration-ms="1192" status="PASS">
          <reporter-output>
          </reporter-output>
        </test-method> <!-- tearDown -->
      </class> <!-- com.flipkart.testcases.LoginPageTest -->
      <class name="com.flipkart.testcases.SearchResultFilterTest">
        <test-method is-config="true" signature="setUp(java.lang.String)[pri:0, instance:com.flipkart.testcases.SearchResultFilterTest@7203c7ff]" started-at="2025-12-30T11:22:58 IST" name="setUp" finished-at="2025-12-30T11:23:12 IST" duration-ms="13508" status="PASS">
          <params>
            <param index="0">
              <value>
                <![CDATA[Chrome]]>
              </value>
            </param>
          </params>
          <reporter-output>
          </reporter-output>
        </test-method> <!-- setUp -->
        <test-method signature="verifyDefaultSorting()[pri:1, instance:com.flipkart.testcases.SearchResultFilterTest@7203c7ff]" started-at="2025-12-30T11:23:12 IST" name="verifyDefaultSorting" finished-at="2025-12-30T11:23:20 IST" duration-ms="7995" status="PASS">
          <reporter-output>
          </reporter-output>
        </test-method> <!-- verifyDefaultSorting -->
        <test-method is-config="true" signature="tearDown()[pri:0, instance:com.flipkart.testcases.SearchResultFilterTest@7203c7ff]" started-at="2025-12-30T11:23:20 IST" name="tearDown" finished-at="2025-12-30T11:23:20 IST" duration-ms="283" status="PASS">
          <reporter-output>
          </reporter-output>
        </test-method> <!-- tearDown -->
        <test-method is-config="true" signature="setUp(java.lang.String)[pri:0, instance:com.flipkart.testcases.SearchResultFilterTest@7203c7ff]" started-at="2025-12-30T11:23:20 IST" name="setUp" finished-at="2025-12-30T11:23:35 IST" duration-ms="15338" status="PASS">
          <params>
            <param index="0">
              <value>
                <![CDATA[Chrome]]>
              </value>
            </param>
          </params>
          <reporter-output>
          </reporter-output>
        </test-method> <!-- setUp -->
        <test-method signature="verifyResultCountIsDisplayed()[pri:2, instance:com.flipkart.testcases.SearchResultFilterTest@7203c7ff]" started-at="2025-12-30T11:23:35 IST" name="verifyResultCountIsDisplayed" finished-at="2025-12-30T11:23:45 IST" duration-ms="10283" status="PASS">
          <reporter-output>
          </reporter-output>
        </test-method> <!-- verifyResultCountIsDisplayed -->
        <test-method is-config="true" signature="tearDown()[pri:0, instance:com.flipkart.testcases.SearchResultFilterTest@7203c7ff]" started-at="2025-12-30T11:23:45 IST" name="tearDown" finished-at="2025-12-30T11:23:46 IST" duration-ms="256" status="PASS">
          <reporter-output>
          </reporter-output>
        </test-method> <!-- tearDown -->
        <test-method is-config="true" signature="setUp(java.lang.String)[pri:0, instance:com.flipkart.testcases.SearchResultFilterTest@7203c7ff]" started-at="2025-12-30T11:23:46 IST" name="setUp" finished-at="2025-12-30T11:24:07 IST" duration-ms="21338" status="PASS">
          <params>
            <param index="0">
              <value>
                <![CDATA[Chrome]]>
              </value>
            </param>
          </params>
          <reporter-output>
          </reporter-output>
        </test-method> <!-- setUp -->
        <test-method signature="verifySortByReleveance()[pri:3, instance:com.flipkart.testcases.SearchResultFilterTest@7203c7ff]" started-at="2025-12-30T11:24:07 IST" name="verifySortByReleveance" finished-at="2025-12-30T11:24:29 IST" duration-ms="21897" status="PASS">
          <reporter-output>
          </reporter-output>
        </test-method> <!-- verifySortByReleveance -->
        <test-method is-config="true" signature="tearDown()[pri:0, instance:com.flipkart.testcases.SearchResultFilterTest@7203c7ff]" started-at="2025-12-30T11:24:29 IST" name="tearDown" finished-at="2025-12-30T11:24:29 IST" duration-ms="269" status="PASS">
          <reporter-output>
          </reporter-output>
        </test-method> <!-- tearDown -->
        <test-method is-config="true" signature="setUp(java.lang.String)[pri:0, instance:com.flipkart.testcases.SearchResultFilterTest@7203c7ff]" started-at="2025-12-30T11:24:29 IST" name="setUp" finished-at="2025-12-30T11:24:49 IST" duration-ms="19279" status="PASS">
          <params>
            <param index="0">
              <value>
                <![CDATA[Chrome]]>
              </value>
            </param>
          </params>
          <reporter-output>
          </reporter-output>
        </test-method> <!-- setUp -->
        <test-method signature="verifyProductCountRemainsSameAfterSortByReleveance()[pri:4, instance:com.flipkart.testcases.SearchResultFilterTest@7203c7ff]" started-at="2025-12-30T11:24:49 IST" name="verifyProductCountRemainsSameAfterSortByReleveance" finished-at="2025-12-30T11:25:04 IST" duration-ms="15963" status="PASS">
          <reporter-output>
          </reporter-output>
        </test-method> <!-- verifyProductCountRemainsSameAfterSortByReleveance -->
        <test-method is-config="true" signature="tearDown()[pri:0, instance:com.flipkart.testcases.SearchResultFilterTest@7203c7ff]" started-at="2025-12-30T11:25:04 IST" name="tearDown" finished-at="2025-12-30T11:25:05 IST" duration-ms="257" status="PASS">
          <reporter-output>
          </reporter-output>
        </test-method> <!-- tearDown -->
        <test-method is-config="true" signature="setUp(java.lang.String)[pri:0, instance:com.flipkart.testcases.SearchResultFilterTest@7203c7ff]" started-at="2025-12-30T11:25:05 IST" name="setUp" finished-at="2025-12-30T11:25:16 IST" duration-ms="11459" status="PASS">
          <params>
            <param index="0">
              <value>
                <![CDATA[Chrome]]>
              </value>
            </param>
          </params>
          <reporter-output>
          </reporter-output>
        </test-method> <!-- setUp -->
        <test-method signature="verifySortByPopularity()[pri:5, instance:com.flipkart.testcases.SearchResultFilterTest@7203c7ff]" started-at="2025-12-30T11:25:16 IST" name="verifySortByPopularity" finished-at="2025-12-30T11:25:26 IST" duration-ms="9576" status="PASS">
          <reporter-output>
          </reporter-output>
        </test-method> <!-- verifySortByPopularity -->
        <test-method is-config="true" signature="tearDown()[pri:0, instance:com.flipkart.testcases.SearchResultFilterTest@7203c7ff]" started-at="2025-12-30T11:25:26 IST" name="tearDown" finished-at="2025-12-30T11:25:26 IST" duration-ms="249" status="PASS">
          <reporter-output>
          </reporter-output>
        </test-method> <!-- tearDown -->
        <test-method is-config="true" signature="setUp(java.lang.String)[pri:0, instance:com.flipkart.testcases.SearchResultFilterTest@7203c7ff]" started-at="2025-12-30T11:25:26 IST" name="setUp" finished-at="2025-12-30T11:25:40 IST" duration-ms="13558" status="PASS">
          <params>
            <param index="0">
              <value>
                <![CDATA[Chrome]]>
              </value>
            </param>
          </params>
          <reporter-output>
          </reporter-output>
        </test-method> <!-- setUp -->
        <test-method signature="verifySortByPriceLowToHigh()[pri:6, instance:com.flipkart.testcases.SearchResultFilterTest@7203c7ff]" started-at="2025-12-30T11:25:40 IST" name="verifySortByPriceLowToHigh" finished-at="2025-12-30T11:25:56 IST" duration-ms="16090" status="PASS">
          <reporter-output>
          </reporter-output>
        </test-method> <!-- verifySortByPriceLowToHigh -->
        <test-method is-config="true" signature="tearDown()[pri:0, instance:com.flipkart.testcases.SearchResultFilterTest@7203c7ff]" started-at="2025-12-30T11:25:56 IST" name="tearDown" finished-at="2025-12-30T11:25:56 IST" duration-ms="803" status="PASS">
          <reporter-output>
          </reporter-output>
        </test-method> <!-- tearDown -->
        <test-method is-config="true" signature="setUp(java.lang.String)[pri:0, instance:com.flipkart.testcases.SearchResultFilterTest@7203c7ff]" started-at="2025-12-30T11:25:56 IST" name="setUp" finished-at="2025-12-30T11:26:04 IST" duration-ms="7044" status="PASS">
          <params>
            <param index="0">
              <value>
                <![CDATA[Chrome]]>
              </value>
            </param>
          </params>
          <reporter-output>
          </reporter-output>
        </test-method> <!-- setUp -->
        <test-method signature="verifySortByNewestFirst()[pri:7, instance:com.flipkart.testcases.SearchResultFilterTest@7203c7ff]" started-at="2025-12-30T11:26:04 IST" name="verifySortByNewestFirst" finished-at="2025-12-30T11:26:12 IST" duration-ms="8768" status="PASS">
          <reporter-output>
          </reporter-output>
        </test-method> <!-- verifySortByNewestFirst -->
        <test-method is-config="true" signature="tearDown()[pri:0, instance:com.flipkart.testcases.SearchResultFilterTest@7203c7ff]" started-at="2025-12-30T11:26:12 IST" name="tearDown" finished-at="2025-12-30T11:26:13 IST" duration-ms="641" status="PASS">
          <reporter-output>
          </reporter-output>
        </test-method> <!-- tearDown -->
        <test-method is-config="true" signature="setUp(java.lang.String)[pri:0, instance:com.flipkart.testcases.SearchResultFilterTest@7203c7ff]" started-at="2025-12-30T11:26:13 IST" name="setUp" finished-at="2025-12-30T11:26:21 IST" duration-ms="7798" status="PASS">
          <params>
            <param index="0">
              <value>
                <![CDATA[Chrome]]>
              </value>
            </param>
          </params>
          <reporter-output>
          </reporter-output>
        </test-method> <!-- setUp -->
        <test-method signature="verifyMultipleSortOperations()[pri:9, instance:com.flipkart.testcases.SearchResultFilterTest@7203c7ff]" started-at="2025-12-30T11:26:21 IST" name="verifyMultipleSortOperations" finished-at="2025-12-30T11:26:30 IST" duration-ms="8891" status="PASS">
          <reporter-output>
          </reporter-output>
        </test-method> <!-- verifyMultipleSortOperations -->
        <test-method is-config="true" signature="tearDown()[pri:0, instance:com.flipkart.testcases.SearchResultFilterTest@7203c7ff]" started-at="2025-12-30T11:26:30 IST" name="tearDown" finished-at="2025-12-30T11:26:30 IST" duration-ms="365" status="PASS">
          <reporter-output>
          </reporter-output>
        </test-method> <!-- tearDown -->
        <test-method is-config="true" signature="setUp(java.lang.String)[pri:0, instance:com.flipkart.testcases.SearchResultFilterTest@7203c7ff]" started-at="2025-12-30T11:26:30 IST" name="setUp" finished-at="2025-12-30T11:26:38 IST" duration-ms="8181" status="PASS">
          <params>
            <param index="0">
              <value>
                <![CDATA[Chrome]]>
              </value>
            </param>
          </params>
          <reporter-output>
          </reporter-output>
        </test-method> <!-- setUp -->
        <test-method signature="verifyProductSearchWithSecondSuggestionText()[pri:10, instance:com.flipkart.testcases.SearchResultFilterTest@7203c7ff]" started-at="2025-12-30T11:26:38 IST" name="verifyProductSearchWithSecondSuggestionText" finished-at="2025-12-30T11:26:48 IST" duration-ms="9908" status="PASS">
          <reporter-output>
          </reporter-output>
        </test-method> <!-- verifyProductSearchWithSecondSuggestionText -->
        <test-method is-config="true" signature="tearDown()[pri:0, instance:com.flipkart.testcases.SearchResultFilterTest@7203c7ff]" started-at="2025-12-30T11:26:48 IST" name="tearDown" finished-at="2025-12-30T11:26:48 IST" duration-ms="367" status="PASS">
          <reporter-output>
          </reporter-output>
        </test-method> <!-- tearDown -->
      </class> <!-- com.flipkart.testcases.SearchResultFilterTest -->
      <class name="com.flipkart.testcases.AddToCartTest">
        <test-method is-config="true" signature="setUp(java.lang.String)[pri:0, instance:com.flipkart.testcases.AddToCartTest@46268f08]" started-at="2025-12-30T11:31:25 IST" name="setUp" finished-at="2025-12-30T11:31:37 IST" duration-ms="11647" status="PASS">
          <params>
            <param index="0">
              <value>
                <![CDATA[Chrome]]>
              </value>
            </param>
          </params>
          <reporter-output>
          </reporter-output>
        </test-method> <!-- setUp -->
        <test-method signature="verifyAddToCartFunctionality()[pri:1, instance:com.flipkart.testcases.AddToCartTest@46268f08]" started-at="2025-12-30T11:31:37 IST" name="verifyAddToCartFunctionality" finished-at="2025-12-30T11:31:57 IST" duration-ms="20002" status="PASS">
          <reporter-output>
          </reporter-output>
        </test-method> <!-- verifyAddToCartFunctionality -->
        <test-method is-config="true" signature="tearDown()[pri:0, instance:com.flipkart.testcases.AddToCartTest@46268f08]" started-at="2025-12-30T11:31:57 IST" name="tearDown" finished-at="2025-12-30T11:31:57 IST" duration-ms="593" status="PASS">
          <reporter-output>
          </reporter-output>
        </test-method> <!-- tearDown -->
        <test-method is-config="true" signature="setUp(java.lang.String)[pri:0, instance:com.flipkart.testcases.AddToCartTest@46268f08]" started-at="2025-12-30T11:31:57 IST" name="setUp" finished-at="2025-12-30T11:32:13 IST" duration-ms="15654" status="PASS">
          <params>
            <param index="0">
              <value>
                <![CDATA[Chrome]]>
              </value>
            </param>
          </params>
          <reporter-output>
          </reporter-output>
        </test-method> <!-- setUp -->
        <test-method signature="verifyAddToCartFunctionalityWithBuyNowOption()[pri:2, instance:com.flipkart.testcases.AddToCartTest@46268f08]" started-at="2025-12-30T11:32:13 IST" name="verifyAddToCartFunctionalityWithBuyNowOption" finished-at="2025-12-30T11:32:30 IST" duration-ms="16867" status="PASS">
          <reporter-output>
          </reporter-output>
        </test-method> <!-- verifyAddToCartFunctionalityWithBuyNowOption -->
        <test-method is-config="true" signature="tearDown()[pri:0, instance:com.flipkart.testcases.AddToCartTest@46268f08]" started-at="2025-12-30T11:32:30 IST" name="tearDown" finished-at="2025-12-30T11:32:30 IST" duration-ms="439" status="PASS">
          <reporter-output>
          </reporter-output>
        </test-method> <!-- tearDown -->
      </class> <!-- com.flipkart.testcases.AddToCartTest -->
      <class name="com.flipkart.testcases.ProductSearchTest">
        <test-method is-config="true" signature="setUp(java.lang.String)[pri:0, instance:com.flipkart.testcases.ProductSearchTest@1852a3ff]" started-at="2025-12-30T11:19:26 IST" name="setUp" finished-at="2025-12-30T11:19:41 IST" duration-ms="15033" status="PASS">
          <params>
            <param index="0">
              <value>
                <![CDATA[Chrome]]>
              </value>
            </param>
          </params>
          <reporter-output>
          </reporter-output>
        </test-method> <!-- setUp -->
        <test-method signature="verifyValidProductSearch()[pri:1, instance:com.flipkart.testcases.ProductSearchTest@1852a3ff]" started-at="2025-12-30T11:19:41 IST" name="verifyValidProductSearch" finished-at="2025-12-30T11:19:52 IST" duration-ms="10980" status="PASS">
          <reporter-output>
          </reporter-output>
        </test-method> <!-- verifyValidProductSearch -->
        <test-method is-config="true" signature="tearDown()[pri:0, instance:com.flipkart.testcases.ProductSearchTest@1852a3ff]" started-at="2025-12-30T11:19:52 IST" name="tearDown" finished-at="2025-12-30T11:19:53 IST" duration-ms="274" status="PASS">
          <reporter-output>
          </reporter-output>
        </test-method> <!-- tearDown -->
        <test-method is-config="true" signature="setUp(java.lang.String)[pri:0, instance:com.flipkart.testcases.ProductSearchTest@1852a3ff]" started-at="2025-12-30T11:19:53 IST" name="setUp" finished-at="2025-12-30T11:20:00 IST" duration-ms="7460" status="PASS">
          <params>
            <param index="0">
              <value>
                <![CDATA[Chrome]]>
              </value>
            </param>
          </params>
          <reporter-output>
          </reporter-output>
        </test-method> <!-- setUp -->
        <test-method signature="verifyProductSearchResultDisplay()[pri:2, instance:com.flipkart.testcases.ProductSearchTest@1852a3ff]" started-at="2025-12-30T11:20:00 IST" name="verifyProductSearchResultDisplay" finished-at="2025-12-30T11:20:05 IST" duration-ms="5128" status="PASS">
          <reporter-output>
          </reporter-output>
        </test-method> <!-- verifyProductSearchResultDisplay -->
        <test-method is-config="true" signature="tearDown()[pri:0, instance:com.flipkart.testcases.ProductSearchTest@1852a3ff]" started-at="2025-12-30T11:20:05 IST" name="tearDown" finished-at="2025-12-30T11:20:05 IST" duration-ms="324" status="PASS">
          <reporter-output>
          </reporter-output>
        </test-method> <!-- tearDown -->
        <test-method is-config="true" signature="setUp(java.lang.String)[pri:0, instance:com.flipkart.testcases.ProductSearchTest@1852a3ff]" started-at="2025-12-30T11:20:05 IST" name="setUp" finished-at="2025-12-30T11:20:10 IST" duration-ms="4611" status="PASS">
          <params>
            <param index="0">
              <value>
                <![CDATA[Chrome]]>
              </value>
            </param>
          </params>
          <reporter-output>
          </reporter-output>
        </test-method> <!-- setUp -->
        <test-method signature="verifyProductSearchUsingEnterKey()[pri:3, instance:com.flipkart.testcases.ProductSearchTest@1852a3ff]" started-at="2025-12-30T11:20:10 IST" name="verifyProductSearchUsingEnterKey" finished-at="2025-12-30T11:20:14 IST" duration-ms="4126" status="PASS">
          <reporter-output>
          </reporter-output>
        </test-method> <!-- verifyProductSearchUsingEnterKey -->
        <test-method is-config="true" signature="tearDown()[pri:0, instance:com.flipkart.testcases.ProductSearchTest@1852a3ff]" started-at="2025-12-30T11:20:14 IST" name="tearDown" finished-at="2025-12-30T11:20:15 IST" duration-ms="584" status="PASS">
          <reporter-output>
          </reporter-output>
        </test-method> <!-- tearDown -->
        <test-method is-config="true" signature="setUp(java.lang.String)[pri:0, instance:com.flipkart.testcases.ProductSearchTest@1852a3ff]" started-at="2025-12-30T11:20:15 IST" name="setUp" finished-at="2025-12-30T11:20:21 IST" duration-ms="6643" status="PASS">
          <params>
            <param index="0">
              <value>
                <![CDATA[Chrome]]>
              </value>
            </param>
          </params>
          <reporter-output>
          </reporter-output>
        </test-method> <!-- setUp -->
        <test-method signature="verifyEmptySearch()[pri:4, instance:com.flipkart.testcases.ProductSearchTest@1852a3ff]" started-at="2025-12-30T11:20:21 IST" name="verifyEmptySearch" finished-at="2025-12-30T11:20:23 IST" duration-ms="2029" status="PASS">
          <reporter-output>
          </reporter-output>
        </test-method> <!-- verifyEmptySearch -->
        <test-method is-config="true" signature="tearDown()[pri:0, instance:com.flipkart.testcases.ProductSearchTest@1852a3ff]" started-at="2025-12-30T11:20:23 IST" name="tearDown" finished-at="2025-12-30T11:20:24 IST" duration-ms="288" status="PASS">
          <reporter-output>
          </reporter-output>
        </test-method> <!-- tearDown -->
        <test-method is-config="true" signature="setUp(java.lang.String)[pri:0, instance:com.flipkart.testcases.ProductSearchTest@1852a3ff]" started-at="2025-12-30T11:20:24 IST" name="setUp" finished-at="2025-12-30T11:20:31 IST" duration-ms="7461" status="PASS">
          <params>
            <param index="0">
              <value>
                <![CDATA[Chrome]]>
              </value>
            </param>
          </params>
          <reporter-output>
          </reporter-output>
        </test-method> <!-- setUp -->
        <test-method signature="verifyProductSearchWithSpecialCharacter()[pri:5, instance:com.flipkart.testcases.ProductSearchTest@1852a3ff]" started-at="2025-12-30T11:20:31 IST" name="verifyProductSearchWithSpecialCharacter" finished-at="2025-12-30T11:20:35 IST" duration-ms="4053" status="PASS">
          <reporter-output>
          </reporter-output>
        </test-method> <!-- verifyProductSearchWithSpecialCharacter -->
        <test-method is-config="true" signature="tearDown()[pri:0, instance:com.flipkart.testcases.ProductSearchTest@1852a3ff]" started-at="2025-12-30T11:20:35 IST" name="tearDown" finished-at="2025-12-30T11:20:35 IST" duration-ms="241" status="PASS">
          <reporter-output>
          </reporter-output>
        </test-method> <!-- tearDown -->
        <test-method is-config="true" signature="setUp(java.lang.String)[pri:0, instance:com.flipkart.testcases.ProductSearchTest@1852a3ff]" started-at="2025-12-30T11:20:35 IST" name="setUp" finished-at="2025-12-30T11:20:44 IST" duration-ms="8480" status="PASS">
          <params>
            <param index="0">
              <value>
                <![CDATA[Chrome]]>
              </value>
            </param>
          </params>
          <reporter-output>
          </reporter-output>
        </test-method> <!-- setUp -->
        <test-method signature="verifyProductSearchWithLongText()[pri:6, instance:com.flipkart.testcases.ProductSearchTest@1852a3ff]" started-at="2025-12-30T11:20:44 IST" name="verifyProductSearchWithLongText" finished-at="2025-12-30T11:20:50 IST" duration-ms="5930" status="PASS">
          <reporter-output>
          </reporter-output>
        </test-method> <!-- verifyProductSearchWithLongText -->
        <test-method is-config="true" signature="tearDown()[pri:0, instance:com.flipkart.testcases.ProductSearchTest@1852a3ff]" started-at="2025-12-30T11:20:50 IST" name="tearDown" finished-at="2025-12-30T11:20:50 IST" duration-ms="277" status="PASS">
          <reporter-output>
          </reporter-output>
        </test-method> <!-- tearDown -->
        <test-method is-config="true" signature="setUp(java.lang.String)[pri:0, instance:com.flipkart.testcases.ProductSearchTest@1852a3ff]" started-at="2025-12-30T11:20:50 IST" name="setUp" finished-at="2025-12-30T11:21:00 IST" duration-ms="9659" status="PASS">
          <params>
            <param index="0">
              <value>
                <![CDATA[Chrome]]>
              </value>
            </param>
          </params>
          <reporter-output>
          </reporter-output>
        </test-method> <!-- setUp -->
        <test-method signature="verifyProductSearchWithNumber()[pri:7, instance:com.flipkart.testcases.ProductSearchTest@1852a3ff]" started-at="2025-12-30T11:21:00 IST" name="verifyProductSearchWithNumber" finished-at="2025-12-30T11:21:08 IST" duration-ms="8616" status="PASS">
          <reporter-output>
          </reporter-output>
        </test-method> <!-- verifyProductSearchWithNumber -->
        <test-method is-config="true" signature="tearDown()[pri:0, instance:com.flipkart.testcases.ProductSearchTest@1852a3ff]" started-at="2025-12-30T11:21:08 IST" name="tearDown" finished-at="2025-12-30T11:21:09 IST" duration-ms="255" status="PASS">
          <reporter-output>
          </reporter-output>
        </test-method> <!-- tearDown -->
        <test-method is-config="true" signature="setUp(java.lang.String)[pri:0, instance:com.flipkart.testcases.ProductSearchTest@1852a3ff]" started-at="2025-12-30T11:21:09 IST" name="setUp" finished-at="2025-12-30T11:21:36 IST" duration-ms="27663" status="PASS">
          <params>
            <param index="0">
              <value>
                <![CDATA[Chrome]]>
              </value>
            </param>
          </params>
          <reporter-output>
          </reporter-output>
        </test-method> <!-- setUp -->
        <test-method signature="verifyProductWithMultipleSearch()[pri:8, instance:com.flipkart.testcases.ProductSearchTest@1852a3ff]" started-at="2025-12-30T11:21:36 IST" name="verifyProductWithMultipleSearch" finished-at="2025-12-30T11:21:50 IST" duration-ms="14011" status="PASS">
          <reporter-output>
          </reporter-output>
        </test-method> <!-- verifyProductWithMultipleSearch -->
        <test-method is-config="true" signature="tearDown()[pri:0, instance:com.flipkart.testcases.ProductSearchTest@1852a3ff]" started-at="2025-12-30T11:21:50 IST" name="tearDown" finished-at="2025-12-30T11:21:51 IST" duration-ms="262" status="PASS">
          <reporter-output>
          </reporter-output>
        </test-method> <!-- tearDown -->
        <test-method is-config="true" signature="setUp(java.lang.String)[pri:0, instance:com.flipkart.testcases.ProductSearchTest@1852a3ff]" started-at="2025-12-30T11:21:51 IST" name="setUp" finished-at="2025-12-30T11:22:03 IST" duration-ms="12729" status="PASS">
          <params>
            <param index="0">
              <value>
                <![CDATA[Chrome]]>
              </value>
            </param>
          </params>
          <reporter-output>
          </reporter-output>
        </test-method> <!-- setUp -->
        <test-method signature="verifyProductSearchIncaseSensitive()[pri:9, instance:com.flipkart.testcases.ProductSearchTest@1852a3ff]" started-at="2025-12-30T11:22:03 IST" name="verifyProductSearchIncaseSensitive" finished-at="2025-12-30T11:22:15 IST" duration-ms="12094" status="PASS">
          <reporter-output>
          </reporter-output>
        </test-method> <!-- verifyProductSearchIncaseSensitive -->
        <test-method is-config="true" signature="tearDown()[pri:0, instance:com.flipkart.testcases.ProductSearchTest@1852a3ff]" started-at="2025-12-30T11:22:15 IST" name="tearDown" finished-at="2025-12-30T11:22:16 IST" duration-ms="504" status="PASS">
          <reporter-output>
          </reporter-output>
        </test-method> <!-- tearDown -->
        <test-method is-config="true" signature="setUp(java.lang.String)[pri:0, instance:com.flipkart.testcases.ProductSearchTest@1852a3ff]" started-at="2025-12-30T11:22:16 IST" name="setUp" finished-at="2025-12-30T11:22:25 IST" duration-ms="9067" status="PASS">
          <params>
            <param index="0">
              <value>
                <![CDATA[Chrome]]>
              </value>
            </param>
          </params>
          <reporter-output>
          </reporter-output>
        </test-method> <!-- setUp -->
        <test-method signature="verifyPlaceholderTextIsDisplayedWhenTheSearchBarIsEmpty()[pri:10, instance:com.flipkart.testcases.ProductSearchTest@1852a3ff]" started-at="2025-12-30T11:22:25 IST" name="verifyPlaceholderTextIsDisplayedWhenTheSearchBarIsEmpty" finished-at="2025-12-30T11:22:26 IST" duration-ms="626" status="PASS">
          <reporter-output>
          </reporter-output>
        </test-method> <!-- verifyPlaceholderTextIsDisplayedWhenTheSearchBarIsEmpty -->
        <test-method is-config="true" signature="tearDown()[pri:0, instance:com.flipkart.testcases.ProductSearchTest@1852a3ff]" started-at="2025-12-30T11:22:26 IST" name="tearDown" finished-at="2025-12-30T11:22:26 IST" duration-ms="267" status="PASS">
          <reporter-output>
          </reporter-output>
        </test-method> <!-- tearDown -->
        <test-method is-config="true" signature="setUp(java.lang.String)[pri:0, instance:com.flipkart.testcases.ProductSearchTest@1852a3ff]" started-at="2025-12-30T11:22:26 IST" name="setUp" finished-at="2025-12-30T11:22:43 IST" duration-ms="17071" status="PASS">
          <params>
            <param index="0">
              <value>
                <![CDATA[Chrome]]>
              </value>
            </param>
          </params>
          <reporter-output>
          </reporter-output>
        </test-method> <!-- setUp -->
        <test-method signature="verifyProductSearchWithPartialText()[pri:11, instance:com.flipkart.testcases.ProductSearchTest@1852a3ff]" started-at="2025-12-30T11:22:43 IST" name="verifyProductSearchWithPartialText" finished-at="2025-12-30T11:22:58 IST" duration-ms="14799" status="PASS">
          <reporter-output>
          </reporter-output>
        </test-method> <!-- verifyProductSearchWithPartialText -->
        <test-method is-config="true" signature="tearDown()[pri:0, instance:com.flipkart.testcases.ProductSearchTest@1852a3ff]" started-at="2025-12-30T11:22:58 IST" name="tearDown" finished-at="2025-12-30T11:22:58 IST" duration-ms="263" status="PASS">
          <reporter-output>
          </reporter-output>
        </test-method> <!-- tearDown -->
      </class> <!-- com.flipkart.testcases.ProductSearchTest -->
    </test> <!-- Test -->
  </suite> <!-- MasterSuite -->
</testng-results>
