<?xml version="1.0" encoding="UTF-8"?>
<testsuite xmlns:xsi="http://www.w3.org/2001/XMLSchema-instance" xsi:noNamespaceSchemaLocation="https://maven.apache.org/surefire/maven-surefire-plugin/xsd/surefire-test-report-3.0.xsd" version="3.0" name="TestSuite" time="709.802" tests="57" errors="0" skipped="0" failures="0">
  <properties>
[...]
</properties>
  <testcase name="verifyLogoDisplayed" classname="com.flipkart.testcases.HomePageTest" time="1.241">
    <system-out><![CDATA[Launched Chrome browser
Launched Url: https://www.flipkart.com/
]]></system-out>
    <system-err><![CDATA[Dec 24, 2025 12:27:56 PM org.openqa.selenium.devtools.CdpVersionFinder findNearestMatch
WARNING: Unable to find an exact match for CDP version 143, returning the closest version; found: 142; Please update to a Selenium version that supports CDP version 143
]]></system-err>
  </testcase>
  <testcase name="verifyLoginButton" classname="com.flipkart.testcases.HomePageTest" time="3.381">
    <system-out><![CDATA[Launched Chrome browser
Launched Url: https://www.flipkart.com/
]]></system-out>
    <system-err><![CDATA[Dec 24, 2025 12:28:05 PM org.openqa.selenium.devtools.CdpVersionFinder findNearestMatch
WARNING: Unable to find an exact match for CDP version 143, returning the closest version; found: 142; Please update to a Selenium version that supports CDP version 143
]]></system-err>
  </testcase>
  <testcase name="verifyBecomeSellerNavigation" classname="com.flipkart.testcases.HomePageTest" time="8.483">
    <system-out><![CDATA[Launched Chrome browser
Launched Url: https://www.flipkart.com/
]]></system-out>
    <system-err><![CDATA[Dec 24, 2025 12:28:16 PM org.openqa.selenium.devtools.CdpVersionFinder findNearestMatch
WARNING: Unable to find an exact match for CDP version 143, returning the closest version; found: 142; Please update to a Selenium version that supports CDP version 143
]]></system-err>
  </testcase>
  <testcase name="verifyGroceryCategoryNavigation" classname="com.flipkart.testcases.HomePageTest" time="2.803">
    <system-out><![CDATA[Launched Chrome browser
Launched Url: https://www.flipkart.com/
]]></system-out>
    <system-err><![CDATA[Dec 24, 2025 12:28:31 PM org.openqa.selenium.devtools.CdpVersionFinder findNearestMatch
WARNING: Unable to find an exact match for CDP version 143, returning the closest version; found: 142; Please update to a Selenium version that supports CDP version 143
]]></system-err>
  </testcase>
  <testcase name="verifyFashionSubCategoryNavigation" classname="com.flipkart.testcases.HomePageTest" time="5.099">
    <system-out><![CDATA[Launched Chrome browser
Launched Url: https://www.flipkart.com/
]]></system-out>
    <system-err><![CDATA[Dec 24, 2025 12:28:41 PM org.openqa.selenium.devtools.CdpVersionFinder findNearestMatch
WARNING: Unable to find an exact match for CDP version 143, returning the closest version; found: 142; Please update to a Selenium version that supports CDP version 143
]]></system-err>
  </testcase>
  <testcase name="verifyElectronicsSubCategoryNavigation" classname="com.flipkart.testcases.HomePageTest" time="4.778">
    <system-out><![CDATA[Launched Chrome browser
Launched Url: https://www.flipkart.com/
]]></system-out>
    <system-err><![CDATA[Dec 24, 2025 12:28:53 PM org.openqa.selenium.devtools.CdpVersionFinder findNearestMatch
WARNING: Unable to find an exact match for CDP version 143, returning the closest version; found: 142; Please update to a Selenium version that supports CDP version 143
]]></system-err>
  </testcase>
  <testcase name="verifyFurnitureSubCategoryNavigation" classname="com.flipkart.testcases.HomePageTest" time="3.759">
    <system-out><![CDATA[Launched Chrome browser
Launched Url: https://www.flipkart.com/
]]></system-out>
    <system-err><![CDATA[Dec 24, 2025 12:29:05 PM org.openqa.selenium.devtools.CdpVersionFinder findNearestMatch
WARNING: Unable to find an exact match for CDP version 143, returning the closest version; found: 142; Please update to a Selenium version that supports CDP version 143
]]></system-err>
  </testcase>
  <testcase name="verifyHomePageTitle" classname="com.flipkart.testcases.HomePageTest" time="0.683">
    <system-out><![CDATA[Launched Chrome browser
Launched Url: https://www.flipkart.com/
]]></system-out>
    <system-err><![CDATA[Dec 24, 2025 12:29:15 PM org.openqa.selenium.devtools.CdpVersionFinder findNearestMatch
WARNING: Unable to find an exact match for CDP version 143, returning the closest version; found: 142; Please update to a Selenium version that supports CDP version 143
]]></system-err>
  </testcase>
  <testcase name="verifySearchBoxEnabled" classname="com.flipkart.testcases.HomePageTest" time="0.325">
    <system-out><![CDATA[Launched Chrome browser
Launched Url: https://www.flipkart.com/
]]></system-out>
    <system-err><![CDATA[Dec 24, 2025 12:29:23 PM org.openqa.selenium.devtools.CdpVersionFinder findNearestMatch
WARNING: Unable to find an exact match for CDP version 143, returning the closest version; found: 142; Please update to a Selenium version that supports CDP version 143
]]></system-err>
  </testcase>
  <testcase name="verifycartIconVisible" classname="com.flipkart.testcases.HomePageTest" time="0.389">
    <system-out><![CDATA[Launched Chrome browser
Launched Url: https://www.flipkart.com/
]]></system-out>
    <system-err><![CDATA[Dec 24, 2025 12:29:30 PM org.openqa.selenium.devtools.CdpVersionFinder findNearestMatch
WARNING: Unable to find an exact match for CDP version 143, returning the closest version; found: 142; Please update to a Selenium version that supports CDP version 143
]]></system-err>
  </testcase>
  <testcase name="verifyAbletoSerachProduct" classname="com.flipkart.testcases.HomePageTest" time="4.381">
    <system-out><![CDATA[Launched Chrome browser
Launched Url: https://www.flipkart.com/
]]></system-out>
    <system-err><![CDATA[Dec 24, 2025 12:29:37 PM org.openqa.selenium.devtools.CdpVersionFinder findNearestMatch
WARNING: Unable to find an exact match for CDP version 143, returning the closest version; found: 142; Please update to a Selenium version that supports CDP version 143
]]></system-err>
  </testcase>
  <testcase name="verifyValidProductSearch" classname="com.flipkart.testcases.ProductSearchTest" time="4.937">
    <system-out><![CDATA[Launched Chrome browser
Launched Url: https://www.flipkart.com/
]]></system-out>
    <system-err><![CDATA[Dec 24, 2025 12:29:48 PM org.openqa.selenium.devtools.CdpVersionFinder findNearestMatch
WARNING: Unable to find an exact match for CDP version 143, returning the closest version; found: 142; Please update to a Selenium version that supports CDP version 143
]]></system-err>
  </testcase>
  <testcase name="verifyProductSearchResultDisplay" classname="com.flipkart.testcases.ProductSearchTest" time="4.858">
    <system-out><![CDATA[Launched Chrome browser
Launched Url: https://www.flipkart.com/
]]></system-out>
    <system-err><![CDATA[Dec 24, 2025 12:30:00 PM org.openqa.selenium.devtools.CdpVersionFinder findNearestMatch
WARNING: Unable to find an exact match for CDP version 143, returning the closest version; found: 142; Please update to a Selenium version that supports CDP version 143
]]></system-err>
  </testcase>
  <testcase name="verifyProductSearchUsingEnterKey" classname="com.flipkart.testcases.ProductSearchTest" time="4.764">
    <system-out><![CDATA[Launched Chrome browser
Launched Url: https://www.flipkart.com/
]]></system-out>
    <system-err><![CDATA[Dec 24, 2025 12:30:12 PM org.openqa.selenium.devtools.CdpVersionFinder findNearestMatch
WARNING: Unable to find an exact match for CDP version 143, returning the closest version; found: 142; Please update to a Selenium version that supports CDP version 143
]]></system-err>
  </testcase>
  <testcase name="verifyEmptySearch" classname="com.flipkart.testcases.ProductSearchTest" time="1.237">
    <system-out><![CDATA[Launched Chrome browser
Launched Url: https://www.flipkart.com/
]]></system-out>
    <system-err><![CDATA[Dec 24, 2025 12:30:24 PM org.openqa.selenium.devtools.CdpVersionFinder findNearestMatch
WARNING: Unable to find an exact match for CDP version 143, returning the closest version; found: 142; Please update to a Selenium version that supports CDP version 143
]]></system-err>
  </testcase>
  <testcase name="verifyProductSearchWithSpecialCharacter" classname="com.flipkart.testcases.ProductSearchTest" time="4.061">
    <system-out><![CDATA[Launched Chrome browser
Launched Url: https://www.flipkart.com/
]]></system-out>
    <system-err><![CDATA[Dec 24, 2025 12:30:37 PM org.openqa.selenium.devtools.CdpVersionFinder findNearestMatch
WARNING: Unable to find an exact match for CDP version 143, returning the closest version; found: 142; Please update to a Selenium version that supports CDP version 143
]]></system-err>
  </testcase>
  <testcase name="verifyProductSearchWithLongText" classname="com.flipkart.testcases.ProductSearchTest" time="6.004">
    <system-out><![CDATA[Launched Chrome browser
Launched Url: https://www.flipkart.com/
]]></system-out>
    <system-err><![CDATA[Dec 24, 2025 12:30:47 PM org.openqa.selenium.devtools.CdpVersionFinder findNearestMatch
WARNING: Unable to find an exact match for CDP version 143, returning the closest version; found: 142; Please update to a Selenium version that supports CDP version 143
]]></system-err>
  </testcase>
  <testcase name="verifyProductSearchWithNumber" classname="com.flipkart.testcases.ProductSearchTest" time="5.181">
    <system-out><![CDATA[Launched Chrome browser
Launched Url: https://www.flipkart.com/
]]></system-out>
    <system-err><![CDATA[Dec 24, 2025 12:30:59 PM org.openqa.selenium.devtools.CdpVersionFinder findNearestMatch
WARNING: Unable to find an exact match for CDP version 143, returning the closest version; found: 142; Please update to a Selenium version that supports CDP version 143
]]></system-err>
  </testcase>
  <testcase name="verifyProductWithMultipleSearch" classname="com.flipkart.testcases.ProductSearchTest" time="4.831">
    <system-out><![CDATA[Launched Chrome browser
Launched Url: https://www.flipkart.com/
]]></system-out>
    <system-err><![CDATA[Dec 24, 2025 12:31:11 PM org.openqa.selenium.devtools.CdpVersionFinder findNearestMatch
WARNING: Unable to find an exact match for CDP version 143, returning the closest version; found: 142; Please update to a Selenium version that supports CDP version 143
]]></system-err>
  </testcase>
  <testcase name="verifyProductSearchIncaseSensitive" classname="com.flipkart.testcases.ProductSearchTest" time="4.939">
    <system-out><![CDATA[Launched Chrome browser
Launched Url: https://www.flipkart.com/
]]></system-out>
    <system-err><![CDATA[Dec 24, 2025 12:31:23 PM org.openqa.selenium.devtools.CdpVersionFinder findNearestMatch
WARNING: Unable to find an exact match for CDP version 143, returning the closest version; found: 142; Please update to a Selenium version that supports CDP version 143
]]></system-err>
  </testcase>
  <testcase name="verifyPlaceholderTextIsDisplayedWhenTheSearchBarIsEmpty" classname="com.flipkart.testcases.ProductSearchTest" time="0.499">
    <system-out><![CDATA[Launched Chrome browser
Launched Url: https://www.flipkart.com/
true
]]></system-out>
    <system-err><![CDATA[Dec 24, 2025 12:31:38 PM org.openqa.selenium.devtools.CdpVersionFinder findNearestMatch
WARNING: Unable to find an exact match for CDP version 143, returning the closest version; found: 142; Please update to a Selenium version that supports CDP version 143
]]></system-err>
  </testcase>
  <testcase name="verifyProductSearchWithPartialText" classname="com.flipkart.testcases.ProductSearchTest" time="5.934">
    <system-out><![CDATA[Launched Chrome browser
Launched Url: https://www.flipkart.com/
]]></system-out>
    <system-err><![CDATA[Dec 24, 2025 12:31:47 PM org.openqa.selenium.devtools.CdpVersionFinder findNearestMatch
WARNING: Unable to find an exact match for CDP version 143, returning the closest version; found: 142; Please update to a Selenium version that supports CDP version 143
]]></system-err>
  </testcase>
  <testcase name="verifyDefaultSorting" classname="com.flipkart.testcases.SearchResultFilterTest" time="5.424">
    <system-out><![CDATA[Launched Chrome browser
Launched Url: https://www.flipkart.com/
]]></system-out>
    <system-err><![CDATA[Dec 24, 2025 12:32:02 PM org.openqa.selenium.devtools.CdpVersionFinder findNearestMatch
WARNING: Unable to find an exact match for CDP version 143, returning the closest version; found: 142; Please update to a Selenium version that supports CDP version 143
]]></system-err>
  </testcase>
  <testcase name="verifyResultCountIsDisplayed" classname="com.flipkart.testcases.SearchResultFilterTest" time="4.962">
    <system-out><![CDATA[Launched Chrome browser
Launched Url: https://www.flipkart.com/
]]></system-out>
    <system-err><![CDATA[Dec 24, 2025 12:32:15 PM org.openqa.selenium.devtools.CdpVersionFinder findNearestMatch
WARNING: Unable to find an exact match for CDP version 143, returning the closest version; found: 142; Please update to a Selenium version that supports CDP version 143
]]></system-err>
  </testcase>
  <testcase name="verifySortByReleveance" classname="com.flipkart.testcases.SearchResultFilterTest" time="6.278">
    <system-out><![CDATA[Launched Chrome browser
Launched Url: https://www.flipkart.com/
]]></system-out>
    <system-err><![CDATA[Dec 24, 2025 12:32:26 PM org.openqa.selenium.devtools.CdpVersionFinder findNearestMatch
WARNING: Unable to find an exact match for CDP version 143, returning the closest version; found: 142; Please update to a Selenium version that supports CDP version 143
]]></system-err>
  </testcase>
  <testcase name="verifyProductCountRemainsSameAfterSortByReleveance" classname="com.flipkart.testcases.SearchResultFilterTest" time="6.64">
    <system-out><![CDATA[Launched Chrome browser
Launched Url: https://www.flipkart.com/
]]></system-out>
    <system-err><![CDATA[Dec 24, 2025 12:32:39 PM org.openqa.selenium.devtools.CdpVersionFinder findNearestMatch
WARNING: Unable to find an exact match for CDP version 143, returning the closest version; found: 142; Please update to a Selenium version that supports CDP version 143
]]></system-err>
  </testcase>
  <testcase name="verifySortByPopularity" classname="com.flipkart.testcases.SearchResultFilterTest" time="7.441">
    <system-out><![CDATA[Launched Chrome browser
Launched Url: https://www.flipkart.com/
]]></system-out>
    <system-err><![CDATA[Dec 24, 2025 12:32:52 PM org.openqa.selenium.devtools.CdpVersionFinder findNearestMatch
WARNING: Unable to find an exact match for CDP version 143, returning the closest version; found: 142; Please update to a Selenium version that supports CDP version 143
]]></system-err>
  </testcase>
  <testcase name="verifySortByPriceLowToHigh" classname="com.flipkart.testcases.SearchResultFilterTest" time="12.541">
    <system-out><![CDATA[Launched Chrome browser
Launched Url: https://www.flipkart.com/
click on price
wait for product load
[480, 490, 490, 490, 495, 495, 499, 499, 499, 499, 499, 499, 499, 499, 499, 499, 499, 499, 499, 499, 499, 499, 499]
]]></system-out>
    <system-err><![CDATA[Dec 24, 2025 12:33:08 PM org.openqa.selenium.devtools.CdpVersionFinder findNearestMatch
WARNING: Unable to find an exact match for CDP version 143, returning the closest version; found: 142; Please update to a Selenium version that supports CDP version 143
]]></system-err>
  </testcase>
  <testcase name="verifySortByNewestFirst" classname="com.flipkart.testcases.SearchResultFilterTest" time="7.37">
    <system-out><![CDATA[Launched Chrome browser
Launched Url: https://www.flipkart.com/
]]></system-out>
    <system-err><![CDATA[Dec 24, 2025 12:33:27 PM org.openqa.selenium.devtools.CdpVersionFinder findNearestMatch
WARNING: Unable to find an exact match for CDP version 143, returning the closest version; found: 142; Please update to a Selenium version that supports CDP version 143
]]></system-err>
  </testcase>
  <testcase name="verifyMultipleSortOperations" classname="com.flipkart.testcases.SearchResultFilterTest" time="9.562">
    <system-out><![CDATA[Launched Chrome browser
Launched Url: https://www.flipkart.com/
]]></system-out>
    <system-err><![CDATA[Dec 24, 2025 12:33:41 PM org.openqa.selenium.devtools.CdpVersionFinder findNearestMatch
WARNING: Unable to find an exact match for CDP version 143, returning the closest version; found: 142; Please update to a Selenium version that supports CDP version 143
]]></system-err>
  </testcase>
  <testcase name="verifyProductSearchWithSecondSuggestionText" classname="com.flipkart.testcases.SearchResultFilterTest" time="8.036">
    <system-out><![CDATA[Launched Chrome browser
Launched Url: https://www.flipkart.com/
]]></system-out>
    <system-err><![CDATA[Dec 24, 2025 12:33:57 PM org.openqa.selenium.devtools.CdpVersionFinder findNearestMatch
WARNING: Unable to find an exact match for CDP version 143, returning the closest version; found: 142; Please update to a Selenium version that supports CDP version 143
]]></system-err>
  </testcase>
  <testcase name="verifySearchFunctionalityUsingDDT[mobile](1)" classname="com.flipkart.testcases.ProductSearchUsingDDT" time="5.059">
    <system-out><![CDATA[mobile
laptop
tshirt
jeans
furniture
Fastrack
Wallets
Launched Chrome browser
Launched Url: https://www.flipkart.com/
]]></system-out>
    <system-err><![CDATA[Dec 24, 2025 12:34:15 PM org.openqa.selenium.devtools.CdpVersionFinder findNearestMatch
WARNING: Unable to find an exact match for CDP version 143, returning the closest version; found: 142; Please update to a Selenium version that supports CDP version 143
]]></system-err>
  </testcase>
  <testcase name="verifySearchFunctionalityUsingDDT[laptop](2)" classname="com.flipkart.testcases.ProductSearchUsingDDT" time="4.799">
    <system-out><![CDATA[Launched Chrome browser
Launched Url: https://www.flipkart.com/
]]></system-out>
    <system-err><![CDATA[Dec 24, 2025 12:34:28 PM org.openqa.selenium.devtools.CdpVersionFinder findNearestMatch
WARNING: Unable to find an exact match for CDP version 143, returning the closest version; found: 142; Please update to a Selenium version that supports CDP version 143
]]></system-err>
  </testcase>
  <testcase name="verifySearchFunctionalityUsingDDT[tshirt](3)" classname="com.flipkart.testcases.ProductSearchUsingDDT" time="6.555">
    <system-out><![CDATA[Launched Chrome browser
Launched Url: https://www.flipkart.com/
]]></system-out>
    <system-err><![CDATA[Dec 24, 2025 12:34:39 PM org.openqa.selenium.devtools.CdpVersionFinder findNearestMatch
WARNING: Unable to find an exact match for CDP version 143, returning the closest version; found: 142; Please update to a Selenium version that supports CDP version 143
]]></system-err>
  </testcase>
  <testcase name="verifySearchFunctionalityUsingDDT[jeans](4)" classname="com.flipkart.testcases.ProductSearchUsingDDT" time="6.162">
    <system-out><![CDATA[Launched Chrome browser
Launched Url: https://www.flipkart.com/
]]></system-out>
    <system-err><![CDATA[Dec 24, 2025 12:34:52 PM org.openqa.selenium.devtools.CdpVersionFinder findNearestMatch
WARNING: Unable to find an exact match for CDP version 143, returning the closest version; found: 142; Please update to a Selenium version that supports CDP version 143
]]></system-err>
  </testcase>
  <testcase name="verifySearchFunctionalityUsingDDT[furniture](5)" classname="com.flipkart.testcases.ProductSearchUsingDDT" time="5.914">
    <system-out><![CDATA[Launched Chrome browser
Launched Url: https://www.flipkart.com/
]]></system-out>
    <system-err><![CDATA[Dec 24, 2025 12:35:05 PM org.openqa.selenium.devtools.CdpVersionFinder findNearestMatch
WARNING: Unable to find an exact match for CDP version 143, returning the closest version; found: 142; Please update to a Selenium version that supports CDP version 143
]]></system-err>
  </testcase>
  <testcase name="verifySearchFunctionalityUsingDDT[Fastrack](6)" classname="com.flipkart.testcases.ProductSearchUsingDDT" time="6.07">
    <system-out><![CDATA[Launched Chrome browser
Launched Url: https://www.flipkart.com/
]]></system-out>
    <system-err><![CDATA[Dec 24, 2025 12:35:18 PM org.openqa.selenium.devtools.CdpVersionFinder findNearestMatch
WARNING: Unable to find an exact match for CDP version 143, returning the closest version; found: 142; Please update to a Selenium version that supports CDP version 143
]]></system-err>
  </testcase>
  <testcase name="verifySearchFunctionalityUsingDDT[Wallets](7)" classname="com.flipkart.testcases.ProductSearchUsingDDT" time="5.835">
    <system-out><![CDATA[Launched Chrome browser
Launched Url: https://www.flipkart.com/
]]></system-out>
    <system-err><![CDATA[Dec 24, 2025 12:35:31 PM org.openqa.selenium.devtools.CdpVersionFinder findNearestMatch
WARNING: Unable to find an exact match for CDP version 143, returning the closest version; found: 142; Please update to a Selenium version that supports CDP version 143
]]></system-err>
  </testcase>
  <testcase name="verifyLoginButtonDisplayed" classname="com.flipkart.testcases.LoginPageTest" time="0.378">
    <system-out><![CDATA[Launched Chrome browser
Launched Url: https://www.flipkart.com/
]]></system-out>
    <system-err><![CDATA[Dec 24, 2025 12:35:46 PM org.openqa.selenium.devtools.CdpVersionFinder findNearestMatch
WARNING: Unable to find an exact match for CDP version 143, returning the closest version; found: 142; Please update to a Selenium version that supports CDP version 143
]]></system-err>
  </testcase>
  <testcase name="verifyUsernameTextboxDisplayed" classname="com.flipkart.testcases.LoginPageTest" time="5.213">
    <system-out><![CDATA[Launched Chrome browser
Launched Url: https://www.flipkart.com/
]]></system-out>
    <system-err><![CDATA[Dec 24, 2025 12:35:53 PM org.openqa.selenium.devtools.CdpVersionFinder findNearestMatch
WARNING: Unable to find an exact match for CDP version 143, returning the closest version; found: 142; Please update to a Selenium version that supports CDP version 143
]]></system-err>
  </testcase>
  <testcase name="verifyUsernameTextboxEnabled" classname="com.flipkart.testcases.LoginPageTest" time="5.077">
    <system-out><![CDATA[Launched Chrome browser
Launched Url: https://www.flipkart.com/
]]></system-out>
    <system-err><![CDATA[Dec 24, 2025 12:36:06 PM org.openqa.selenium.devtools.CdpVersionFinder findNearestMatch
WARNING: Unable to find an exact match for CDP version 143, returning the closest version; found: 142; Please update to a Selenium version that supports CDP version 143
]]></system-err>
  </testcase>
  <testcase name="verifyPlaceholderTextDisplayed" classname="com.flipkart.testcases.LoginPageTest" time="3.027">
    <system-out><![CDATA[Launched Chrome browser
Launched Url: https://www.flipkart.com/
]]></system-out>
    <system-err><![CDATA[Dec 24, 2025 12:36:18 PM org.openqa.selenium.devtools.CdpVersionFinder findNearestMatch
WARNING: Unable to find an exact match for CDP version 143, returning the closest version; found: 142; Please update to a Selenium version that supports CDP version 143
]]></system-err>
  </testcase>
  <testcase name="verifyTermsOfUseNaviagtion" classname="com.flipkart.testcases.LoginPageTest" time="5.075">
    <system-out><![CDATA[Launched Chrome browser
Launched Url: https://www.flipkart.com/
Switched to window with title: Terms Store Online - Buy Terms Online at Best Price in India | Flipkart.com
Terms Store Online - Buy Terms Online at Best Price in India | Flipkart.com
]]></system-out>
    <system-err><![CDATA[Dec 24, 2025 12:36:28 PM org.openqa.selenium.devtools.CdpVersionFinder findNearestMatch
WARNING: Unable to find an exact match for CDP version 143, returning the closest version; found: 142; Please update to a Selenium version that supports CDP version 143
]]></system-err>
  </testcase>
  <testcase name="verifyPrivacyPolicyNaviagtion" classname="com.flipkart.testcases.LoginPageTest" time="4.941">
    <system-out><![CDATA[Launched Chrome browser
Launched Url: https://www.flipkart.com/
Switched to window with title: Privacypolicy Store Online - Buy Privacypolicy Online at Best Price in India | Flipkart.com
]]></system-out>
    <system-err><![CDATA[Dec 24, 2025 12:36:40 PM org.openqa.selenium.devtools.CdpVersionFinder findNearestMatch
WARNING: Unable to find an exact match for CDP version 143, returning the closest version; found: 142; Please update to a Selenium version that supports CDP version 143
]]></system-err>
  </testcase>
  <testcase name="verifyCreateNewUserLinkVisible" classname="com.flipkart.testcases.LoginPageTest" time="3.251">
    <system-out><![CDATA[Launched Chrome browser
Launched Url: https://www.flipkart.com/
]]></system-out>
    <system-err><![CDATA[Dec 24, 2025 12:36:51 PM org.openqa.selenium.devtools.CdpVersionFinder findNearestMatch
WARNING: Unable to find an exact match for CDP version 143, returning the closest version; found: 142; Please update to a Selenium version that supports CDP version 143
]]></system-err>
  </testcase>
  <testcase name="verifyCreateNewUserLinkEnabled" classname="com.flipkart.testcases.LoginPageTest" time="3.494">
    <system-out><![CDATA[Launched Chrome browser
Launched Url: https://www.flipkart.com/
]]></system-out>
    <system-err><![CDATA[Dec 24, 2025 12:37:02 PM org.openqa.selenium.devtools.CdpVersionFinder findNearestMatch
WARNING: Unable to find an exact match for CDP version 143, returning the closest version; found: 142; Please update to a Selenium version that supports CDP version 143
]]></system-err>
  </testcase>
  <testcase name="verifyUserLogin" classname="com.flipkart.testcases.LoginPageTest" time="7.53">
    <system-out><![CDATA[Launched Chrome browser
Launched Url: https://www.flipkart.com/
]]></system-out>
    <system-err><![CDATA[Dec 24, 2025 12:37:12 PM org.openqa.selenium.devtools.CdpVersionFinder findNearestMatch
WARNING: Unable to find an exact match for CDP version 143, returning the closest version; found: 142; Please update to a Selenium version that supports CDP version 143
]]></system-err>
  </testcase>
  <testcase name="verifyCreateNewUserLinkNavigation" classname="com.flipkart.testcases.LoginPageTest" time="8.129">
    <system-out><![CDATA[Launched Chrome browser
Launched Url: https://www.flipkart.com/
]]></system-out>
    <system-err><![CDATA[Dec 24, 2025 12:37:26 PM org.openqa.selenium.devtools.CdpVersionFinder findNearestMatch
WARNING: Unable to find an exact match for CDP version 143, returning the closest version; found: 142; Please update to a Selenium version that supports CDP version 143
]]></system-err>
  </testcase>
  <testcase name="verifyAddToCartFunctionality" classname="com.flipkart.testcases.AddToCartTest" time="12.693">
    <system-out><![CDATA[Launched Chrome browser
Launched Url: https://www.flipkart.com/
]]></system-out>
    <system-err><![CDATA[Dec 24, 2025 12:37:41 PM org.openqa.selenium.devtools.CdpVersionFinder findNearestMatch
WARNING: Unable to find an exact match for CDP version 143, returning the closest version; found: 142; Please update to a Selenium version that supports CDP version 143
]]></system-err>
  </testcase>
  <testcase name="verifyAddToCartFunctionalityWithBuyNowOption" classname="com.flipkart.testcases.AddToCartTest" time="12.329">
    <system-out><![CDATA[Launched Chrome browser
Launched Url: https://www.flipkart.com/
]]></system-out>
    <system-err><![CDATA[Dec 24, 2025 12:38:03 PM org.openqa.selenium.devtools.CdpVersionFinder findNearestMatch
WARNING: Unable to find an exact match for CDP version 143, returning the closest version; found: 142; Please update to a Selenium version that supports CDP version 143
]]></system-err>
  </testcase>
  <testcase name="verifySignupNavigation" classname="com.flipkart.testcases.SignInPageTest" time="3.296">
    <system-out><![CDATA[Launched Chrome browser
Launched Url: https://www.flipkart.com/
]]></system-out>
    <system-err><![CDATA[Dec 24, 2025 12:38:22 PM org.openqa.selenium.devtools.CdpVersionFinder findNearestMatch
WARNING: Unable to find an exact match for CDP version 143, returning the closest version; found: 142; Please update to a Selenium version that supports CDP version 143
]]></system-err>
  </testcase>
  <testcase name="verifyContinueButton" classname="com.flipkart.testcases.SignInPageTest" time="3.648">
    <system-out><![CDATA[Launched Chrome browser
Launched Url: https://www.flipkart.com/
]]></system-out>
    <system-err><![CDATA[Dec 24, 2025 12:38:33 PM org.openqa.selenium.devtools.CdpVersionFinder findNearestMatch
WARNING: Unable to find an exact match for CDP version 143, returning the closest version; found: 142; Please update to a Selenium version that supports CDP version 143
]]></system-err>
  </testcase>
  <testcase name="verifyContinueButtonEnabled" classname="com.flipkart.testcases.SignInPageTest" time="3.576">
    <system-out><![CDATA[Launched Chrome browser
Launched Url: https://www.flipkart.com/
]]></system-out>
    <system-err><![CDATA[Dec 24, 2025 12:38:44 PM org.openqa.selenium.devtools.CdpVersionFinder findNearestMatch
WARNING: Unable to find an exact match for CDP version 143, returning the closest version; found: 142; Please update to a Selenium version that supports CDP version 143
]]></system-err>
  </testcase>
  <testcase name="verifyExistingUserLinkIsEnabled" classname="com.flipkart.testcases.SignInPageTest" time="3.574">
    <system-out><![CDATA[Launched Chrome browser
Launched Url: https://www.flipkart.com/
]]></system-out>
    <system-err><![CDATA[Dec 24, 2025 12:38:54 PM org.openqa.selenium.devtools.CdpVersionFinder findNearestMatch
WARNING: Unable to find an exact match for CDP version 143, returning the closest version; found: 142; Please update to a Selenium version that supports CDP version 143
]]></system-err>
  </testcase>
  <testcase name="verifyExistingUserLinkIsDisplayed" classname="com.flipkart.testcases.SignInPageTest" time="3.596">
    <system-out><![CDATA[Launched Chrome browser
Launched Url: https://www.flipkart.com/
]]></system-out>
    <system-err><![CDATA[Dec 24, 2025 12:39:03 PM org.openqa.selenium.devtools.CdpVersionFinder findNearestMatch
WARNING: Unable to find an exact match for CDP version 143, returning the closest version; found: 142; Please update to a Selenium version that supports CDP version 143
]]></system-err>
  </testcase>
  <testcase name="verifyExistingUserNavigation" classname="com.flipkart.testcases.SignInPageTest" time="4.677">
    <system-out><![CDATA[Launched Chrome browser
Launched Url: https://www.flipkart.com/
]]></system-out>
    <system-err><![CDATA[Dec 24, 2025 12:39:14 PM org.openqa.selenium.devtools.CdpVersionFinder findNearestMatch
WARNING: Unable to find an exact match for CDP version 143, returning the closest version; found: 142; Please update to a Selenium version that supports CDP version 143
]]></system-err>
  </testcase>
  <testcase name="verifyValidationMessage" classname="com.flipkart.testcases.SignInPageTest" time="4.22">
    <system-out><![CDATA[Launched Chrome browser
Launched Url: https://www.flipkart.com/
]]></system-out>
    <system-err><![CDATA[Dec 24, 2025 12:39:26 PM org.openqa.selenium.devtools.CdpVersionFinder findNearestMatch
WARNING: Unable to find an exact match for CDP version 143, returning the closest version; found: 142; Please update to a Selenium version that supports CDP version 143
]]></system-err>
  </testcase>
</testsuite>