<?xml version="1.0" encoding="UTF-8"?>
<testsuite xmlns:xsi="http://www.w3.org/2001/XMLSchema-instance" xsi:noNamespaceSchemaLocation="https://maven.apache.org/surefire/maven-surefire-plugin/xsd/surefire-test-report-3.0.xsd" version="3.0" name="TestSuite" time="1325.483" tests="57" errors="0" skipped="0" failures="0">
  <properties>
[...]
</properties>
  <testcase name="verifyLogoDisplayed" classname="com.flipkart.testcases.HomePageTest" time="0.671">
    <system-out><![CDATA[Launched Chrome browser
Launched Url: https://www.flipkart.com/
]]></system-out>
    <system-err><![CDATA[Dec 30, 2025 12:17:33 PM org.openqa.selenium.devtools.CdpVersionFinder findNearestMatch
WARNING: Unable to find an exact match for CDP version 143, returning the closest version; found: 142; Please update to a Selenium version that supports CDP version 143
]]></system-err>
  </testcase>
  <testcase name="verifyLoginButton" classname="com.flipkart.testcases.HomePageTest" time="9.14">
    <system-out><![CDATA[Launched Chrome browser
Launched Url: https://www.flipkart.com/
]]></system-out>
    <system-err><![CDATA[Dec 30, 2025 12:17:48 PM org.openqa.selenium.devtools.CdpVersionFinder findNearestMatch
WARNING: Unable to find an exact match for CDP version 143, returning the closest version; found: 142; Please update to a Selenium version that supports CDP version 143
]]></system-err>
  </testcase>
  <testcase name="verifyBecomeSellerNavigation" classname="com.flipkart.testcases.HomePageTest" time="27.797">
    <system-out><![CDATA[Launched Chrome browser
Launched Url: https://www.flipkart.com/
]]></system-out>
    <system-err><![CDATA[Dec 30, 2025 12:18:16 PM org.openqa.selenium.devtools.CdpVersionFinder findNearestMatch
WARNING: Unable to find an exact match for CDP version 143, returning the closest version; found: 142; Please update to a Selenium version that supports CDP version 143
]]></system-err>
  </testcase>
  <testcase name="verifyGroceryCategoryNavigation" classname="com.flipkart.testcases.HomePageTest" time="6.809">
    <system-out><![CDATA[Launched Chrome browser
Launched Url: https://www.flipkart.com/
]]></system-out>
    <system-err><![CDATA[Dec 30, 2025 12:18:59 PM org.openqa.selenium.devtools.CdpVersionFinder findNearestMatch
WARNING: Unable to find an exact match for CDP version 143, returning the closest version; found: 142; Please update to a Selenium version that supports CDP version 143
]]></system-err>
  </testcase>
  <testcase name="verifyFashionSubCategoryNavigation" classname="com.flipkart.testcases.HomePageTest" time="20.091">
    <system-out><![CDATA[Launched Chrome browser
Launched Url: https://www.flipkart.com/
]]></system-out>
    <system-err><![CDATA[Dec 30, 2025 12:19:23 PM org.openqa.selenium.devtools.CdpVersionFinder findNearestMatch
WARNING: Unable to find an exact match for CDP version 143, returning the closest version; found: 142; Please update to a Selenium version that supports CDP version 143
]]></system-err>
  </testcase>
  <testcase name="verifyElectronicsSubCategoryNavigation" classname="com.flipkart.testcases.HomePageTest" time="10.728">
    <system-out><![CDATA[Launched Chrome browser
Launched Url: https://www.flipkart.com/
]]></system-out>
    <system-err><![CDATA[Dec 30, 2025 12:19:59 PM org.openqa.selenium.devtools.CdpVersionFinder findNearestMatch
WARNING: Unable to find an exact match for CDP version 143, returning the closest version; found: 142; Please update to a Selenium version that supports CDP version 143
]]></system-err>
  </testcase>
  <testcase name="verifyFurnitureSubCategoryNavigation" classname="com.flipkart.testcases.HomePageTest" time="7.703">
    <system-out><![CDATA[Launched Chrome browser
Launched Url: https://www.flipkart.com/
]]></system-out>
    <system-err><![CDATA[Dec 30, 2025 12:20:29 PM org.openqa.selenium.devtools.CdpVersionFinder findNearestMatch
WARNING: Unable to find an exact match for CDP version 143, returning the closest version; found: 142; Please update to a Selenium version that supports CDP version 143
]]></system-err>
  </testcase>
  <testcase name="verifyHomePageTitle" classname="com.flipkart.testcases.HomePageTest" time="0.281">
    <system-out><![CDATA[Launched Chrome browser
Launched Url: https://www.flipkart.com/
]]></system-out>
    <system-err><![CDATA[Dec 30, 2025 12:20:48 PM org.openqa.selenium.devtools.CdpVersionFinder findNearestMatch
WARNING: Unable to find an exact match for CDP version 143, returning the closest version; found: 142; Please update to a Selenium version that supports CDP version 143
]]></system-err>
  </testcase>
  <testcase name="verifySearchBoxEnabled" classname="com.flipkart.testcases.HomePageTest" time="0.276">
    <system-out><![CDATA[Launched Chrome browser
Launched Url: https://www.flipkart.com/
]]></system-out>
    <system-err><![CDATA[Dec 30, 2025 12:21:03 PM org.openqa.selenium.devtools.CdpVersionFinder findNearestMatch
WARNING: Unable to find an exact match for CDP version 143, returning the closest version; found: 142; Please update to a Selenium version that supports CDP version 143
]]></system-err>
  </testcase>
  <testcase name="verifycartIconVisible" classname="com.flipkart.testcases.HomePageTest" time="0.777">
    <system-out><![CDATA[Launched Chrome browser
Launched Url: https://www.flipkart.com/
]]></system-out>
    <system-err><![CDATA[Dec 30, 2025 12:21:14 PM org.openqa.selenium.devtools.CdpVersionFinder findNearestMatch
WARNING: Unable to find an exact match for CDP version 143, returning the closest version; found: 142; Please update to a Selenium version that supports CDP version 143
]]></system-err>
  </testcase>
  <testcase name="verifyAbletoSerachProduct" classname="com.flipkart.testcases.HomePageTest" time="10.683">
    <system-out><![CDATA[Launched Chrome browser
Launched Url: https://www.flipkart.com/
]]></system-out>
    <system-err><![CDATA[Dec 30, 2025 12:21:50 PM org.openqa.selenium.devtools.CdpVersionFinder findNearestMatch
WARNING: Unable to find an exact match for CDP version 143, returning the closest version; found: 142; Please update to a Selenium version that supports CDP version 143
]]></system-err>
  </testcase>
  <testcase name="verifyValidProductSearch" classname="com.flipkart.testcases.ProductSearchTest" time="9.723">
    <system-out><![CDATA[Launched Chrome browser
Launched Url: https://www.flipkart.com/
]]></system-out>
    <system-err><![CDATA[Dec 30, 2025 12:22:18 PM org.openqa.selenium.devtools.CdpVersionFinder findNearestMatch
WARNING: Unable to find an exact match for CDP version 143, returning the closest version; found: 142; Please update to a Selenium version that supports CDP version 143
]]></system-err>
  </testcase>
  <testcase name="verifyProductSearchResultDisplay" classname="com.flipkart.testcases.ProductSearchTest" time="11.39">
    <system-out><![CDATA[Launched Chrome browser
Launched Url: https://www.flipkart.com/
]]></system-out>
    <system-err><![CDATA[Dec 30, 2025 12:22:39 PM org.openqa.selenium.devtools.CdpVersionFinder findNearestMatch
WARNING: Unable to find an exact match for CDP version 143, returning the closest version; found: 142; Please update to a Selenium version that supports CDP version 143
]]></system-err>
  </testcase>
  <testcase name="verifyProductSearchUsingEnterKey" classname="com.flipkart.testcases.ProductSearchTest" time="6.86">
    <system-out><![CDATA[Launched Chrome browser
Launched Url: https://www.flipkart.com/
]]></system-out>
    <system-err><![CDATA[Dec 30, 2025 12:23:07 PM org.openqa.selenium.devtools.CdpVersionFinder findNearestMatch
WARNING: Unable to find an exact match for CDP version 143, returning the closest version; found: 142; Please update to a Selenium version that supports CDP version 143
]]></system-err>
  </testcase>
  <testcase name="verifyEmptySearch" classname="com.flipkart.testcases.ProductSearchTest" time="3.052">
    <system-out><![CDATA[Launched Chrome browser
Launched Url: https://www.flipkart.com/
]]></system-out>
    <system-err><![CDATA[Dec 30, 2025 12:23:23 PM org.openqa.selenium.devtools.CdpVersionFinder findNearestMatch
WARNING: Unable to find an exact match for CDP version 143, returning the closest version; found: 142; Please update to a Selenium version that supports CDP version 143
]]></system-err>
  </testcase>
  <testcase name="verifyProductSearchWithSpecialCharacter" classname="com.flipkart.testcases.ProductSearchTest" time="8.94">
    <system-out><![CDATA[Launched Chrome browser
Launched Url: https://www.flipkart.com/
]]></system-out>
    <system-err><![CDATA[Dec 30, 2025 12:23:36 PM org.openqa.selenium.devtools.CdpVersionFinder findNearestMatch
WARNING: Unable to find an exact match for CDP version 143, returning the closest version; found: 142; Please update to a Selenium version that supports CDP version 143
]]></system-err>
  </testcase>
  <testcase name="verifyProductSearchWithLongText" classname="com.flipkart.testcases.ProductSearchTest" time="18.685">
    <system-out><![CDATA[Launched Chrome browser
Launched Url: https://www.flipkart.com/
]]></system-out>
    <system-err><![CDATA[Dec 30, 2025 12:24:03 PM org.openqa.selenium.devtools.CdpVersionFinder findNearestMatch
WARNING: Unable to find an exact match for CDP version 143, returning the closest version; found: 142; Please update to a Selenium version that supports CDP version 143
]]></system-err>
  </testcase>
  <testcase name="verifyProductSearchWithNumber" classname="com.flipkart.testcases.ProductSearchTest" time="10.502">
    <system-out><![CDATA[Launched Chrome browser
Launched Url: https://www.flipkart.com/
]]></system-out>
    <system-err><![CDATA[Dec 30, 2025 12:24:40 PM org.openqa.selenium.devtools.CdpVersionFinder findNearestMatch
WARNING: Unable to find an exact match for CDP version 143, returning the closest version; found: 142; Please update to a Selenium version that supports CDP version 143
]]></system-err>
  </testcase>
  <testcase name="verifyProductWithMultipleSearch" classname="com.flipkart.testcases.ProductSearchTest" time="17.817">
    <system-out><![CDATA[Launched Chrome browser
Launched Url: https://www.flipkart.com/
]]></system-out>
    <system-err><![CDATA[Dec 30, 2025 12:25:04 PM org.openqa.selenium.devtools.CdpVersionFinder findNearestMatch
WARNING: Unable to find an exact match for CDP version 143, returning the closest version; found: 142; Please update to a Selenium version that supports CDP version 143
]]></system-err>
  </testcase>
  <testcase name="verifyProductSearchIncaseSensitive" classname="com.flipkart.testcases.ProductSearchTest" time="10.299">
    <system-out><![CDATA[Launched Chrome browser
Launched Url: https://www.flipkart.com/
]]></system-out>
    <system-err><![CDATA[Dec 30, 2025 12:25:39 PM org.openqa.selenium.devtools.CdpVersionFinder findNearestMatch
WARNING: Unable to find an exact match for CDP version 143, returning the closest version; found: 142; Please update to a Selenium version that supports CDP version 143
]]></system-err>
  </testcase>
  <testcase name="verifyPlaceholderTextIsDisplayedWhenTheSearchBarIsEmpty" classname="com.flipkart.testcases.ProductSearchTest" time="0.207">
    <system-out><![CDATA[Launched Chrome browser
Launched Url: https://www.flipkart.com/
true
]]></system-out>
    <system-err><![CDATA[Dec 30, 2025 12:26:02 PM org.openqa.selenium.devtools.CdpVersionFinder findNearestMatch
WARNING: Unable to find an exact match for CDP version 143, returning the closest version; found: 142; Please update to a Selenium version that supports CDP version 143
]]></system-err>
  </testcase>
  <testcase name="verifyProductSearchWithPartialText" classname="com.flipkart.testcases.ProductSearchTest" time="12.968">
    <system-out><![CDATA[Launched Chrome browser
Launched Url: https://www.flipkart.com/
]]></system-out>
    <system-err><![CDATA[Dec 30, 2025 12:26:12 PM org.openqa.selenium.devtools.CdpVersionFinder findNearestMatch
WARNING: Unable to find an exact match for CDP version 143, returning the closest version; found: 142; Please update to a Selenium version that supports CDP version 143
]]></system-err>
  </testcase>
  <testcase name="verifyDefaultSorting" classname="com.flipkart.testcases.SearchResultFilterTest" time="15.48">
    <system-out><![CDATA[Launched Chrome browser
Launched Url: https://www.flipkart.com/
]]></system-out>
    <system-err><![CDATA[Dec 30, 2025 12:26:38 PM org.openqa.selenium.devtools.CdpVersionFinder findNearestMatch
WARNING: Unable to find an exact match for CDP version 143, returning the closest version; found: 142; Please update to a Selenium version that supports CDP version 143
]]></system-err>
  </testcase>
  <testcase name="verifyResultCountIsDisplayed" classname="com.flipkart.testcases.SearchResultFilterTest" time="5.796">
    <system-out><![CDATA[Launched Chrome browser
Launched Url: https://www.flipkart.com/
]]></system-out>
    <system-err><![CDATA[Dec 30, 2025 12:27:06 PM org.openqa.selenium.devtools.CdpVersionFinder findNearestMatch
WARNING: Unable to find an exact match for CDP version 143, returning the closest version; found: 142; Please update to a Selenium version that supports CDP version 143
]]></system-err>
  </testcase>
  <testcase name="verifySortByReleveance" classname="com.flipkart.testcases.SearchResultFilterTest" time="12.851">
    <system-out><![CDATA[Launched Chrome browser
Launched Url: https://www.flipkart.com/
]]></system-out>
    <system-err><![CDATA[Dec 30, 2025 12:27:25 PM org.openqa.selenium.devtools.CdpVersionFinder findNearestMatch
WARNING: Unable to find an exact match for CDP version 143, returning the closest version; found: 142; Please update to a Selenium version that supports CDP version 143
]]></system-err>
  </testcase>
  <testcase name="verifyProductCountRemainsSameAfterSortByReleveance" classname="com.flipkart.testcases.SearchResultFilterTest" time="11.525">
    <system-out><![CDATA[Launched Chrome browser
Launched Url: https://www.flipkart.com/
]]></system-out>
    <system-err><![CDATA[Dec 30, 2025 12:27:50 PM org.openqa.selenium.devtools.CdpVersionFinder findNearestMatch
WARNING: Unable to find an exact match for CDP version 143, returning the closest version; found: 142; Please update to a Selenium version that supports CDP version 143
]]></system-err>
  </testcase>
  <testcase name="verifySortByPopularity" classname="com.flipkart.testcases.SearchResultFilterTest" time="9.466">
    <system-out><![CDATA[Launched Chrome browser
Launched Url: https://www.flipkart.com/
]]></system-out>
    <system-err><![CDATA[Dec 30, 2025 12:28:11 PM org.openqa.selenium.devtools.CdpVersionFinder findNearestMatch
WARNING: Unable to find an exact match for CDP version 143, returning the closest version; found: 142; Please update to a Selenium version that supports CDP version 143
]]></system-err>
  </testcase>
  <testcase name="verifySortByPriceLowToHigh" classname="com.flipkart.testcases.SearchResultFilterTest" time="18.11">
    <system-out><![CDATA[Launched Chrome browser
Launched Url: https://www.flipkart.com/
click on price
wait for product load
[448, 458, 460, 461, 461, 469, 472, 490, 495, 499, 499, 499, 499, 499, 499, 499, 499, 499, 499, 499, 499, 499, 499, 499]
]]></system-out>
    <system-err><![CDATA[Dec 30, 2025 12:28:33 PM org.openqa.selenium.devtools.CdpVersionFinder findNearestMatch
WARNING: Unable to find an exact match for CDP version 143, returning the closest version; found: 142; Please update to a Selenium version that supports CDP version 143
]]></system-err>
  </testcase>
  <testcase name="verifySortByNewestFirst" classname="com.flipkart.testcases.SearchResultFilterTest" time="10.913">
    <system-out><![CDATA[Launched Chrome browser
Launched Url: https://www.flipkart.com/
]]></system-out>
    <system-err><![CDATA[Dec 30, 2025 12:29:05 PM org.openqa.selenium.devtools.CdpVersionFinder findNearestMatch
WARNING: Unable to find an exact match for CDP version 143, returning the closest version; found: 142; Please update to a Selenium version that supports CDP version 143
]]></system-err>
  </testcase>
  <testcase name="verifyMultipleSortOperations" classname="com.flipkart.testcases.SearchResultFilterTest" time="15.461">
    <system-out><![CDATA[Launched Chrome browser
Launched Url: https://www.flipkart.com/
]]></system-out>
    <system-err><![CDATA[Dec 30, 2025 12:29:26 PM org.openqa.selenium.devtools.CdpVersionFinder findNearestMatch
WARNING: Unable to find an exact match for CDP version 143, returning the closest version; found: 142; Please update to a Selenium version that supports CDP version 143
]]></system-err>
  </testcase>
  <testcase name="verifyProductSearchWithSecondSuggestionText" classname="com.flipkart.testcases.SearchResultFilterTest" time="10.767">
    <system-out><![CDATA[Launched Chrome browser
Launched Url: https://www.flipkart.com/
]]></system-out>
    <system-err><![CDATA[Dec 30, 2025 12:29:56 PM org.openqa.selenium.devtools.CdpVersionFinder findNearestMatch
WARNING: Unable to find an exact match for CDP version 143, returning the closest version; found: 142; Please update to a Selenium version that supports CDP version 143
]]></system-err>
  </testcase>
  <testcase name="verifySearchFunctionalityUsingDDT[mobile](1)" classname="com.flipkart.testcases.ProductSearchUsingDDT" time="7.372">
    <system-out><![CDATA[mobile
laptop
tshirt
jeans
furniture
Fastrack
Wallets
Launched Chrome browser
Launched Url: https://www.flipkart.com/
]]></system-out>
    <system-err><![CDATA[Dec 30, 2025 12:30:18 PM org.openqa.selenium.devtools.CdpVersionFinder findNearestMatch
WARNING: Unable to find an exact match for CDP version 143, returning the closest version; found: 142; Please update to a Selenium version that supports CDP version 143
]]></system-err>
  </testcase>
  <testcase name="verifySearchFunctionalityUsingDDT[laptop](2)" classname="com.flipkart.testcases.ProductSearchUsingDDT" time="9.054">
    <system-out><![CDATA[Launched Chrome browser
Launched Url: https://www.flipkart.com/
]]></system-out>
    <system-err><![CDATA[Dec 30, 2025 12:30:34 PM org.openqa.selenium.devtools.CdpVersionFinder findNearestMatch
WARNING: Unable to find an exact match for CDP version 143, returning the closest version; found: 142; Please update to a Selenium version that supports CDP version 143
]]></system-err>
  </testcase>
  <testcase name="verifySearchFunctionalityUsingDDT[tshirt](3)" classname="com.flipkart.testcases.ProductSearchUsingDDT" time="7.911">
    <system-out><![CDATA[Launched Chrome browser
Launched Url: https://www.flipkart.com/
]]></system-out>
    <system-err><![CDATA[Dec 30, 2025 12:30:53 PM org.openqa.selenium.devtools.CdpVersionFinder findNearestMatch
WARNING: Unable to find an exact match for CDP version 143, returning the closest version; found: 142; Please update to a Selenium version that supports CDP version 143
]]></system-err>
  </testcase>
  <testcase name="verifySearchFunctionalityUsingDDT[jeans](4)" classname="com.flipkart.testcases.ProductSearchUsingDDT" time="6.226">
    <system-out><![CDATA[Launched Chrome browser
Launched Url: https://www.flipkart.com/
]]></system-out>
    <system-err><![CDATA[Dec 30, 2025 12:31:10 PM org.openqa.selenium.devtools.CdpVersionFinder findNearestMatch
WARNING: Unable to find an exact match for CDP version 143, returning the closest version; found: 142; Please update to a Selenium version that supports CDP version 143
]]></system-err>
  </testcase>
  <testcase name="verifySearchFunctionalityUsingDDT[furniture](5)" classname="com.flipkart.testcases.ProductSearchUsingDDT" time="8.027">
    <system-out><![CDATA[Launched Chrome browser
Launched Url: https://www.flipkart.com/
]]></system-out>
    <system-err><![CDATA[Dec 30, 2025 12:31:24 PM org.openqa.selenium.devtools.CdpVersionFinder findNearestMatch
WARNING: Unable to find an exact match for CDP version 143, returning the closest version; found: 142; Please update to a Selenium version that supports CDP version 143
]]></system-err>
  </testcase>
  <testcase name="verifySearchFunctionalityUsingDDT[Fastrack](6)" classname="com.flipkart.testcases.ProductSearchUsingDDT" time="14.467">
    <system-out><![CDATA[Launched Chrome browser
Launched Url: https://www.flipkart.com/
]]></system-out>
    <system-err><![CDATA[Dec 30, 2025 12:31:43 PM org.openqa.selenium.devtools.CdpVersionFinder findNearestMatch
WARNING: Unable to find an exact match for CDP version 143, returning the closest version; found: 142; Please update to a Selenium version that supports CDP version 143
]]></system-err>
  </testcase>
  <testcase name="verifySearchFunctionalityUsingDDT[Wallets](7)" classname="com.flipkart.testcases.ProductSearchUsingDDT" time="10.588">
    <system-out><![CDATA[Launched Chrome browser
Launched Url: https://www.flipkart.com/
]]></system-out>
    <system-err><![CDATA[Dec 30, 2025 12:32:11 PM org.openqa.selenium.devtools.CdpVersionFinder findNearestMatch
WARNING: Unable to find an exact match for CDP version 143, returning the closest version; found: 142; Please update to a Selenium version that supports CDP version 143
]]></system-err>
  </testcase>
  <testcase name="verifyLoginButtonDisplayed" classname="com.flipkart.testcases.LoginPageTest" time="0.322">
    <system-out><![CDATA[Launched Chrome browser
Launched Url: https://www.flipkart.com/
]]></system-out>
    <system-err><![CDATA[Dec 30, 2025 12:32:37 PM org.openqa.selenium.devtools.CdpVersionFinder findNearestMatch
WARNING: Unable to find an exact match for CDP version 143, returning the closest version; found: 142; Please update to a Selenium version that supports CDP version 143
]]></system-err>
  </testcase>
  <testcase name="verifyUsernameTextboxDisplayed" classname="com.flipkart.testcases.LoginPageTest" time="14.461">
    <system-out><![CDATA[Launched Chrome browser
Launched Url: https://www.flipkart.com/
]]></system-out>
    <system-err><![CDATA[Dec 30, 2025 12:32:47 PM org.openqa.selenium.devtools.CdpVersionFinder findNearestMatch
WARNING: Unable to find an exact match for CDP version 143, returning the closest version; found: 142; Please update to a Selenium version that supports CDP version 143
]]></system-err>
  </testcase>
  <testcase name="verifyUsernameTextboxEnabled" classname="com.flipkart.testcases.LoginPageTest" time="8.03">
    <system-out><![CDATA[Launched Chrome browser
Launched Url: https://www.flipkart.com/
]]></system-out>
    <system-err><![CDATA[Dec 30, 2025 12:33:18 PM org.openqa.selenium.devtools.CdpVersionFinder findNearestMatch
WARNING: Unable to find an exact match for CDP version 143, returning the closest version; found: 142; Please update to a Selenium version that supports CDP version 143
]]></system-err>
  </testcase>
  <testcase name="verifyPlaceholderTextDisplayed" classname="com.flipkart.testcases.LoginPageTest" time="5.01">
    <system-out><![CDATA[Launched Chrome browser
Launched Url: https://www.flipkart.com/
]]></system-out>
    <system-err><![CDATA[Dec 30, 2025 12:33:36 PM org.openqa.selenium.devtools.CdpVersionFinder findNearestMatch
WARNING: Unable to find an exact match for CDP version 143, returning the closest version; found: 142; Please update to a Selenium version that supports CDP version 143
]]></system-err>
  </testcase>
  <testcase name="verifyTermsOfUseNaviagtion" classname="com.flipkart.testcases.LoginPageTest" time="5.78">
    <system-out><![CDATA[Launched Chrome browser
Launched Url: https://www.flipkart.com/
Switched to window with title: Terms Store Online - Buy Terms Online at Best Price in India | Flipkart.com
Terms Store Online - Buy Terms Online at Best Price in India | Flipkart.com
]]></system-out>
    <system-err><![CDATA[Dec 30, 2025 12:33:49 PM org.openqa.selenium.devtools.CdpVersionFinder findNearestMatch
WARNING: Unable to find an exact match for CDP version 143, returning the closest version; found: 142; Please update to a Selenium version that supports CDP version 143
]]></system-err>
  </testcase>
  <testcase name="verifyPrivacyPolicyNaviagtion" classname="com.flipkart.testcases.LoginPageTest" time="6.504">
    <system-out><![CDATA[Launched Chrome browser
Launched Url: https://www.flipkart.com/
Switched to window with title: Privacypolicy Store Online - Buy Privacypolicy Online at Best Price in India | Flipkart.com
]]></system-out>
    <system-err><![CDATA[Dec 30, 2025 12:34:06 PM org.openqa.selenium.devtools.CdpVersionFinder findNearestMatch
WARNING: Unable to find an exact match for CDP version 143, returning the closest version; found: 142; Please update to a Selenium version that supports CDP version 143
]]></system-err>
  </testcase>
  <testcase name="verifyCreateNewUserLinkVisible" classname="com.flipkart.testcases.LoginPageTest" time="8.072">
    <system-out><![CDATA[Launched Chrome browser
Launched Url: https://www.flipkart.com/
]]></system-out>
    <system-err><![CDATA[Dec 30, 2025 12:34:21 PM org.openqa.selenium.devtools.CdpVersionFinder findNearestMatch
WARNING: Unable to find an exact match for CDP version 143, returning the closest version; found: 142; Please update to a Selenium version that supports CDP version 143
]]></system-err>
  </testcase>
  <testcase name="verifyCreateNewUserLinkEnabled" classname="com.flipkart.testcases.LoginPageTest" time="5.621">
    <system-out><![CDATA[Launched Chrome browser
Launched Url: https://www.flipkart.com/
]]></system-out>
    <system-err><![CDATA[Dec 30, 2025 12:34:41 PM org.openqa.selenium.devtools.CdpVersionFinder findNearestMatch
WARNING: Unable to find an exact match for CDP version 143, returning the closest version; found: 142; Please update to a Selenium version that supports CDP version 143
]]></system-err>
  </testcase>
  <testcase name="verifyUserLogin" classname="com.flipkart.testcases.LoginPageTest" time="9.562">
    <system-out><![CDATA[Launched Chrome browser
Launched Url: https://www.flipkart.com/
]]></system-out>
    <system-err><![CDATA[Dec 30, 2025 12:34:56 PM org.openqa.selenium.devtools.CdpVersionFinder findNearestMatch
WARNING: Unable to find an exact match for CDP version 143, returning the closest version; found: 142; Please update to a Selenium version that supports CDP version 143
]]></system-err>
  </testcase>
  <testcase name="verifyCreateNewUserLinkNavigation" classname="com.flipkart.testcases.LoginPageTest" time="12.101">
    <system-out><![CDATA[Launched Chrome browser
Launched Url: https://www.flipkart.com/
]]></system-out>
    <system-err><![CDATA[Dec 30, 2025 12:35:18 PM org.openqa.selenium.devtools.CdpVersionFinder findNearestMatch
WARNING: Unable to find an exact match for CDP version 143, returning the closest version; found: 142; Please update to a Selenium version that supports CDP version 143
]]></system-err>
  </testcase>
  <testcase name="verifyAddToCartFunctionality" classname="com.flipkart.testcases.AddToCartTest" time="32.671">
    <system-out><![CDATA[Launched Chrome browser
Launched Url: https://www.flipkart.com/
]]></system-out>
    <system-err><![CDATA[Dec 30, 2025 12:35:42 PM org.openqa.selenium.devtools.CdpVersionFinder findNearestMatch
WARNING: Unable to find an exact match for CDP version 143, returning the closest version; found: 142; Please update to a Selenium version that supports CDP version 143
]]></system-err>
  </testcase>
  <testcase name="verifyAddToCartFunctionalityWithBuyNowOption" classname="com.flipkart.testcases.AddToCartTest" time="28.021">
    <system-out><![CDATA[Launched Chrome browser
Launched Url: https://www.flipkart.com/
]]></system-out>
    <system-err><![CDATA[Dec 30, 2025 12:36:31 PM org.openqa.selenium.devtools.CdpVersionFinder findNearestMatch
WARNING: Unable to find an exact match for CDP version 143, returning the closest version; found: 142; Please update to a Selenium version that supports CDP version 143
]]></system-err>
  </testcase>
  <testcase name="verifySignupNavigation" classname="com.flipkart.testcases.SignInPageTest" time="14.008">
    <system-out><![CDATA[Launched Chrome browser
Launched Url: https://www.flipkart.com/
]]></system-out>
    <system-err><![CDATA[Dec 30, 2025 12:37:10 PM org.openqa.selenium.devtools.CdpVersionFinder findNearestMatch
WARNING: Unable to find an exact match for CDP version 143, returning the closest version; found: 142; Please update to a Selenium version that supports CDP version 143
]]></system-err>
  </testcase>
  <testcase name="verifyContinueButton" classname="com.flipkart.testcases.SignInPageTest" time="7.272">
    <system-out><![CDATA[Launched Chrome browser
Launched Url: https://www.flipkart.com/
]]></system-out>
    <system-err><![CDATA[Dec 30, 2025 12:37:40 PM org.openqa.selenium.devtools.CdpVersionFinder findNearestMatch
WARNING: Unable to find an exact match for CDP version 143, returning the closest version; found: 142; Please update to a Selenium version that supports CDP version 143
]]></system-err>
  </testcase>
  <testcase name="verifyContinueButtonEnabled" classname="com.flipkart.testcases.SignInPageTest" time="5.806">
    <system-out><![CDATA[Launched Chrome browser
Launched Url: https://www.flipkart.com/
]]></system-out>
    <system-err><![CDATA[Dec 30, 2025 12:38:07 PM org.openqa.selenium.devtools.CdpVersionFinder findNearestMatch
WARNING: Unable to find an exact match for CDP version 143, returning the closest version; found: 142; Please update to a Selenium version that supports CDP version 143
]]></system-err>
  </testcase>
  <testcase name="verifyExistingUserLinkIsEnabled" classname="com.flipkart.testcases.SignInPageTest" time="5.546">
    <system-out><![CDATA[Launched Chrome browser
Launched Url: https://www.flipkart.com/
]]></system-out>
    <system-err><![CDATA[Dec 30, 2025 12:38:22 PM org.openqa.selenium.devtools.CdpVersionFinder findNearestMatch
WARNING: Unable to find an exact match for CDP version 143, returning the closest version; found: 142; Please update to a Selenium version that supports CDP version 143
]]></system-err>
  </testcase>
  <testcase name="verifyExistingUserLinkIsDisplayed" classname="com.flipkart.testcases.SignInPageTest" time="5.706">
    <system-out><![CDATA[Launched Chrome browser
Launched Url: https://www.flipkart.com/
]]></system-out>
    <system-err><![CDATA[Dec 30, 2025 12:38:35 PM org.openqa.selenium.devtools.CdpVersionFinder findNearestMatch
WARNING: Unable to find an exact match for CDP version 143, returning the closest version; found: 142; Please update to a Selenium version that supports CDP version 143
]]></system-err>
  </testcase>
  <testcase name="verifyExistingUserNavigation" classname="com.flipkart.testcases.SignInPageTest" time="8.258">
    <system-out><![CDATA[Launched Chrome browser
Launched Url: https://www.flipkart.com/
]]></system-out>
    <system-err><![CDATA[Dec 30, 2025 12:38:52 PM org.openqa.selenium.devtools.CdpVersionFinder findNearestMatch
WARNING: Unable to find an exact match for CDP version 143, returning the closest version; found: 142; Please update to a Selenium version that supports CDP version 143
]]></system-err>
  </testcase>
  <testcase name="verifyValidationMessage" classname="com.flipkart.testcases.SignInPageTest" time="7.349">
    <system-out><![CDATA[Launched Chrome browser
Launched Url: https://www.flipkart.com/
]]></system-out>
    <system-err><![CDATA[Dec 30, 2025 12:39:08 PM org.openqa.selenium.devtools.CdpVersionFinder findNearestMatch
WARNING: Unable to find an exact match for CDP version 143, returning the closest version; found: 142; Please update to a Selenium version that supports CDP version 143
]]></system-err>
  </testcase>
</testsuite>