<?xml version="1.0" encoding="UTF-8"?>
<testng-results ignored="0" total="57" passed="57" failed="0" skipped="0">
  <reporter-output>
  </reporter-output>
  <suite started-at="2025-12-30T12:17:27 IST" name="MasterSuite" finished-at="2025-12-30T12:39:25 IST" duration-ms="1318612">
    <groups>
      <group name="Master">
        <method signature="AddToCartTest.verifyAddToCartFunctionality()[pri:1, instance:com.flipkart.testcases.AddToCartTest@4b6690c0]" name="verifyAddToCartFunctionality" class="com.flipkart.testcases.AddToCartTest"/>
        <method signature="SearchResultFilterTest.verifySortByPopularity()[pri:5, instance:com.flipkart.testcases.SearchResultFilterTest@1852a3ff]" name="verifySortByPopularity" class="com.flipkart.testcases.SearchResultFilterTest"/>
        <method signature="SignInPageTest.verifyExistingUserLinkIsDisplayed()[pri:5, instance:com.flipkart.testcases.SignInPageTest@46268f08]" name="verifyExistingUserLinkIsDisplayed" class="com.flipkart.testcases.SignInPageTest"/>
        <method signature="SearchResultFilterTest.verifySortByPriceLowToHigh()[pri:6, instance:com.flipkart.testcases.SearchResultFilterTest@1852a3ff]" name="verifySortByPriceLowToHigh" class="com.flipkart.testcases.SearchResultFilterTest"/>
        <method signature="LoginPageTest.verifyCreateNewUserLinkEnabled()[pri:8, instance:com.flipkart.testcases.LoginPageTest@25bfcafd]" name="verifyCreateNewUserLinkEnabled" class="com.flipkart.testcases.LoginPageTest"/>
      </group> <!-- Master -->
      <group name="Sanity">
        <method signature="LoginPageTest.verifyLoginButtonDisplayed()[pri:1, instance:com.flipkart.testcases.LoginPageTest@25bfcafd]" name="verifyLoginButtonDisplayed" class="com.flipkart.testcases.LoginPageTest"/>
        <method signature="SearchResultFilterTest.verifyDefaultSorting()[pri:1, instance:com.flipkart.testcases.SearchResultFilterTest@1852a3ff]" name="verifyDefaultSorting" class="com.flipkart.testcases.SearchResultFilterTest"/>
        <method signature="SignInPageTest.verifySignupNavigation()[pri:1, instance:com.flipkart.testcases.SignInPageTest@46268f08]" name="verifySignupNavigation" class="com.flipkart.testcases.SignInPageTest"/>
        <method signature="AddToCartTest.verifyAddToCartFunctionalityWithBuyNowOption()[pri:2, instance:com.flipkart.testcases.AddToCartTest@4b6690c0]" name="verifyAddToCartFunctionalityWithBuyNowOption" class="com.flipkart.testcases.AddToCartTest"/>
        <method signature="LoginPageTest.verifyUsernameTextboxDisplayed()[pri:2, instance:com.flipkart.testcases.LoginPageTest@25bfcafd]" name="verifyUsernameTextboxDisplayed" class="com.flipkart.testcases.LoginPageTest"/>
        <method signature="SignInPageTest.verifyExistingUserLinkIsEnabled()[pri:4, instance:com.flipkart.testcases.SignInPageTest@46268f08]" name="verifyExistingUserLinkIsEnabled" class="com.flipkart.testcases.SignInPageTest"/>
        <method signature="SearchResultFilterTest.verifyMultipleSortOperations()[pri:9, instance:com.flipkart.testcases.SearchResultFilterTest@1852a3ff]" name="verifyMultipleSortOperations" class="com.flipkart.testcases.SearchResultFilterTest"/>
        <method signature="HomePageTest.verifycartIconVisible()[pri:10, instance:com.flipkart.testcases.HomePageTest@4612b856]" name="verifycartIconVisible" class="com.flipkart.testcases.HomePageTest"/>
        <method signature="HomePageTest.verifyAbletoSerachProduct()[pri:11, instance:com.flipkart.testcases.HomePageTest@4612b856]" name="verifyAbletoSerachProduct" class="com.flipkart.testcases.HomePageTest"/>
      </group> <!-- Sanity -->
      <group name="Regression">
        <method signature="AddToCartTest.verifyAddToCartFunctionality()[pri:1, instance:com.flipkart.testcases.AddToCartTest@4b6690c0]" name="verifyAddToCartFunctionality" class="com.flipkart.testcases.AddToCartTest"/>
        <method signature="HomePageTest.verifyLogoDisplayed()[pri:1, instance:com.flipkart.testcases.HomePageTest@4612b856]" name="verifyLogoDisplayed" class="com.flipkart.testcases.HomePageTest"/>
        <method signature="SearchResultFilterTest.verifyDefaultSorting()[pri:1, instance:com.flipkart.testcases.SearchResultFilterTest@1852a3ff]" name="verifyDefaultSorting" class="com.flipkart.testcases.SearchResultFilterTest"/>
        <method signature="SignInPageTest.verifyContinueButton()[pri:2, instance:com.flipkart.testcases.SignInPageTest@46268f08]" name="verifyContinueButton" class="com.flipkart.testcases.SignInPageTest"/>
        <method signature="HomePageTest.verifyBecomeSellerNavigation()[pri:3, instance:com.flipkart.testcases.HomePageTest@4612b856]" name="verifyBecomeSellerNavigation" class="com.flipkart.testcases.HomePageTest"/>
        <method signature="LoginPageTest.verifyUsernameTextboxEnabled()[pri:3, instance:com.flipkart.testcases.LoginPageTest@25bfcafd]" name="verifyUsernameTextboxEnabled" class="com.flipkart.testcases.LoginPageTest"/>
        <method signature="SearchResultFilterTest.verifySortByReleveance()[pri:3, instance:com.flipkart.testcases.SearchResultFilterTest@1852a3ff]" name="verifySortByReleveance" class="com.flipkart.testcases.SearchResultFilterTest"/>
        <method signature="SignInPageTest.verifyContinueButtonEnabled()[pri:3, instance:com.flipkart.testcases.SignInPageTest@46268f08]" name="verifyContinueButtonEnabled" class="com.flipkart.testcases.SignInPageTest"/>
        <method signature="LoginPageTest.verifyPrivacyPolicyNaviagtion()[pri:6, instance:com.flipkart.testcases.LoginPageTest@25bfcafd]" name="verifyPrivacyPolicyNaviagtion" class="com.flipkart.testcases.LoginPageTest"/>
        <method signature="SignInPageTest.verifyValidationMessage()[pri:7, instance:com.flipkart.testcases.SignInPageTest@46268f08]" name="verifyValidationMessage" class="com.flipkart.testcases.SignInPageTest"/>
        <method signature="HomePageTest.verifyHomePageTitle()[pri:8, instance:com.flipkart.testcases.HomePageTest@4612b856]" name="verifyHomePageTitle" class="com.flipkart.testcases.HomePageTest"/>
        <method signature="LoginPageTest.verifyCreateNewUserLinkEnabled()[pri:8, instance:com.flipkart.testcases.LoginPageTest@25bfcafd]" name="verifyCreateNewUserLinkEnabled" class="com.flipkart.testcases.LoginPageTest"/>
      </group> <!-- Regression -->
    </groups>
    <test started-at="2025-12-30T12:17:27 IST" name="Test" finished-at="2025-12-30T12:39:25 IST" duration-ms="1318612">
      <class name="com.flipkart.testcases.SignInPageTest">
        <test-method is-config="true" signature="setUp(java.lang.String)[pri:0, instance:com.flipkart.testcases.SignInPageTest@46268f08]" started-at="2025-12-30T12:37:08 IST" name="setUp" finished-at="2025-12-30T12:37:23 IST" duration-ms="15274" status="PASS">
          <params>
            <param index="0">
              <value>
                <![CDATA[Chrome]]>
              </value>
            </param>
          </params>
          <reporter-output>
          </reporter-output>
        </test-method> <!-- setUp -->
        <test-method signature="verifySignupNavigation()[pri:1, instance:com.flipkart.testcases.SignInPageTest@46268f08]" started-at="2025-12-30T12:37:23 IST" name="verifySignupNavigation" finished-at="2025-12-30T12:37:37 IST" duration-ms="14006" status="PASS">
          <reporter-output>
          </reporter-output>
        </test-method> <!-- verifySignupNavigation -->
        <test-method is-config="true" signature="tearDown()[pri:0, instance:com.flipkart.testcases.SignInPageTest@46268f08]" started-at="2025-12-30T12:37:37 IST" name="tearDown" finished-at="2025-12-30T12:37:38 IST" duration-ms="511" status="PASS">
          <reporter-output>
          </reporter-output>
        </test-method> <!-- tearDown -->
        <test-method is-config="true" signature="setUp(java.lang.String)[pri:0, instance:com.flipkart.testcases.SignInPageTest@46268f08]" started-at="2025-12-30T12:37:38 IST" name="setUp" finished-at="2025-12-30T12:37:57 IST" duration-ms="19192" status="PASS">
          <params>
            <param index="0">
              <value>
                <![CDATA[Chrome]]>
              </value>
            </param>
          </params>
          <reporter-output>
          </reporter-output>
        </test-method> <!-- setUp -->
        <test-method signature="verifyContinueButton()[pri:2, instance:com.flipkart.testcases.SignInPageTest@46268f08]" started-at="2025-12-30T12:37:57 IST" name="verifyContinueButton" finished-at="2025-12-30T12:38:04 IST" duration-ms="7277" status="PASS">
          <reporter-output>
          </reporter-output>
        </test-method> <!-- verifyContinueButton -->
        <test-method is-config="true" signature="tearDown()[pri:0, instance:com.flipkart.testcases.SignInPageTest@46268f08]" started-at="2025-12-30T12:38:04 IST" name="tearDown" finished-at="2025-12-30T12:38:05 IST" duration-ms="612" status="PASS">
          <reporter-output>
          </reporter-output>
        </test-method> <!-- tearDown -->
        <test-method is-config="true" signature="setUp(java.lang.String)[pri:0, instance:com.flipkart.testcases.SignInPageTest@46268f08]" started-at="2025-12-30T12:38:05 IST" name="setUp" finished-at="2025-12-30T12:38:14 IST" duration-ms="8586" status="PASS">
          <params>
            <param index="0">
              <value>
                <![CDATA[Chrome]]>
              </value>
            </param>
          </params>
          <reporter-output>
          </reporter-output>
        </test-method> <!-- setUp -->
        <test-method signature="verifyContinueButtonEnabled()[pri:3, instance:com.flipkart.testcases.SignInPageTest@46268f08]" started-at="2025-12-30T12:38:14 IST" name="verifyContinueButtonEnabled" finished-at="2025-12-30T12:38:19 IST" duration-ms="5813" status="PASS">
          <reporter-output>
          </reporter-output>
        </test-method> <!-- verifyContinueButtonEnabled -->
        <test-method is-config="true" signature="tearDown()[pri:0, instance:com.flipkart.testcases.SignInPageTest@46268f08]" started-at="2025-12-30T12:38:19 IST" name="tearDown" finished-at="2025-12-30T12:38:20 IST" duration-ms="611" status="PASS">
          <reporter-output>
          </reporter-output>
        </test-method> <!-- tearDown -->
        <test-method is-config="true" signature="setUp(java.lang.String)[pri:0, instance:com.flipkart.testcases.SignInPageTest@46268f08]" started-at="2025-12-30T12:38:20 IST" name="setUp" finished-at="2025-12-30T12:38:27 IST" duration-ms="6956" status="PASS">
          <params>
            <param index="0">
              <value>
                <![CDATA[Chrome]]>
              </value>
            </param>
          </params>
          <reporter-output>
          </reporter-output>
        </test-method> <!-- setUp -->
        <test-method signature="verifyExistingUserLinkIsEnabled()[pri:4, instance:com.flipkart.testcases.SignInPageTest@46268f08]" started-at="2025-12-30T12:38:27 IST" name="verifyExistingUserLinkIsEnabled" finished-at="2025-12-30T12:38:32 IST" duration-ms="5546" status="PASS">
          <reporter-output>
          </reporter-output>
        </test-method> <!-- verifyExistingUserLinkIsEnabled -->
        <test-method is-config="true" signature="tearDown()[pri:0, instance:com.flipkart.testcases.SignInPageTest@46268f08]" started-at="2025-12-30T12:38:32 IST" name="tearDown" finished-at="2025-12-30T12:38:33 IST" duration-ms="504" status="PASS">
          <reporter-output>
          </reporter-output>
        </test-method> <!-- tearDown -->
        <test-method is-config="true" signature="setUp(java.lang.String)[pri:0, instance:com.flipkart.testcases.SignInPageTest@46268f08]" started-at="2025-12-30T12:38:33 IST" name="setUp" finished-at="2025-12-30T12:38:43 IST" duration-ms="10087" status="PASS">
          <params>
            <param index="0">
              <value>
                <![CDATA[Chrome]]>
              </value>
            </param>
          </params>
          <reporter-output>
          </reporter-output>
        </test-method> <!-- setUp -->
        <test-method signature="verifyExistingUserLinkIsDisplayed()[pri:5, instance:com.flipkart.testcases.SignInPageTest@46268f08]" started-at="2025-12-30T12:38:43 IST" name="verifyExistingUserLinkIsDisplayed" finished-at="2025-12-30T12:38:49 IST" duration-ms="5714" status="PASS">
          <reporter-output>
          </reporter-output>
        </test-method> <!-- verifyExistingUserLinkIsDisplayed -->
        <test-method is-config="true" signature="tearDown()[pri:0, instance:com.flipkart.testcases.SignInPageTest@46268f08]" started-at="2025-12-30T12:38:49 IST" name="tearDown" finished-at="2025-12-30T12:38:49 IST" duration-ms="657" status="PASS">
          <reporter-output>
          </reporter-output>
        </test-method> <!-- tearDown -->
        <test-method is-config="true" signature="setUp(java.lang.String)[pri:0, instance:com.flipkart.testcases.SignInPageTest@46268f08]" started-at="2025-12-30T12:38:49 IST" name="setUp" finished-at="2025-12-30T12:38:57 IST" duration-ms="7872" status="PASS">
          <params>
            <param index="0">
              <value>
                <![CDATA[Chrome]]>
              </value>
            </param>
          </params>
          <reporter-output>
          </reporter-output>
        </test-method> <!-- setUp -->
        <test-method signature="verifyExistingUserNavigation()[pri:6, instance:com.flipkart.testcases.SignInPageTest@46268f08]" started-at="2025-12-30T12:38:57 IST" name="verifyExistingUserNavigation" finished-at="2025-12-30T12:39:06 IST" duration-ms="8265" status="PASS">
          <reporter-output>
          </reporter-output>
        </test-method> <!-- verifyExistingUserNavigation -->
        <test-method is-config="true" signature="tearDown()[pri:0, instance:com.flipkart.testcases.SignInPageTest@46268f08]" started-at="2025-12-30T12:39:06 IST" name="tearDown" finished-at="2025-12-30T12:39:06 IST" duration-ms="558" status="PASS">
          <reporter-output>
          </reporter-output>
        </test-method> <!-- tearDown -->
        <test-method is-config="true" signature="setUp(java.lang.String)[pri:0, instance:com.flipkart.testcases.SignInPageTest@46268f08]" started-at="2025-12-30T12:39:06 IST" name="setUp" finished-at="2025-12-30T12:39:17 IST" duration-ms="11232" status="PASS">
          <params>
            <param index="0">
              <value>
                <![CDATA[Chrome]]>
              </value>
            </param>
          </params>
          <reporter-output>
          </reporter-output>
        </test-method> <!-- setUp -->
        <test-method signature="verifyValidationMessage()[pri:7, instance:com.flipkart.testcases.SignInPageTest@46268f08]" started-at="2025-12-30T12:39:17 IST" name="verifyValidationMessage" finished-at="2025-12-30T12:39:25 IST" duration-ms="7349" status="PASS">
          <reporter-output>
          </reporter-output>
        </test-method> <!-- verifyValidationMessage -->
        <test-method is-config="true" signature="tearDown()[pri:0, instance:com.flipkart.testcases.SignInPageTest@46268f08]" started-at="2025-12-30T12:39:25 IST" name="tearDown" finished-at="2025-12-30T12:39:25 IST" duration-ms="584" status="PASS">
          <reporter-output>
          </reporter-output>
        </test-method> <!-- tearDown -->
      </class> <!-- com.flipkart.testcases.SignInPageTest -->
      <class name="com.flipkart.testcases.HomePageTest">
        <test-method is-config="true" signature="setUp(java.lang.String)[pri:0, instance:com.flipkart.testcases.HomePageTest@4612b856]" started-at="2025-12-30T12:17:27 IST" name="setUp" finished-at="2025-12-30T12:17:42 IST" duration-ms="14286" status="PASS">
          <params>
            <param index="0">
              <value>
                <![CDATA[Chrome]]>
              </value>
            </param>
          </params>
          <reporter-output>
          </reporter-output>
        </test-method> <!-- setUp -->
        <test-method signature="verifyLogoDisplayed()[pri:1, instance:com.flipkart.testcases.HomePageTest@4612b856]" started-at="2025-12-30T12:17:42 IST" name="verifyLogoDisplayed" finished-at="2025-12-30T12:17:42 IST" duration-ms="615" status="PASS">
          <reporter-output>
          </reporter-output>
        </test-method> <!-- verifyLogoDisplayed -->
        <test-method is-config="true" signature="tearDown()[pri:0, instance:com.flipkart.testcases.HomePageTest@4612b856]" started-at="2025-12-30T12:17:42 IST" name="tearDown" finished-at="2025-12-30T12:17:45 IST" duration-ms="3101" status="PASS">
          <reporter-output>
          </reporter-output>
        </test-method> <!-- tearDown -->
        <test-method is-config="true" signature="setUp(java.lang.String)[pri:0, instance:com.flipkart.testcases.HomePageTest@4612b856]" started-at="2025-12-30T12:17:45 IST" name="setUp" finished-at="2025-12-30T12:18:04 IST" duration-ms="18237" status="PASS">
          <params>
            <param index="0">
              <value>
                <![CDATA[Chrome]]>
              </value>
            </param>
          </params>
          <reporter-output>
          </reporter-output>
        </test-method> <!-- setUp -->
        <test-method signature="verifyLoginButton()[pri:2, instance:com.flipkart.testcases.HomePageTest@4612b856]" started-at="2025-12-30T12:18:04 IST" name="verifyLoginButton" finished-at="2025-12-30T12:18:13 IST" duration-ms="9146" status="PASS">
          <reporter-output>
          </reporter-output>
        </test-method> <!-- verifyLoginButton -->
        <test-method is-config="true" signature="tearDown()[pri:0, instance:com.flipkart.testcases.HomePageTest@4612b856]" started-at="2025-12-30T12:18:13 IST" name="tearDown" finished-at="2025-12-30T12:18:14 IST" duration-ms="827" status="PASS">
          <reporter-output>
          </reporter-output>
        </test-method> <!-- tearDown -->
        <test-method is-config="true" signature="setUp(java.lang.String)[pri:0, instance:com.flipkart.testcases.HomePageTest@4612b856]" started-at="2025-12-30T12:18:14 IST" name="setUp" finished-at="2025-12-30T12:18:27 IST" duration-ms="13494" status="PASS">
          <params>
            <param index="0">
              <value>
                <![CDATA[Chrome]]>
              </value>
            </param>
          </params>
          <reporter-output>
          </reporter-output>
        </test-method> <!-- setUp -->
        <test-method signature="verifyBecomeSellerNavigation()[pri:3, instance:com.flipkart.testcases.HomePageTest@4612b856]" started-at="2025-12-30T12:18:27 IST" name="verifyBecomeSellerNavigation" finished-at="2025-12-30T12:18:55 IST" duration-ms="27805" status="PASS">
          <reporter-output>
          </reporter-output>
        </test-method> <!-- verifyBecomeSellerNavigation -->
        <test-method is-config="true" signature="tearDown()[pri:0, instance:com.flipkart.testcases.HomePageTest@4612b856]" started-at="2025-12-30T12:18:55 IST" name="tearDown" finished-at="2025-12-30T12:18:56 IST" duration-ms="952" status="PASS">
          <reporter-output>
          </reporter-output>
        </test-method> <!-- tearDown -->
        <test-method is-config="true" signature="setUp(java.lang.String)[pri:0, instance:com.flipkart.testcases.HomePageTest@4612b856]" started-at="2025-12-30T12:18:56 IST" name="setUp" finished-at="2025-12-30T12:19:12 IST" duration-ms="16621" status="PASS">
          <params>
            <param index="0">
              <value>
                <![CDATA[Chrome]]>
              </value>
            </param>
          </params>
          <reporter-output>
          </reporter-output>
        </test-method> <!-- setUp -->
        <test-method signature="verifyGroceryCategoryNavigation()[pri:4, instance:com.flipkart.testcases.HomePageTest@4612b856]" started-at="2025-12-30T12:19:12 IST" name="verifyGroceryCategoryNavigation" finished-at="2025-12-30T12:19:19 IST" duration-ms="6800" status="PASS">
          <reporter-output>
          </reporter-output>
        </test-method> <!-- verifyGroceryCategoryNavigation -->
        <test-method is-config="true" signature="tearDown()[pri:0, instance:com.flipkart.testcases.HomePageTest@4612b856]" started-at="2025-12-30T12:19:19 IST" name="tearDown" finished-at="2025-12-30T12:19:20 IST" duration-ms="981" status="PASS">
          <reporter-output>
          </reporter-output>
        </test-method> <!-- tearDown -->
        <test-method is-config="true" signature="setUp(java.lang.String)[pri:0, instance:com.flipkart.testcases.HomePageTest@4612b856]" started-at="2025-12-30T12:19:20 IST" name="setUp" finished-at="2025-12-30T12:19:36 IST" duration-ms="15482" status="PASS">
          <params>
            <param index="0">
              <value>
                <![CDATA[Chrome]]>
              </value>
            </param>
          </params>
          <reporter-output>
          </reporter-output>
        </test-method> <!-- setUp -->
        <test-method signature="verifyFashionSubCategoryNavigation()[pri:5, instance:com.flipkart.testcases.HomePageTest@4612b856]" started-at="2025-12-30T12:19:36 IST" name="verifyFashionSubCategoryNavigation" finished-at="2025-12-30T12:19:56 IST" duration-ms="20099" status="PASS">
          <reporter-output>
          </reporter-output>
        </test-method> <!-- verifyFashionSubCategoryNavigation -->
        <test-method is-config="true" signature="tearDown()[pri:0, instance:com.flipkart.testcases.HomePageTest@4612b856]" started-at="2025-12-30T12:19:56 IST" name="tearDown" finished-at="2025-12-30T12:19:57 IST" duration-ms="852" status="PASS">
          <reporter-output>
          </reporter-output>
        </test-method> <!-- tearDown -->
        <test-method is-config="true" signature="setUp(java.lang.String)[pri:0, instance:com.flipkart.testcases.HomePageTest@4612b856]" started-at="2025-12-30T12:19:57 IST" name="setUp" finished-at="2025-12-30T12:20:14 IST" duration-ms="17556" status="PASS">
          <params>
            <param index="0">
              <value>
                <![CDATA[Chrome]]>
              </value>
            </param>
          </params>
          <reporter-output>
          </reporter-output>
        </test-method> <!-- setUp -->
        <test-method signature="verifyElectronicsSubCategoryNavigation()[pri:6, instance:com.flipkart.testcases.HomePageTest@4612b856]" started-at="2025-12-30T12:20:14 IST" name="verifyElectronicsSubCategoryNavigation" finished-at="2025-12-30T12:20:25 IST" duration-ms="10731" status="PASS">
          <reporter-output>
          </reporter-output>
        </test-method> <!-- verifyElectronicsSubCategoryNavigation -->
        <test-method is-config="true" signature="tearDown()[pri:0, instance:com.flipkart.testcases.HomePageTest@4612b856]" started-at="2025-12-30T12:20:25 IST" name="tearDown" finished-at="2025-12-30T12:20:26 IST" duration-ms="862" status="PASS">
          <reporter-output>
          </reporter-output>
        </test-method> <!-- tearDown -->
        <test-method is-config="true" signature="setUp(java.lang.String)[pri:0, instance:com.flipkart.testcases.HomePageTest@4612b856]" started-at="2025-12-30T12:20:26 IST" name="setUp" finished-at="2025-12-30T12:20:37 IST" duration-ms="11296" status="PASS">
          <params>
            <param index="0">
              <value>
                <![CDATA[Chrome]]>
              </value>
            </param>
          </params>
          <reporter-output>
          </reporter-output>
        </test-method> <!-- setUp -->
        <test-method signature="verifyFurnitureSubCategoryNavigation()[pri:7, instance:com.flipkart.testcases.HomePageTest@4612b856]" started-at="2025-12-30T12:20:37 IST" name="verifyFurnitureSubCategoryNavigation" finished-at="2025-12-30T12:20:45 IST" duration-ms="7703" status="PASS">
          <reporter-output>
          </reporter-output>
        </test-method> <!-- verifyFurnitureSubCategoryNavigation -->
        <test-method is-config="true" signature="tearDown()[pri:0, instance:com.flipkart.testcases.HomePageTest@4612b856]" started-at="2025-12-30T12:20:45 IST" name="tearDown" finished-at="2025-12-30T12:20:46 IST" duration-ms="863" status="PASS">
          <reporter-output>
          </reporter-output>
        </test-method> <!-- tearDown -->
        <test-method is-config="true" signature="setUp(java.lang.String)[pri:0, instance:com.flipkart.testcases.HomePageTest@4612b856]" started-at="2025-12-30T12:20:46 IST" name="setUp" finished-at="2025-12-30T12:20:59 IST" duration-ms="12792" status="PASS">
          <params>
            <param index="0">
              <value>
                <![CDATA[Chrome]]>
              </value>
            </param>
          </params>
          <reporter-output>
          </reporter-output>
        </test-method> <!-- setUp -->
        <test-method signature="verifyHomePageTitle()[pri:8, instance:com.flipkart.testcases.HomePageTest@4612b856]" started-at="2025-12-30T12:20:59 IST" name="verifyHomePageTitle" finished-at="2025-12-30T12:20:59 IST" duration-ms="289" status="PASS">
          <reporter-output>
          </reporter-output>
        </test-method> <!-- verifyHomePageTitle -->
        <test-method is-config="true" signature="tearDown()[pri:0, instance:com.flipkart.testcases.HomePageTest@4612b856]" started-at="2025-12-30T12:20:59 IST" name="tearDown" finished-at="2025-12-30T12:21:00 IST" duration-ms="1323" status="PASS">
          <reporter-output>
          </reporter-output>
        </test-method> <!-- tearDown -->
        <test-method is-config="true" signature="setUp(java.lang.String)[pri:0, instance:com.flipkart.testcases.HomePageTest@4612b856]" started-at="2025-12-30T12:21:00 IST" name="setUp" finished-at="2025-12-30T12:21:10 IST" duration-ms="9755" status="PASS">
          <params>
            <param index="0">
              <value>
                <![CDATA[Chrome]]>
              </value>
            </param>
          </params>
          <reporter-output>
          </reporter-output>
        </test-method> <!-- setUp -->
        <test-method signature="verifySearchBoxEnabled()[pri:9, instance:com.flipkart.testcases.HomePageTest@4612b856]" started-at="2025-12-30T12:21:10 IST" name="verifySearchBoxEnabled" finished-at="2025-12-30T12:21:10 IST" duration-ms="269" status="PASS">
          <reporter-output>
          </reporter-output>
        </test-method> <!-- verifySearchBoxEnabled -->
        <test-method is-config="true" signature="tearDown()[pri:0, instance:com.flipkart.testcases.HomePageTest@4612b856]" started-at="2025-12-30T12:21:10 IST" name="tearDown" finished-at="2025-12-30T12:21:11 IST" duration-ms="1272" status="PASS">
          <reporter-output>
          </reporter-output>
        </test-method> <!-- tearDown -->
        <test-method is-config="true" signature="setUp(java.lang.String)[pri:0, instance:com.flipkart.testcases.HomePageTest@4612b856]" started-at="2025-12-30T12:21:11 IST" name="setUp" finished-at="2025-12-30T12:21:26 IST" duration-ms="14713" status="PASS">
          <params>
            <param index="0">
              <value>
                <![CDATA[Chrome]]>
              </value>
            </param>
          </params>
          <reporter-output>
          </reporter-output>
        </test-method> <!-- setUp -->
        <test-method signature="verifycartIconVisible()[pri:10, instance:com.flipkart.testcases.HomePageTest@4612b856]" started-at="2025-12-30T12:21:26 IST" name="verifycartIconVisible" finished-at="2025-12-30T12:21:27 IST" duration-ms="797" status="PASS">
          <reporter-output>
          </reporter-output>
        </test-method> <!-- verifycartIconVisible -->
        <test-method is-config="true" signature="tearDown()[pri:0, instance:com.flipkart.testcases.HomePageTest@4612b856]" started-at="2025-12-30T12:21:27 IST" name="tearDown" finished-at="2025-12-30T12:21:28 IST" duration-ms="1217" status="PASS">
          <reporter-output>
          </reporter-output>
        </test-method> <!-- tearDown -->
        <test-method is-config="true" signature="setUp(java.lang.String)[pri:0, instance:com.flipkart.testcases.HomePageTest@4612b856]" started-at="2025-12-30T12:21:28 IST" name="setUp" finished-at="2025-12-30T12:22:04 IST" duration-ms="35380" status="PASS">
          <params>
            <param index="0">
              <value>
                <![CDATA[Chrome]]>
              </value>
            </param>
          </params>
          <reporter-output>
          </reporter-output>
        </test-method> <!-- setUp -->
        <test-method signature="verifyAbletoSerachProduct()[pri:11, instance:com.flipkart.testcases.HomePageTest@4612b856]" started-at="2025-12-30T12:22:04 IST" name="verifyAbletoSerachProduct" finished-at="2025-12-30T12:22:14 IST" duration-ms="10683" status="PASS">
          <reporter-output>
          </reporter-output>
        </test-method> <!-- verifyAbletoSerachProduct -->
        <test-method is-config="true" signature="tearDown()[pri:0, instance:com.flipkart.testcases.HomePageTest@4612b856]" started-at="2025-12-30T12:22:14 IST" name="tearDown" finished-at="2025-12-30T12:22:15 IST" duration-ms="674" status="PASS">
          <reporter-output>
          </reporter-output>
        </test-method> <!-- tearDown -->
      </class> <!-- com.flipkart.testcases.HomePageTest -->
      <class name="com.flipkart.testcases.ProductSearchUsingDDT">
        <test-method is-config="true" signature="setUp(java.lang.String)[pri:0, instance:com.flipkart.testcases.ProductSearchUsingDDT@7203c7ff]" started-at="2025-12-30T12:30:16 IST" name="setUp" finished-at="2025-12-30T12:30:24 IST" duration-ms="8026" status="PASS">
          <params>
            <param index="0">
              <value>
                <![CDATA[Chrome]]>
              </value>
            </param>
          </params>
          <reporter-output>
          </reporter-output>
        </test-method> <!-- setUp -->
        <test-method signature="verifySearchFunctionalityUsingDDT(java.lang.String)[pri:0, instance:com.flipkart.testcases.ProductSearchUsingDDT@7203c7ff]" started-at="2025-12-30T12:30:24 IST" name="verifySearchFunctionalityUsingDDT" data-provider="SearchData" finished-at="2025-12-30T12:30:31 IST" duration-ms="7376" status="PASS">
          <params>
            <param index="0">
              <value>
                <![CDATA[mobile]]>
              </value>
            </param>
          </params>
          <reporter-output>
          </reporter-output>
        </test-method> <!-- verifySearchFunctionalityUsingDDT -->
        <test-method is-config="true" signature="tearDown()[pri:0, instance:com.flipkart.testcases.ProductSearchUsingDDT@7203c7ff]" started-at="2025-12-30T12:30:31 IST" name="tearDown" finished-at="2025-12-30T12:30:32 IST" duration-ms="526" status="PASS">
          <reporter-output>
          </reporter-output>
        </test-method> <!-- tearDown -->
        <test-method is-config="true" signature="setUp(java.lang.String)[pri:0, instance:com.flipkart.testcases.ProductSearchUsingDDT@7203c7ff]" started-at="2025-12-30T12:30:32 IST" name="setUp" finished-at="2025-12-30T12:30:41 IST" duration-ms="8860" status="PASS">
          <params>
            <param index="0">
              <value>
                <![CDATA[Chrome]]>
              </value>
            </param>
          </params>
          <reporter-output>
          </reporter-output>
        </test-method> <!-- setUp -->
        <test-method signature="verifySearchFunctionalityUsingDDT(java.lang.String)[pri:0, instance:com.flipkart.testcases.ProductSearchUsingDDT@7203c7ff]" started-at="2025-12-30T12:30:41 IST" name="verifySearchFunctionalityUsingDDT" data-provider="SearchData" finished-at="2025-12-30T12:30:50 IST" duration-ms="9046" status="PASS">
          <params>
            <param index="0">
              <value>
                <![CDATA[laptop]]>
              </value>
            </param>
          </params>
          <reporter-output>
          </reporter-output>
        </test-method> <!-- verifySearchFunctionalityUsingDDT -->
        <test-method is-config="true" signature="tearDown()[pri:0, instance:com.flipkart.testcases.ProductSearchUsingDDT@7203c7ff]" started-at="2025-12-30T12:30:50 IST" name="tearDown" finished-at="2025-12-30T12:30:51 IST" duration-ms="1170" status="PASS">
          <reporter-output>
          </reporter-output>
        </test-method> <!-- tearDown -->
        <test-method is-config="true" signature="setUp(java.lang.String)[pri:0, instance:com.flipkart.testcases.ProductSearchUsingDDT@7203c7ff]" started-at="2025-12-30T12:30:51 IST" name="setUp" finished-at="2025-12-30T12:30:59 IST" duration-ms="8216" status="PASS">
          <params>
            <param index="0">
              <value>
                <![CDATA[Chrome]]>
              </value>
            </param>
          </params>
          <reporter-output>
          </reporter-output>
        </test-method> <!-- setUp -->
        <test-method signature="verifySearchFunctionalityUsingDDT(java.lang.String)[pri:0, instance:com.flipkart.testcases.ProductSearchUsingDDT@7203c7ff]" started-at="2025-12-30T12:30:59 IST" name="verifySearchFunctionalityUsingDDT" data-provider="SearchData" finished-at="2025-12-30T12:31:07 IST" duration-ms="7918" status="PASS">
          <params>
            <param index="0">
              <value>
                <![CDATA[tshirt]]>
              </value>
            </param>
          </params>
          <reporter-output>
          </reporter-output>
        </test-method> <!-- verifySearchFunctionalityUsingDDT -->
        <test-method is-config="true" signature="tearDown()[pri:0, instance:com.flipkart.testcases.ProductSearchUsingDDT@7203c7ff]" started-at="2025-12-30T12:31:07 IST" name="tearDown" finished-at="2025-12-30T12:31:07 IST" duration-ms="514" status="PASS">
          <reporter-output>
          </reporter-output>
        </test-method> <!-- tearDown -->
        <test-method is-config="true" signature="setUp(java.lang.String)[pri:0, instance:com.flipkart.testcases.ProductSearchUsingDDT@7203c7ff]" started-at="2025-12-30T12:31:07 IST" name="setUp" finished-at="2025-12-30T12:31:15 IST" duration-ms="7796" status="PASS">
          <params>
            <param index="0">
              <value>
                <![CDATA[Chrome]]>
              </value>
            </param>
          </params>
          <reporter-output>
          </reporter-output>
        </test-method> <!-- setUp -->
        <test-method signature="verifySearchFunctionalityUsingDDT(java.lang.String)[pri:0, instance:com.flipkart.testcases.ProductSearchUsingDDT@7203c7ff]" started-at="2025-12-30T12:31:15 IST" name="verifySearchFunctionalityUsingDDT" data-provider="SearchData" finished-at="2025-12-30T12:31:21 IST" duration-ms="6217" status="PASS">
          <params>
            <param index="0">
              <value>
                <![CDATA[jeans]]>
              </value>
            </param>
          </params>
          <reporter-output>
          </reporter-output>
        </test-method> <!-- verifySearchFunctionalityUsingDDT -->
        <test-method is-config="true" signature="tearDown()[pri:0, instance:com.flipkart.testcases.ProductSearchUsingDDT@7203c7ff]" started-at="2025-12-30T12:31:21 IST" name="tearDown" finished-at="2025-12-30T12:31:22 IST" duration-ms="538" status="PASS">
          <reporter-output>
          </reporter-output>
        </test-method> <!-- tearDown -->
        <test-method is-config="true" signature="setUp(java.lang.String)[pri:0, instance:com.flipkart.testcases.ProductSearchUsingDDT@7203c7ff]" started-at="2025-12-30T12:31:22 IST" name="setUp" finished-at="2025-12-30T12:31:32 IST" duration-ms="9568" status="PASS">
          <params>
            <param index="0">
              <value>
                <![CDATA[Chrome]]>
              </value>
            </param>
          </params>
          <reporter-output>
          </reporter-output>
        </test-method> <!-- setUp -->
        <test-method signature="verifySearchFunctionalityUsingDDT(java.lang.String)[pri:0, instance:com.flipkart.testcases.ProductSearchUsingDDT@7203c7ff]" started-at="2025-12-30T12:31:32 IST" name="verifySearchFunctionalityUsingDDT" data-provider="SearchData" finished-at="2025-12-30T12:31:40 IST" duration-ms="8028" status="PASS">
          <params>
            <param index="0">
              <value>
                <![CDATA[furniture]]>
              </value>
            </param>
          </params>
          <reporter-output>
          </reporter-output>
        </test-method> <!-- verifySearchFunctionalityUsingDDT -->
        <test-method is-config="true" signature="tearDown()[pri:0, instance:com.flipkart.testcases.ProductSearchUsingDDT@7203c7ff]" started-at="2025-12-30T12:31:40 IST" name="tearDown" finished-at="2025-12-30T12:31:40 IST" duration-ms="575" status="PASS">
          <reporter-output>
          </reporter-output>
        </test-method> <!-- tearDown -->
        <test-method is-config="true" signature="setUp(java.lang.String)[pri:0, instance:com.flipkart.testcases.ProductSearchUsingDDT@7203c7ff]" started-at="2025-12-30T12:31:40 IST" name="setUp" finished-at="2025-12-30T12:31:53 IST" duration-ms="13349" status="PASS">
          <params>
            <param index="0">
              <value>
                <![CDATA[Chrome]]>
              </value>
            </param>
          </params>
          <reporter-output>
          </reporter-output>
        </test-method> <!-- setUp -->
        <test-method signature="verifySearchFunctionalityUsingDDT(java.lang.String)[pri:0, instance:com.flipkart.testcases.ProductSearchUsingDDT@7203c7ff]" started-at="2025-12-30T12:31:53 IST" name="verifySearchFunctionalityUsingDDT" data-provider="SearchData" finished-at="2025-12-30T12:32:08 IST" duration-ms="14479" status="PASS">
          <params>
            <param index="0">
              <value>
                <![CDATA[Fastrack]]>
              </value>
            </param>
          </params>
          <reporter-output>
          </reporter-output>
        </test-method> <!-- verifySearchFunctionalityUsingDDT -->
        <test-method is-config="true" signature="tearDown()[pri:0, instance:com.flipkart.testcases.ProductSearchUsingDDT@7203c7ff]" started-at="2025-12-30T12:32:08 IST" name="tearDown" finished-at="2025-12-30T12:32:09 IST" duration-ms="546" status="PASS">
          <reporter-output>
          </reporter-output>
        </test-method> <!-- tearDown -->
        <test-method is-config="true" signature="setUp(java.lang.String)[pri:0, instance:com.flipkart.testcases.ProductSearchUsingDDT@7203c7ff]" started-at="2025-12-30T12:32:09 IST" name="setUp" finished-at="2025-12-30T12:32:24 IST" duration-ms="15272" status="PASS">
          <params>
            <param index="0">
              <value>
                <![CDATA[Chrome]]>
              </value>
            </param>
          </params>
          <reporter-output>
          </reporter-output>
        </test-method> <!-- setUp -->
        <test-method signature="verifySearchFunctionalityUsingDDT(java.lang.String)[pri:0, instance:com.flipkart.testcases.ProductSearchUsingDDT@7203c7ff]" started-at="2025-12-30T12:32:24 IST" name="verifySearchFunctionalityUsingDDT" data-provider="SearchData" finished-at="2025-12-30T12:32:34 IST" duration-ms="10590" status="PASS">
          <params>
            <param index="0">
              <value>
                <![CDATA[Wallets]]>
              </value>
            </param>
          </params>
          <reporter-output>
          </reporter-output>
        </test-method> <!-- verifySearchFunctionalityUsingDDT -->
        <test-method is-config="true" signature="tearDown()[pri:0, instance:com.flipkart.testcases.ProductSearchUsingDDT@7203c7ff]" started-at="2025-12-30T12:32:34 IST" name="tearDown" finished-at="2025-12-30T12:32:35 IST" duration-ms="541" status="PASS">
          <reporter-output>
          </reporter-output>
        </test-method> <!-- tearDown -->
      </class> <!-- com.flipkart.testcases.ProductSearchUsingDDT -->
      <class name="com.flipkart.testcases.LoginPageTest">
        <test-method is-config="true" signature="setUp(java.lang.String)[pri:0, instance:com.flipkart.testcases.LoginPageTest@25bfcafd]" started-at="2025-12-30T12:32:35 IST" name="setUp" finished-at="2025-12-30T12:32:44 IST" duration-ms="9550" status="PASS">
          <params>
            <param index="0">
              <value>
                <![CDATA[Chrome]]>
              </value>
            </param>
          </params>
          <reporter-output>
          </reporter-output>
        </test-method> <!-- setUp -->
        <test-method signature="verifyLoginButtonDisplayed()[pri:1, instance:com.flipkart.testcases.LoginPageTest@25bfcafd]" started-at="2025-12-30T12:32:44 IST" name="verifyLoginButtonDisplayed" finished-at="2025-12-30T12:32:45 IST" duration-ms="322" status="PASS">
          <reporter-output>
          </reporter-output>
        </test-method> <!-- verifyLoginButtonDisplayed -->
        <test-method is-config="true" signature="tearDown()[pri:0, instance:com.flipkart.testcases.LoginPageTest@25bfcafd]" started-at="2025-12-30T12:32:45 IST" name="tearDown" finished-at="2025-12-30T12:32:45 IST" duration-ms="630" status="PASS">
          <reporter-output>
          </reporter-output>
        </test-method> <!-- tearDown -->
        <test-method is-config="true" signature="setUp(java.lang.String)[pri:0, instance:com.flipkart.testcases.LoginPageTest@25bfcafd]" started-at="2025-12-30T12:32:45 IST" name="setUp" finished-at="2025-12-30T12:33:01 IST" duration-ms="15298" status="PASS">
          <params>
            <param index="0">
              <value>
                <![CDATA[Chrome]]>
              </value>
            </param>
          </params>
          <reporter-output>
          </reporter-output>
        </test-method> <!-- setUp -->
        <test-method signature="verifyUsernameTextboxDisplayed()[pri:2, instance:com.flipkart.testcases.LoginPageTest@25bfcafd]" started-at="2025-12-30T12:33:01 IST" name="verifyUsernameTextboxDisplayed" finished-at="2025-12-30T12:33:15 IST" duration-ms="14477" status="PASS">
          <reporter-output>
          </reporter-output>
        </test-method> <!-- verifyUsernameTextboxDisplayed -->
        <test-method is-config="true" signature="tearDown()[pri:0, instance:com.flipkart.testcases.LoginPageTest@25bfcafd]" started-at="2025-12-30T12:33:15 IST" name="tearDown" finished-at="2025-12-30T12:33:16 IST" duration-ms="494" status="PASS">
          <reporter-output>
          </reporter-output>
        </test-method> <!-- tearDown -->
        <test-method is-config="true" signature="setUp(java.lang.String)[pri:0, instance:com.flipkart.testcases.LoginPageTest@25bfcafd]" started-at="2025-12-30T12:33:16 IST" name="setUp" finished-at="2025-12-30T12:33:25 IST" duration-ms="9378" status="PASS">
          <params>
            <param index="0">
              <value>
                <![CDATA[Chrome]]>
              </value>
            </param>
          </params>
          <reporter-output>
          </reporter-output>
        </test-method> <!-- setUp -->
        <test-method signature="verifyUsernameTextboxEnabled()[pri:3, instance:com.flipkart.testcases.LoginPageTest@25bfcafd]" started-at="2025-12-30T12:33:25 IST" name="verifyUsernameTextboxEnabled" finished-at="2025-12-30T12:33:33 IST" duration-ms="8030" status="PASS">
          <reporter-output>
          </reporter-output>
        </test-method> <!-- verifyUsernameTextboxEnabled -->
        <test-method is-config="true" signature="tearDown()[pri:0, instance:com.flipkart.testcases.LoginPageTest@25bfcafd]" started-at="2025-12-30T12:33:33 IST" name="tearDown" finished-at="2025-12-30T12:33:34 IST" duration-ms="523" status="PASS">
          <reporter-output>
          </reporter-output>
        </test-method> <!-- tearDown -->
        <test-method is-config="true" signature="setUp(java.lang.String)[pri:0, instance:com.flipkart.testcases.LoginPageTest@25bfcafd]" started-at="2025-12-30T12:33:34 IST" name="setUp" finished-at="2025-12-30T12:33:41 IST" duration-ms="7280" status="PASS">
          <params>
            <param index="0">
              <value>
                <![CDATA[Chrome]]>
              </value>
            </param>
          </params>
          <reporter-output>
          </reporter-output>
        </test-method> <!-- setUp -->
        <test-method signature="verifyPlaceholderTextDisplayed()[pri:4, instance:com.flipkart.testcases.LoginPageTest@25bfcafd]" started-at="2025-12-30T12:33:41 IST" name="verifyPlaceholderTextDisplayed" finished-at="2025-12-30T12:33:46 IST" duration-ms="5008" status="PASS">
          <reporter-output>
          </reporter-output>
        </test-method> <!-- verifyPlaceholderTextDisplayed -->
        <test-method is-config="true" signature="tearDown()[pri:0, instance:com.flipkart.testcases.LoginPageTest@25bfcafd]" started-at="2025-12-30T12:33:46 IST" name="tearDown" finished-at="2025-12-30T12:33:47 IST" duration-ms="1031" status="PASS">
          <reporter-output>
          </reporter-output>
        </test-method> <!-- tearDown -->
        <test-method is-config="true" signature="setUp(java.lang.String)[pri:0, instance:com.flipkart.testcases.LoginPageTest@25bfcafd]" started-at="2025-12-30T12:33:47 IST" name="setUp" finished-at="2025-12-30T12:33:57 IST" duration-ms="10507" status="PASS">
          <params>
            <param index="0">
              <value>
                <![CDATA[Chrome]]>
              </value>
            </param>
          </params>
          <reporter-output>
          </reporter-output>
        </test-method> <!-- setUp -->
        <test-method signature="verifyTermsOfUseNaviagtion()[pri:5, instance:com.flipkart.testcases.LoginPageTest@25bfcafd]" started-at="2025-12-30T12:33:57 IST" name="verifyTermsOfUseNaviagtion" finished-at="2025-12-30T12:34:03 IST" duration-ms="5730" status="PASS">
          <reporter-output>
          </reporter-output>
        </test-method> <!-- verifyTermsOfUseNaviagtion -->
        <test-method is-config="true" signature="tearDown()[pri:0, instance:com.flipkart.testcases.LoginPageTest@25bfcafd]" started-at="2025-12-30T12:34:03 IST" name="tearDown" finished-at="2025-12-30T12:34:04 IST" duration-ms="627" status="PASS">
          <reporter-output>
          </reporter-output>
        </test-method> <!-- tearDown -->
        <test-method is-config="true" signature="setUp(java.lang.String)[pri:0, instance:com.flipkart.testcases.LoginPageTest@25bfcafd]" started-at="2025-12-30T12:34:04 IST" name="setUp" finished-at="2025-12-30T12:34:12 IST" duration-ms="7739" status="PASS">
          <params>
            <param index="0">
              <value>
                <![CDATA[Chrome]]>
              </value>
            </param>
          </params>
          <reporter-output>
          </reporter-output>
        </test-method> <!-- setUp -->
        <test-method signature="verifyPrivacyPolicyNaviagtion()[pri:6, instance:com.flipkart.testcases.LoginPageTest@25bfcafd]" started-at="2025-12-30T12:34:12 IST" name="verifyPrivacyPolicyNaviagtion" finished-at="2025-12-30T12:34:18 IST" duration-ms="6486" status="PASS">
          <reporter-output>
          </reporter-output>
        </test-method> <!-- verifyPrivacyPolicyNaviagtion -->
        <test-method is-config="true" signature="tearDown()[pri:0, instance:com.flipkart.testcases.LoginPageTest@25bfcafd]" started-at="2025-12-30T12:34:18 IST" name="tearDown" finished-at="2025-12-30T12:34:19 IST" duration-ms="714" status="PASS">
          <reporter-output>
          </reporter-output>
        </test-method> <!-- tearDown -->
        <test-method is-config="true" signature="setUp(java.lang.String)[pri:0, instance:com.flipkart.testcases.LoginPageTest@25bfcafd]" started-at="2025-12-30T12:34:19 IST" name="setUp" finished-at="2025-12-30T12:34:30 IST" duration-ms="10966" status="PASS">
          <params>
            <param index="0">
              <value>
                <![CDATA[Chrome]]>
              </value>
            </param>
          </params>
          <reporter-output>
          </reporter-output>
        </test-method> <!-- setUp -->
        <test-method signature="verifyCreateNewUserLinkVisible()[pri:7, instance:com.flipkart.testcases.LoginPageTest@25bfcafd]" started-at="2025-12-30T12:34:30 IST" name="verifyCreateNewUserLinkVisible" finished-at="2025-12-30T12:34:38 IST" duration-ms="8087" status="PASS">
          <reporter-output>
          </reporter-output>
        </test-method> <!-- verifyCreateNewUserLinkVisible -->
        <test-method is-config="true" signature="tearDown()[pri:0, instance:com.flipkart.testcases.LoginPageTest@25bfcafd]" started-at="2025-12-30T12:34:38 IST" name="tearDown" finished-at="2025-12-30T12:34:38 IST" duration-ms="656" status="PASS">
          <reporter-output>
          </reporter-output>
        </test-method> <!-- tearDown -->
        <test-method is-config="true" signature="setUp(java.lang.String)[pri:0, instance:com.flipkart.testcases.LoginPageTest@25bfcafd]" started-at="2025-12-30T12:34:38 IST" name="setUp" finished-at="2025-12-30T12:34:48 IST" duration-ms="9081" status="PASS">
          <params>
            <param index="0">
              <value>
                <![CDATA[Chrome]]>
              </value>
            </param>
          </params>
          <reporter-output>
          </reporter-output>
        </test-method> <!-- setUp -->
        <test-method signature="verifyCreateNewUserLinkEnabled()[pri:8, instance:com.flipkart.testcases.LoginPageTest@25bfcafd]" started-at="2025-12-30T12:34:48 IST" name="verifyCreateNewUserLinkEnabled" finished-at="2025-12-30T12:34:53 IST" duration-ms="5623" status="PASS">
          <reporter-output>
          </reporter-output>
        </test-method> <!-- verifyCreateNewUserLinkEnabled -->
        <test-method is-config="true" signature="tearDown()[pri:0, instance:com.flipkart.testcases.LoginPageTest@25bfcafd]" started-at="2025-12-30T12:34:53 IST" name="tearDown" finished-at="2025-12-30T12:34:54 IST" duration-ms="501" status="PASS">
          <reporter-output>
          </reporter-output>
        </test-method> <!-- tearDown -->
        <test-method is-config="true" signature="setUp(java.lang.String)[pri:0, instance:com.flipkart.testcases.LoginPageTest@25bfcafd]" started-at="2025-12-30T12:34:54 IST" name="setUp" finished-at="2025-12-30T12:35:06 IST" duration-ms="12406" status="PASS">
          <params>
            <param index="0">
              <value>
                <![CDATA[Chrome]]>
              </value>
            </param>
          </params>
          <reporter-output>
          </reporter-output>
        </test-method> <!-- setUp -->
        <test-method signature="verifyUserLogin()[pri:9, instance:com.flipkart.testcases.LoginPageTest@25bfcafd]" started-at="2025-12-30T12:35:06 IST" name="verifyUserLogin" finished-at="2025-12-30T12:35:16 IST" duration-ms="9562" status="PASS">
          <reporter-output>
          </reporter-output>
        </test-method> <!-- verifyUserLogin -->
        <test-method is-config="true" signature="tearDown()[pri:0, instance:com.flipkart.testcases.LoginPageTest@25bfcafd]" started-at="2025-12-30T12:35:16 IST" name="tearDown" finished-at="2025-12-30T12:35:16 IST" duration-ms="577" status="PASS">
          <reporter-output>
          </reporter-output>
        </test-method> <!-- tearDown -->
        <test-method is-config="true" signature="setUp(java.lang.String)[pri:0, instance:com.flipkart.testcases.LoginPageTest@25bfcafd]" started-at="2025-12-30T12:35:16 IST" name="setUp" finished-at="2025-12-30T12:35:26 IST" duration-ms="9496" status="PASS">
          <params>
            <param index="0">
              <value>
                <![CDATA[Chrome]]>
              </value>
            </param>
          </params>
          <reporter-output>
          </reporter-output>
        </test-method> <!-- setUp -->
        <test-method signature="verifyCreateNewUserLinkNavigation()[pri:10, instance:com.flipkart.testcases.LoginPageTest@25bfcafd]" started-at="2025-12-30T12:35:26 IST" name="verifyCreateNewUserLinkNavigation" finished-at="2025-12-30T12:35:38 IST" duration-ms="12101" status="PASS">
          <reporter-output>
          </reporter-output>
        </test-method> <!-- verifyCreateNewUserLinkNavigation -->
        <test-method is-config="true" signature="tearDown()[pri:0, instance:com.flipkart.testcases.LoginPageTest@25bfcafd]" started-at="2025-12-30T12:35:38 IST" name="tearDown" finished-at="2025-12-30T12:35:39 IST" duration-ms="835" status="PASS">
          <reporter-output>
          </reporter-output>
        </test-method> <!-- tearDown -->
      </class> <!-- com.flipkart.testcases.LoginPageTest -->
      <class name="com.flipkart.testcases.SearchResultFilterTest">
        <test-method is-config="true" signature="setUp(java.lang.String)[pri:0, instance:com.flipkart.testcases.SearchResultFilterTest@1852a3ff]" started-at="2025-12-30T12:26:36 IST" name="setUp" finished-at="2025-12-30T12:26:48 IST" duration-ms="11924" status="PASS">
          <params>
            <param index="0">
              <value>
                <![CDATA[Chrome]]>
              </value>
            </param>
          </params>
          <reporter-output>
          </reporter-output>
        </test-method> <!-- setUp -->
        <test-method signature="verifyDefaultSorting()[pri:1, instance:com.flipkart.testcases.SearchResultFilterTest@1852a3ff]" started-at="2025-12-30T12:26:48 IST" name="verifyDefaultSorting" finished-at="2025-12-30T12:27:03 IST" duration-ms="15470" status="PASS">
          <reporter-output>
          </reporter-output>
        </test-method> <!-- verifyDefaultSorting -->
        <test-method is-config="true" signature="tearDown()[pri:0, instance:com.flipkart.testcases.SearchResultFilterTest@1852a3ff]" started-at="2025-12-30T12:27:03 IST" name="tearDown" finished-at="2025-12-30T12:27:04 IST" duration-ms="587" status="PASS">
          <reporter-output>
          </reporter-output>
        </test-method> <!-- tearDown -->
        <test-method is-config="true" signature="setUp(java.lang.String)[pri:0, instance:com.flipkart.testcases.SearchResultFilterTest@1852a3ff]" started-at="2025-12-30T12:27:04 IST" name="setUp" finished-at="2025-12-30T12:27:16 IST" duration-ms="12304" status="PASS">
          <params>
            <param index="0">
              <value>
                <![CDATA[Chrome]]>
              </value>
            </param>
          </params>
          <reporter-output>
          </reporter-output>
        </test-method> <!-- setUp -->
        <test-method signature="verifyResultCountIsDisplayed()[pri:2, instance:com.flipkart.testcases.SearchResultFilterTest@1852a3ff]" started-at="2025-12-30T12:27:16 IST" name="verifyResultCountIsDisplayed" finished-at="2025-12-30T12:27:22 IST" duration-ms="5799" status="PASS">
          <reporter-output>
          </reporter-output>
        </test-method> <!-- verifyResultCountIsDisplayed -->
        <test-method is-config="true" signature="tearDown()[pri:0, instance:com.flipkart.testcases.SearchResultFilterTest@1852a3ff]" started-at="2025-12-30T12:27:22 IST" name="tearDown" finished-at="2025-12-30T12:27:23 IST" duration-ms="505" status="PASS">
          <reporter-output>
          </reporter-output>
        </test-method> <!-- tearDown -->
        <test-method is-config="true" signature="setUp(java.lang.String)[pri:0, instance:com.flipkart.testcases.SearchResultFilterTest@1852a3ff]" started-at="2025-12-30T12:27:23 IST" name="setUp" finished-at="2025-12-30T12:27:34 IST" duration-ms="11661" status="PASS">
          <params>
            <param index="0">
              <value>
                <![CDATA[Chrome]]>
              </value>
            </param>
          </params>
          <reporter-output>
          </reporter-output>
        </test-method> <!-- setUp -->
        <test-method signature="verifySortByReleveance()[pri:3, instance:com.flipkart.testcases.SearchResultFilterTest@1852a3ff]" started-at="2025-12-30T12:27:34 IST" name="verifySortByReleveance" finished-at="2025-12-30T12:27:47 IST" duration-ms="12843" status="PASS">
          <reporter-output>
          </reporter-output>
        </test-method> <!-- verifySortByReleveance -->
        <test-method is-config="true" signature="tearDown()[pri:0, instance:com.flipkart.testcases.SearchResultFilterTest@1852a3ff]" started-at="2025-12-30T12:27:47 IST" name="tearDown" finished-at="2025-12-30T12:27:48 IST" duration-ms="576" status="PASS">
          <reporter-output>
          </reporter-output>
        </test-method> <!-- tearDown -->
        <test-method is-config="true" signature="setUp(java.lang.String)[pri:0, instance:com.flipkart.testcases.SearchResultFilterTest@1852a3ff]" started-at="2025-12-30T12:27:48 IST" name="setUp" finished-at="2025-12-30T12:27:57 IST" duration-ms="9074" status="PASS">
          <params>
            <param index="0">
              <value>
                <![CDATA[Chrome]]>
              </value>
            </param>
          </params>
          <reporter-output>
          </reporter-output>
        </test-method> <!-- setUp -->
        <test-method signature="verifyProductCountRemainsSameAfterSortByReleveance()[pri:4, instance:com.flipkart.testcases.SearchResultFilterTest@1852a3ff]" started-at="2025-12-30T12:27:57 IST" name="verifyProductCountRemainsSameAfterSortByReleveance" finished-at="2025-12-30T12:28:08 IST" duration-ms="11534" status="PASS">
          <reporter-output>
          </reporter-output>
        </test-method> <!-- verifyProductCountRemainsSameAfterSortByReleveance -->
        <test-method is-config="true" signature="tearDown()[pri:0, instance:com.flipkart.testcases.SearchResultFilterTest@1852a3ff]" started-at="2025-12-30T12:28:08 IST" name="tearDown" finished-at="2025-12-30T12:28:09 IST" duration-ms="523" status="PASS">
          <reporter-output>
          </reporter-output>
        </test-method> <!-- tearDown -->
        <test-method is-config="true" signature="setUp(java.lang.String)[pri:0, instance:com.flipkart.testcases.SearchResultFilterTest@1852a3ff]" started-at="2025-12-30T12:28:09 IST" name="setUp" finished-at="2025-12-30T12:28:21 IST" duration-ms="12619" status="PASS">
          <params>
            <param index="0">
              <value>
                <![CDATA[Chrome]]>
              </value>
            </param>
          </params>
          <reporter-output>
          </reporter-output>
        </test-method> <!-- setUp -->
        <test-method signature="verifySortByPopularity()[pri:5, instance:com.flipkart.testcases.SearchResultFilterTest@1852a3ff]" started-at="2025-12-30T12:28:21 IST" name="verifySortByPopularity" finished-at="2025-12-30T12:28:31 IST" duration-ms="9466" status="PASS">
          <reporter-output>
          </reporter-output>
        </test-method> <!-- verifySortByPopularity -->
        <test-method is-config="true" signature="tearDown()[pri:0, instance:com.flipkart.testcases.SearchResultFilterTest@1852a3ff]" started-at="2025-12-30T12:28:31 IST" name="tearDown" finished-at="2025-12-30T12:28:31 IST" duration-ms="511" status="PASS">
          <reporter-output>
          </reporter-output>
        </test-method> <!-- tearDown -->
        <test-method is-config="true" signature="setUp(java.lang.String)[pri:0, instance:com.flipkart.testcases.SearchResultFilterTest@1852a3ff]" started-at="2025-12-30T12:28:31 IST" name="setUp" finished-at="2025-12-30T12:28:44 IST" duration-ms="12401" status="PASS">
          <params>
            <param index="0">
              <value>
                <![CDATA[Chrome]]>
              </value>
            </param>
          </params>
          <reporter-output>
          </reporter-output>
        </test-method> <!-- setUp -->
        <test-method signature="verifySortByPriceLowToHigh()[pri:6, instance:com.flipkart.testcases.SearchResultFilterTest@1852a3ff]" started-at="2025-12-30T12:28:44 IST" name="verifySortByPriceLowToHigh" finished-at="2025-12-30T12:29:02 IST" duration-ms="18112" status="PASS">
          <reporter-output>
          </reporter-output>
        </test-method> <!-- verifySortByPriceLowToHigh -->
        <test-method is-config="true" signature="tearDown()[pri:0, instance:com.flipkart.testcases.SearchResultFilterTest@1852a3ff]" started-at="2025-12-30T12:29:02 IST" name="tearDown" finished-at="2025-12-30T12:29:02 IST" duration-ms="531" status="PASS">
          <reporter-output>
          </reporter-output>
        </test-method> <!-- tearDown -->
        <test-method is-config="true" signature="setUp(java.lang.String)[pri:0, instance:com.flipkart.testcases.SearchResultFilterTest@1852a3ff]" started-at="2025-12-30T12:29:02 IST" name="setUp" finished-at="2025-12-30T12:29:12 IST" duration-ms="9880" status="PASS">
          <params>
            <param index="0">
              <value>
                <![CDATA[Chrome]]>
              </value>
            </param>
          </params>
          <reporter-output>
          </reporter-output>
        </test-method> <!-- setUp -->
        <test-method signature="verifySortByNewestFirst()[pri:7, instance:com.flipkart.testcases.SearchResultFilterTest@1852a3ff]" started-at="2025-12-30T12:29:12 IST" name="verifySortByNewestFirst" finished-at="2025-12-30T12:29:23 IST" duration-ms="10919" status="PASS">
          <reporter-output>
          </reporter-output>
        </test-method> <!-- verifySortByNewestFirst -->
        <test-method is-config="true" signature="tearDown()[pri:0, instance:com.flipkart.testcases.SearchResultFilterTest@1852a3ff]" started-at="2025-12-30T12:29:23 IST" name="tearDown" finished-at="2025-12-30T12:29:24 IST" duration-ms="639" status="PASS">
          <reporter-output>
          </reporter-output>
        </test-method> <!-- tearDown -->
        <test-method is-config="true" signature="setUp(java.lang.String)[pri:0, instance:com.flipkart.testcases.SearchResultFilterTest@1852a3ff]" started-at="2025-12-30T12:29:24 IST" name="setUp" finished-at="2025-12-30T12:29:37 IST" duration-ms="13637" status="PASS">
          <params>
            <param index="0">
              <value>
                <![CDATA[Chrome]]>
              </value>
            </param>
          </params>
          <reporter-output>
          </reporter-output>
        </test-method> <!-- setUp -->
        <test-method signature="verifyMultipleSortOperations()[pri:9, instance:com.flipkart.testcases.SearchResultFilterTest@1852a3ff]" started-at="2025-12-30T12:29:37 IST" name="verifyMultipleSortOperations" finished-at="2025-12-30T12:29:53 IST" duration-ms="15462" status="PASS">
          <reporter-output>
          </reporter-output>
        </test-method> <!-- verifyMultipleSortOperations -->
        <test-method is-config="true" signature="tearDown()[pri:0, instance:com.flipkart.testcases.SearchResultFilterTest@1852a3ff]" started-at="2025-12-30T12:29:53 IST" name="tearDown" finished-at="2025-12-30T12:29:53 IST" duration-ms="501" status="PASS">
          <reporter-output>
          </reporter-output>
        </test-method> <!-- tearDown -->
        <test-method is-config="true" signature="setUp(java.lang.String)[pri:0, instance:com.flipkart.testcases.SearchResultFilterTest@1852a3ff]" started-at="2025-12-30T12:29:53 IST" name="setUp" finished-at="2025-12-30T12:30:02 IST" duration-ms="8811" status="PASS">
          <params>
            <param index="0">
              <value>
                <![CDATA[Chrome]]>
              </value>
            </param>
          </params>
          <reporter-output>
          </reporter-output>
        </test-method> <!-- setUp -->
        <test-method signature="verifyProductSearchWithSecondSuggestionText()[pri:10, instance:com.flipkart.testcases.SearchResultFilterTest@1852a3ff]" started-at="2025-12-30T12:30:02 IST" name="verifyProductSearchWithSecondSuggestionText" finished-at="2025-12-30T12:30:13 IST" duration-ms="10772" status="PASS">
          <reporter-output>
          </reporter-output>
        </test-method> <!-- verifyProductSearchWithSecondSuggestionText -->
        <test-method is-config="true" signature="tearDown()[pri:0, instance:com.flipkart.testcases.SearchResultFilterTest@1852a3ff]" started-at="2025-12-30T12:30:13 IST" name="tearDown" finished-at="2025-12-30T12:30:14 IST" duration-ms="513" status="PASS">
          <reporter-output>
          </reporter-output>
        </test-method> <!-- tearDown -->
      </class> <!-- com.flipkart.testcases.SearchResultFilterTest -->
      <class name="com.flipkart.testcases.AddToCartTest">
        <test-method is-config="true" signature="setUp(java.lang.String)[pri:0, instance:com.flipkart.testcases.AddToCartTest@4b6690c0]" started-at="2025-12-30T12:35:39 IST" name="setUp" finished-at="2025-12-30T12:35:53 IST" duration-ms="14507" status="PASS">
          <params>
            <param index="0">
              <value>
                <![CDATA[Chrome]]>
              </value>
            </param>
          </params>
          <reporter-output>
          </reporter-output>
        </test-method> <!-- setUp -->
        <test-method signature="verifyAddToCartFunctionality()[pri:1, instance:com.flipkart.testcases.AddToCartTest@4b6690c0]" started-at="2025-12-30T12:35:53 IST" name="verifyAddToCartFunctionality" finished-at="2025-12-30T12:36:26 IST" duration-ms="32678" status="PASS">
          <reporter-output>
          </reporter-output>
        </test-method> <!-- verifyAddToCartFunctionality -->
        <test-method is-config="true" signature="tearDown()[pri:0, instance:com.flipkart.testcases.AddToCartTest@4b6690c0]" started-at="2025-12-30T12:36:26 IST" name="tearDown" finished-at="2025-12-30T12:36:27 IST" duration-ms="719" status="PASS">
          <reporter-output>
          </reporter-output>
        </test-method> <!-- tearDown -->
        <test-method is-config="true" signature="setUp(java.lang.String)[pri:0, instance:com.flipkart.testcases.AddToCartTest@4b6690c0]" started-at="2025-12-30T12:36:27 IST" name="setUp" finished-at="2025-12-30T12:36:39 IST" duration-ms="12837" status="PASS">
          <params>
            <param index="0">
              <value>
                <![CDATA[Chrome]]>
              </value>
            </param>
          </params>
          <reporter-output>
          </reporter-output>
        </test-method> <!-- setUp -->
        <test-method signature="verifyAddToCartFunctionalityWithBuyNowOption()[pri:2, instance:com.flipkart.testcases.AddToCartTest@4b6690c0]" started-at="2025-12-30T12:36:39 IST" name="verifyAddToCartFunctionalityWithBuyNowOption" finished-at="2025-12-30T12:37:07 IST" duration-ms="28022" status="PASS">
          <reporter-output>
          </reporter-output>
        </test-method> <!-- verifyAddToCartFunctionalityWithBuyNowOption -->
        <test-method is-config="true" signature="tearDown()[pri:0, instance:com.flipkart.testcases.AddToCartTest@4b6690c0]" started-at="2025-12-30T12:37:07 IST" name="tearDown" finished-at="2025-12-30T12:37:08 IST" duration-ms="608" status="PASS">
          <reporter-output>
          </reporter-output>
        </test-method> <!-- tearDown -->
      </class> <!-- com.flipkart.testcases.AddToCartTest -->
      <class name="com.flipkart.testcases.ProductSearchTest">
        <test-method is-config="true" signature="setUp(java.lang.String)[pri:0, instance:com.flipkart.testcases.ProductSearchTest@93cf163]" started-at="2025-12-30T12:22:15 IST" name="setUp" finished-at="2025-12-30T12:22:26 IST" duration-ms="11567" status="PASS">
          <params>
            <param index="0">
              <value>
                <![CDATA[Chrome]]>
              </value>
            </param>
          </params>
          <reporter-output>
          </reporter-output>
        </test-method> <!-- setUp -->
        <test-method signature="verifyValidProductSearch()[pri:1, instance:com.flipkart.testcases.ProductSearchTest@93cf163]" started-at="2025-12-30T12:22:26 IST" name="verifyValidProductSearch" finished-at="2025-12-30T12:22:36 IST" duration-ms="9721" status="PASS">
          <reporter-output>
          </reporter-output>
        </test-method> <!-- verifyValidProductSearch -->
        <test-method is-config="true" signature="tearDown()[pri:0, instance:com.flipkart.testcases.ProductSearchTest@93cf163]" started-at="2025-12-30T12:22:36 IST" name="tearDown" finished-at="2025-12-30T12:22:37 IST" duration-ms="500" status="PASS">
          <reporter-output>
          </reporter-output>
        </test-method> <!-- tearDown -->
        <test-method is-config="true" signature="setUp(java.lang.String)[pri:0, instance:com.flipkart.testcases.ProductSearchTest@93cf163]" started-at="2025-12-30T12:22:37 IST" name="setUp" finished-at="2025-12-30T12:22:53 IST" duration-ms="16183" status="PASS">
          <params>
            <param index="0">
              <value>
                <![CDATA[Chrome]]>
              </value>
            </param>
          </params>
          <reporter-output>
          </reporter-output>
        </test-method> <!-- setUp -->
        <test-method signature="verifyProductSearchResultDisplay()[pri:2, instance:com.flipkart.testcases.ProductSearchTest@93cf163]" started-at="2025-12-30T12:22:53 IST" name="verifyProductSearchResultDisplay" finished-at="2025-12-30T12:23:04 IST" duration-ms="11392" status="PASS">
          <reporter-output>
          </reporter-output>
        </test-method> <!-- verifyProductSearchResultDisplay -->
        <test-method is-config="true" signature="tearDown()[pri:0, instance:com.flipkart.testcases.ProductSearchTest@93cf163]" started-at="2025-12-30T12:23:04 IST" name="tearDown" finished-at="2025-12-30T12:23:05 IST" duration-ms="565" status="PASS">
          <reporter-output>
          </reporter-output>
        </test-method> <!-- tearDown -->
        <test-method is-config="true" signature="setUp(java.lang.String)[pri:0, instance:com.flipkart.testcases.ProductSearchTest@93cf163]" started-at="2025-12-30T12:23:05 IST" name="setUp" finished-at="2025-12-30T12:23:14 IST" duration-ms="9204" status="PASS">
          <params>
            <param index="0">
              <value>
                <![CDATA[Chrome]]>
              </value>
            </param>
          </params>
          <reporter-output>
          </reporter-output>
        </test-method> <!-- setUp -->
        <test-method signature="verifyProductSearchUsingEnterKey()[pri:3, instance:com.flipkart.testcases.ProductSearchTest@93cf163]" started-at="2025-12-30T12:23:14 IST" name="verifyProductSearchUsingEnterKey" finished-at="2025-12-30T12:23:21 IST" duration-ms="6860" status="PASS">
          <reporter-output>
          </reporter-output>
        </test-method> <!-- verifyProductSearchUsingEnterKey -->
        <test-method is-config="true" signature="tearDown()[pri:0, instance:com.flipkart.testcases.ProductSearchTest@93cf163]" started-at="2025-12-30T12:23:21 IST" name="tearDown" finished-at="2025-12-30T12:23:21 IST" duration-ms="508" status="PASS">
          <reporter-output>
          </reporter-output>
        </test-method> <!-- tearDown -->
        <test-method is-config="true" signature="setUp(java.lang.String)[pri:0, instance:com.flipkart.testcases.ProductSearchTest@93cf163]" started-at="2025-12-30T12:23:21 IST" name="setUp" finished-at="2025-12-30T12:23:30 IST" duration-ms="8821" status="PASS">
          <params>
            <param index="0">
              <value>
                <![CDATA[Chrome]]>
              </value>
            </param>
          </params>
          <reporter-output>
          </reporter-output>
        </test-method> <!-- setUp -->
        <test-method signature="verifyEmptySearch()[pri:4, instance:com.flipkart.testcases.ProductSearchTest@93cf163]" started-at="2025-12-30T12:23:30 IST" name="verifyEmptySearch" finished-at="2025-12-30T12:23:33 IST" duration-ms="3051" status="PASS">
          <reporter-output>
          </reporter-output>
        </test-method> <!-- verifyEmptySearch -->
        <test-method is-config="true" signature="tearDown()[pri:0, instance:com.flipkart.testcases.ProductSearchTest@93cf163]" started-at="2025-12-30T12:23:33 IST" name="tearDown" finished-at="2025-12-30T12:23:34 IST" duration-ms="836" status="PASS">
          <reporter-output>
          </reporter-output>
        </test-method> <!-- tearDown -->
        <test-method is-config="true" signature="setUp(java.lang.String)[pri:0, instance:com.flipkart.testcases.ProductSearchTest@93cf163]" started-at="2025-12-30T12:23:34 IST" name="setUp" finished-at="2025-12-30T12:23:50 IST" duration-ms="15822" status="PASS">
          <params>
            <param index="0">
              <value>
                <![CDATA[Chrome]]>
              </value>
            </param>
          </params>
          <reporter-output>
          </reporter-output>
        </test-method> <!-- setUp -->
        <test-method signature="verifyProductSearchWithSpecialCharacter()[pri:5, instance:com.flipkart.testcases.ProductSearchTest@93cf163]" started-at="2025-12-30T12:23:50 IST" name="verifyProductSearchWithSpecialCharacter" finished-at="2025-12-30T12:23:59 IST" duration-ms="8944" status="PASS">
          <reporter-output>
          </reporter-output>
        </test-method> <!-- verifyProductSearchWithSpecialCharacter -->
        <test-method is-config="true" signature="tearDown()[pri:0, instance:com.flipkart.testcases.ProductSearchTest@93cf163]" started-at="2025-12-30T12:23:59 IST" name="tearDown" finished-at="2025-12-30T12:23:59 IST" duration-ms="549" status="PASS">
          <reporter-output>
          </reporter-output>
        </test-method> <!-- tearDown -->
        <test-method is-config="true" signature="setUp(java.lang.String)[pri:0, instance:com.flipkart.testcases.ProductSearchTest@93cf163]" started-at="2025-12-30T12:23:59 IST" name="setUp" finished-at="2025-12-30T12:24:19 IST" duration-ms="19085" status="PASS">
          <params>
            <param index="0">
              <value>
                <![CDATA[Chrome]]>
              </value>
            </param>
          </params>
          <reporter-output>
          </reporter-output>
        </test-method> <!-- setUp -->
        <test-method signature="verifyProductSearchWithLongText()[pri:6, instance:com.flipkart.testcases.ProductSearchTest@93cf163]" started-at="2025-12-30T12:24:19 IST" name="verifyProductSearchWithLongText" finished-at="2025-12-30T12:24:37 IST" duration-ms="18705" status="PASS">
          <reporter-output>
          </reporter-output>
        </test-method> <!-- verifyProductSearchWithLongText -->
        <test-method is-config="true" signature="tearDown()[pri:0, instance:com.flipkart.testcases.ProductSearchTest@93cf163]" started-at="2025-12-30T12:24:37 IST" name="tearDown" finished-at="2025-12-30T12:24:38 IST" duration-ms="549" status="PASS">
          <reporter-output>
          </reporter-output>
        </test-method> <!-- tearDown -->
        <test-method is-config="true" signature="setUp(java.lang.String)[pri:0, instance:com.flipkart.testcases.ProductSearchTest@93cf163]" started-at="2025-12-30T12:24:38 IST" name="setUp" finished-at="2025-12-30T12:24:51 IST" duration-ms="12826" status="PASS">
          <params>
            <param index="0">
              <value>
                <![CDATA[Chrome]]>
              </value>
            </param>
          </params>
          <reporter-output>
          </reporter-output>
        </test-method> <!-- setUp -->
        <test-method signature="verifyProductSearchWithNumber()[pri:7, instance:com.flipkart.testcases.ProductSearchTest@93cf163]" started-at="2025-12-30T12:24:51 IST" name="verifyProductSearchWithNumber" finished-at="2025-12-30T12:25:01 IST" duration-ms="10502" status="PASS">
          <reporter-output>
          </reporter-output>
        </test-method> <!-- verifyProductSearchWithNumber -->
        <test-method is-config="true" signature="tearDown()[pri:0, instance:com.flipkart.testcases.ProductSearchTest@93cf163]" started-at="2025-12-30T12:25:01 IST" name="tearDown" finished-at="2025-12-30T12:25:02 IST" duration-ms="528" status="PASS">
          <reporter-output>
          </reporter-output>
        </test-method> <!-- tearDown -->
        <test-method is-config="true" signature="setUp(java.lang.String)[pri:0, instance:com.flipkart.testcases.ProductSearchTest@93cf163]" started-at="2025-12-30T12:25:02 IST" name="setUp" finished-at="2025-12-30T12:25:18 IST" duration-ms="16699" status="PASS">
          <params>
            <param index="0">
              <value>
                <![CDATA[Chrome]]>
              </value>
            </param>
          </params>
          <reporter-output>
          </reporter-output>
        </test-method> <!-- setUp -->
        <test-method signature="verifyProductWithMultipleSearch()[pri:8, instance:com.flipkart.testcases.ProductSearchTest@93cf163]" started-at="2025-12-30T12:25:18 IST" name="verifyProductWithMultipleSearch" finished-at="2025-12-30T12:25:36 IST" duration-ms="17809" status="PASS">
          <reporter-output>
          </reporter-output>
        </test-method> <!-- verifyProductWithMultipleSearch -->
        <test-method is-config="true" signature="tearDown()[pri:0, instance:com.flipkart.testcases.ProductSearchTest@93cf163]" started-at="2025-12-30T12:25:36 IST" name="tearDown" finished-at="2025-12-30T12:25:37 IST" duration-ms="636" status="PASS">
          <reporter-output>
          </reporter-output>
        </test-method> <!-- tearDown -->
        <test-method is-config="true" signature="setUp(java.lang.String)[pri:0, instance:com.flipkart.testcases.ProductSearchTest@93cf163]" started-at="2025-12-30T12:25:37 IST" name="setUp" finished-at="2025-12-30T12:25:49 IST" duration-ms="12038" status="PASS">
          <params>
            <param index="0">
              <value>
                <![CDATA[Chrome]]>
              </value>
            </param>
          </params>
          <reporter-output>
          </reporter-output>
        </test-method> <!-- setUp -->
        <test-method signature="verifyProductSearchIncaseSensitive()[pri:9, instance:com.flipkart.testcases.ProductSearchTest@93cf163]" started-at="2025-12-30T12:25:49 IST" name="verifyProductSearchIncaseSensitive" finished-at="2025-12-30T12:25:59 IST" duration-ms="10304" status="PASS">
          <reporter-output>
          </reporter-output>
        </test-method> <!-- verifyProductSearchIncaseSensitive -->
        <test-method is-config="true" signature="tearDown()[pri:0, instance:com.flipkart.testcases.ProductSearchTest@93cf163]" started-at="2025-12-30T12:25:59 IST" name="tearDown" finished-at="2025-12-30T12:26:00 IST" duration-ms="578" status="PASS">
          <reporter-output>
          </reporter-output>
        </test-method> <!-- tearDown -->
        <test-method is-config="true" signature="setUp(java.lang.String)[pri:0, instance:com.flipkart.testcases.ProductSearchTest@93cf163]" started-at="2025-12-30T12:26:00 IST" name="setUp" finished-at="2025-12-30T12:26:08 IST" duration-ms="8379" status="PASS">
          <params>
            <param index="0">
              <value>
                <![CDATA[Chrome]]>
              </value>
            </param>
          </params>
          <reporter-output>
          </reporter-output>
        </test-method> <!-- setUp -->
        <test-method signature="verifyPlaceholderTextIsDisplayedWhenTheSearchBarIsEmpty()[pri:10, instance:com.flipkart.testcases.ProductSearchTest@93cf163]" started-at="2025-12-30T12:26:08 IST" name="verifyPlaceholderTextIsDisplayedWhenTheSearchBarIsEmpty" finished-at="2025-12-30T12:26:08 IST" duration-ms="201" status="PASS">
          <reporter-output>
          </reporter-output>
        </test-method> <!-- verifyPlaceholderTextIsDisplayedWhenTheSearchBarIsEmpty -->
        <test-method is-config="true" signature="tearDown()[pri:0, instance:com.flipkart.testcases.ProductSearchTest@93cf163]" started-at="2025-12-30T12:26:08 IST" name="tearDown" finished-at="2025-12-30T12:26:09 IST" duration-ms="1194" status="PASS">
          <reporter-output>
          </reporter-output>
        </test-method> <!-- tearDown -->
        <test-method is-config="true" signature="setUp(java.lang.String)[pri:0, instance:com.flipkart.testcases.ProductSearchTest@93cf163]" started-at="2025-12-30T12:26:09 IST" name="setUp" finished-at="2025-12-30T12:26:22 IST" duration-ms="12935" status="PASS">
          <params>
            <param index="0">
              <value>
                <![CDATA[Chrome]]>
              </value>
            </param>
          </params>
          <reporter-output>
          </reporter-output>
        </test-method> <!-- setUp -->
        <test-method signature="verifyProductSearchWithPartialText()[pri:11, instance:com.flipkart.testcases.ProductSearchTest@93cf163]" started-at="2025-12-30T12:26:22 IST" name="verifyProductSearchWithPartialText" finished-at="2025-12-30T12:26:35 IST" duration-ms="12985" status="PASS">
          <reporter-output>
          </reporter-output>
        </test-method> <!-- verifyProductSearchWithPartialText -->
        <test-method is-config="true" signature="tearDown()[pri:0, instance:com.flipkart.testcases.ProductSearchTest@93cf163]" started-at="2025-12-30T12:26:35 IST" name="tearDown" finished-at="2025-12-30T12:26:36 IST" duration-ms="517" status="PASS">
          <reporter-output>
          </reporter-output>
        </test-method> <!-- tearDown -->
      </class> <!-- com.flipkart.testcases.ProductSearchTest -->
    </test> <!-- Test -->
  </suite> <!-- MasterSuite -->
</testng-results>
