<?xml version="1.0" encoding="UTF-8"?>
<testng-results ignored="10" total="11" passed="1" failed="0" skipped="0">
  <reporter-output>
  </reporter-output>
  <suite started-at="2025-12-30T15:19:26 IST" name="Default suite" finished-at="2025-12-30T15:20:16 IST" duration-ms="49689">
    <groups>
      <group name="Regression">
        <method signature="HomePageTest.verifyBecomeSellerNavigation()[pri:3, instance:com.flipkart.testcases.HomePageTest@1d730606]" name="verifyBecomeSellerNavigation" class="com.flipkart.testcases.HomePageTest"/>
      </group> <!-- Regression -->
    </groups>
    <test started-at="2025-12-30T15:19:26 IST" name="Default test" finished-at="2025-12-30T15:20:16 IST" duration-ms="49689">
      <class name="com.flipkart.testcases.HomePageTest">
        <test-method is-config="true" signature="setUp(java.lang.String)[pri:0, instance:com.flipkart.testcases.HomePageTest@1d730606]" started-at="2025-12-30T15:19:27 IST" name="setUp" finished-at="2025-12-30T15:19:47 IST" duration-ms="20110" status="PASS">
          <params>
            <param index="0">
              <value>
                <![CDATA[]]>
              </value>
            </param>
          </params>
          <reporter-output>
          </reporter-output>
        </test-method> <!-- setUp -->
        <test-method signature="verifyBecomeSellerNavigation()[pri:3, instance:com.flipkart.testcases.HomePageTest@1d730606]" started-at="2025-12-30T15:19:47 IST" name="verifyBecomeSellerNavigation" finished-at="2025-12-30T15:20:10 IST" duration-ms="23392" status="PASS">
          <reporter-output>
          </reporter-output>
        </test-method> <!-- verifyBecomeSellerNavigation -->
        <test-method is-config="true" signature="tearDown()[pri:0, instance:com.flipkart.testcases.HomePageTest@1d730606]" started-at="2025-12-30T15:20:10 IST" name="tearDown" finished-at="2025-12-30T15:20:16 IST" duration-ms="5980" status="PASS">
          <reporter-output>
          </reporter-output>
        </test-method> <!-- tearDown -->
      </class> <!-- com.flipkart.testcases.HomePageTest -->
    </test> <!-- Default test -->
  </suite> <!-- Default suite -->
</testng-results>
