<?xml version="1.0" encoding="UTF-8"?>
<testng-results ignored="1" total="2" passed="1" failed="0" skipped="0">
  <reporter-output>
  </reporter-output>
  <suite started-at="2025-12-30T16:03:06 IST" name="Default suite" finished-at="2025-12-30T16:03:34 IST" duration-ms="28016">
    <groups>
      <group name="Sanity">
        <method signature="AddToCartTest.verifyAddToCartFunctionalityWithBuyNowOption()[pri:2, instance:com.flipkart.testcases.AddToCartTest@31d0e481]" name="verifyAddToCartFunctionalityWithBuyNowOption" class="com.flipkart.testcases.AddToCartTest"/>
      </group> <!-- Sanity -->
    </groups>
    <test started-at="2025-12-30T16:03:06 IST" name="Default test" finished-at="2025-12-30T16:03:34 IST" duration-ms="28016">
      <class name="com.flipkart.testcases.AddToCartTest">
        <test-method is-config="true" signature="setUp(java.lang.String)[pri:0, instance:com.flipkart.testcases.AddToCartTest@31d0e481]" started-at="2025-12-30T16:03:06 IST" name="setUp" finished-at="2025-12-30T16:03:17 IST" duration-ms="11121" status="PASS">
          <params>
            <param index="0">
              <value>
                <![CDATA[]]>
              </value>
            </param>
          </params>
          <reporter-output>
          </reporter-output>
        </test-method> <!-- setUp -->
        <test-method signature="verifyAddToCartFunctionalityWithBuyNowOption()[pri:2, instance:com.flipkart.testcases.AddToCartTest@31d0e481]" started-at="2025-12-30T16:03:17 IST" name="verifyAddToCartFunctionalityWithBuyNowOption" finished-at="2025-12-30T16:03:34 IST" duration-ms="16519" status="PASS">
          <reporter-output>
          </reporter-output>
        </test-method> <!-- verifyAddToCartFunctionalityWithBuyNowOption -->
        <test-method is-config="true" signature="tearDown()[pri:0, instance:com.flipkart.testcases.AddToCartTest@31d0e481]" started-at="2025-12-30T16:03:34 IST" name="tearDown" finished-at="2025-12-30T16:03:34 IST" duration-ms="322" status="PASS">
          <reporter-output>
          </reporter-output>
        </test-method> <!-- tearDown -->
      </class> <!-- com.flipkart.testcases.AddToCartTest -->
    </test> <!-- Default test -->
  </suite> <!-- Default suite -->
</testng-results>
