<?xml version="1.0" encoding="UTF-8"?>
<!-- Generated by org.testng.reporters.JUnitReportReporter -->
<testsuite hostname="DESKTOP-CEBHV1B" failures="0" tests="10" name="com.flipkart.testcases.LoginPageTest" time="89.131" errors="0" timestamp="2025-12-24T10:51:40 IST" skipped="0">
  <testcase classname="com.flipkart.testcases.LoginPageTest" name="verifyLoginButtonDisplayed" time="5.232"/>
  <testcase classname="com.flipkart.testcases.LoginPageTest" name="verifyUsernameTextboxDisplayed" time="10.131"/>
  <testcase classname="com.flipkart.testcases.LoginPageTest" name="verifyUsernameTextboxEnabled" time="9.734"/>
  <testcase classname="com.flipkart.testcases.LoginPageTest" name="verifyPlaceholderTextDisplayed" time="7.440"/>
  <testcase classname="com.flipkart.testcases.LoginPageTest" name="verifyTermsOfUseNaviagtion" time="8.252"/>
  <testcase classname="com.flipkart.testcases.LoginPageTest" name="verifyPrivacyPolicyNaviagtion" time="8.090"/>
  <testcase classname="com.flipkart.testcases.LoginPageTest" name="verifyCreateNewUserLinkVisible" time="7.597"/>
  <testcase classname="com.flipkart.testcases.LoginPageTest" name="verifyCreateNewUserLinkEnabled" time="7.680"/>
  <testcase classname="com.flipkart.testcases.LoginPageTest" name="verifyUserLogin" time="11.982"/>
  <testcase classname="com.flipkart.testcases.LoginPageTest" name="verifyCreateNewUserLinkNavigation" time="12.993"/>
</testsuite> <!-- com.flipkart.testcases.LoginPageTest -->
