<?xml version="1.0" encoding="UTF-8"?>
<!-- Generated by org.testng.reporters.JUnitReportReporter -->
<testsuite hostname="DESKTOP-CEBHV1B" failures="0" tests="2" name="com.flipkart.testcases.AddToCartTest" time="31.238" errors="0" timestamp="2025-12-24T10:51:40 IST" skipped="0">
  <testcase classname="com.flipkart.testcases.AddToCartTest" name="verifyAddToCartFunctionality" time="14.538"/>
  <testcase classname="com.flipkart.testcases.AddToCartTest" name="verifyAddToCartFunctionalityWithBuyNowOption" time="16.700"/>
</testsuite> <!-- com.flipkart.testcases.AddToCartTest -->
