<?xml version="1.0" encoding="UTF-8"?>
<!-- Generated by org.testng.reporters.JUnitReportReporter -->
<testsuite hostname="DESKTOP-CEBHV1B" failures="0" tests="11" name="com.flipkart.testcases.HomePageTest" time="90.553" errors="0" timestamp="2025-12-24T10:51:40 IST" skipped="0">
  <testcase classname="com.flipkart.testcases.HomePageTest" name="verifyLogoDisplayed" time="5.242"/>
  <testcase classname="com.flipkart.testcases.HomePageTest" name="verifyLoginButton" time="8.534"/>
  <testcase classname="com.flipkart.testcases.HomePageTest" name="verifyBecomeSellerNavigation" time="12.275"/>
  <testcase classname="com.flipkart.testcases.HomePageTest" name="verifyGroceryCategoryNavigation" time="6.578"/>
  <testcase classname="com.flipkart.testcases.HomePageTest" name="verifyFashionSubCategoryNavigation" time="9.342"/>
  <testcase classname="com.flipkart.testcases.HomePageTest" name="verifyElectronicsSubCategoryNavigation" time="11.569"/>
  <testcase classname="com.flipkart.testcases.HomePageTest" name="verifyFurnitureSubCategoryNavigation" time="7.322"/>
  <testcase classname="com.flipkart.testcases.HomePageTest" name="verifyHomePageTitle" time="4.983"/>
  <testcase classname="com.flipkart.testcases.HomePageTest" name="verifySearchBoxEnabled" time="5.002"/>
  <testcase classname="com.flipkart.testcases.HomePageTest" name="verifycartIconVisible" time="5.041"/>
  <testcase classname="com.flipkart.testcases.HomePageTest" name="verifyAbletoSerachProduct" time="14.665"/>
</testsuite> <!-- com.flipkart.testcases.HomePageTest -->
