<?xml version="1.0" encoding="UTF-8"?>
<!-- Generated by org.testng.reporters.JUnitReportReporter -->
<testsuite hostname="DESKTOP-CEBHV1B" failures="0" tests="7" name="com.flipkart.testcases.ProductSearchUsingDDT" time="68.731" errors="0" timestamp="2025-12-24T10:51:40 IST" skipped="0">
  <testcase classname="com.flipkart.testcases.ProductSearchUsingDDT" name="verifySearchFunctionalityUsingDDT" time="10.048"/>
  <testcase classname="com.flipkart.testcases.ProductSearchUsingDDT" name="verifySearchFunctionalityUsingDDT" time="9.240"/>
  <testcase classname="com.flipkart.testcases.ProductSearchUsingDDT" name="verifySearchFunctionalityUsingDDT" time="10.150"/>
  <testcase classname="com.flipkart.testcases.ProductSearchUsingDDT" name="verifySearchFunctionalityUsingDDT" time="10.104"/>
  <testcase classname="com.flipkart.testcases.ProductSearchUsingDDT" name="verifySearchFunctionalityUsingDDT" time="8.871"/>
  <testcase classname="com.flipkart.testcases.ProductSearchUsingDDT" name="verifySearchFunctionalityUsingDDT" time="9.807"/>
  <testcase classname="com.flipkart.testcases.ProductSearchUsingDDT" name="verifySearchFunctionalityUsingDDT" time="10.511"/>
</testsuite> <!-- com.flipkart.testcases.ProductSearchUsingDDT -->
