<?xml version="1.0" encoding="UTF-8"?>
<!-- Generated by org.testng.reporters.JUnitReportReporter -->
<testsuite hostname="DESKTOP-CEBHV1B" failures="0" tests="7" name="com.flipkart.testcases.SignInPageTest" time="52.226" errors="0" timestamp="2025-12-24T10:51:40 IST" skipped="0">
  <testcase classname="com.flipkart.testcases.SignInPageTest" name="verifySignupNavigation" time="7.236"/>
  <testcase classname="com.flipkart.testcases.SignInPageTest" name="verifyContinueButton" time="6.146"/>
  <testcase classname="com.flipkart.testcases.SignInPageTest" name="verifyContinueButtonEnabled" time="7.494"/>
  <testcase classname="com.flipkart.testcases.SignInPageTest" name="verifyExistingUserLinkIsEnabled" time="7.896"/>
  <testcase classname="com.flipkart.testcases.SignInPageTest" name="verifyExistingUserLinkIsDisplayed" time="7.300"/>
  <testcase classname="com.flipkart.testcases.SignInPageTest" name="verifyExistingUserNavigation" time="8.145"/>
  <testcase classname="com.flipkart.testcases.SignInPageTest" name="verifyValidationMessage" time="8.009"/>
</testsuite> <!-- com.flipkart.testcases.SignInPageTest -->
