<?xml version="1.0" encoding="UTF-8"?>
<!-- Generated by org.testng.reporters.JUnitReportReporter -->
<testsuite hostname="DESKTOP-CEBHV1B" failures="0" tests="11" name="com.flipkart.testcases.ProductSearchTest" time="95.111" errors="0" timestamp="2025-12-24T10:51:40 IST" skipped="0">
  <testcase classname="com.flipkart.testcases.ProductSearchTest" name="verifyValidProductSearch" time="7.791"/>
  <testcase classname="com.flipkart.testcases.ProductSearchTest" name="verifyProductSearchResultDisplay" time="9.608"/>
  <testcase classname="com.flipkart.testcases.ProductSearchTest" name="verifyProductSearchUsingEnterKey" time="8.133"/>
  <testcase classname="com.flipkart.testcases.ProductSearchTest" name="verifyEmptySearch" time="6.448"/>
  <testcase classname="com.flipkart.testcases.ProductSearchTest" name="verifyProductSearchWithSpecialCharacter" time="7.418"/>
  <testcase classname="com.flipkart.testcases.ProductSearchTest" name="verifyProductSearchWithLongText" time="9.105"/>
  <testcase classname="com.flipkart.testcases.ProductSearchTest" name="verifyProductSearchWithNumber" time="9.148"/>
  <testcase classname="com.flipkart.testcases.ProductSearchTest" name="verifyProductWithMultipleSearch" time="11.349"/>
  <testcase classname="com.flipkart.testcases.ProductSearchTest" name="verifyProductSearchIncaseSensitive" time="11.357"/>
  <testcase classname="com.flipkart.testcases.ProductSearchTest" name="verifyPlaceholderTextIsDisplayedWhenTheSearchBarIsEmpty" time="4.691"/>
  <testcase classname="com.flipkart.testcases.ProductSearchTest" name="verifyProductSearchWithPartialText" time="10.063"/>
</testsuite> <!-- com.flipkart.testcases.ProductSearchTest -->
