<?xml version="1.0" encoding="UTF-8"?>
<!-- Generated by org.testng.reporters.JUnitReportReporter -->
<testsuite hostname="DESKTOP-CEBHV1B" failures="0" tests="9" name="com.flipkart.testcases.SearchResultFilterTest" time="383.567" errors="0" timestamp="2025-12-30T17:05:53 IST" skipped="0">
  <testcase classname="com.flipkart.testcases.SearchResultFilterTest" name="verifyDefaultSorting" time="38.631"/>
  <testcase classname="com.flipkart.testcases.SearchResultFilterTest" name="verifyResultCountIsDisplayed" time="39.488"/>
  <testcase classname="com.flipkart.testcases.SearchResultFilterTest" name="verifySortByReleveance" time="66.908"/>
  <testcase classname="com.flipkart.testcases.SearchResultFilterTest" name="verifyProductCountRemainsSameAfterSortByReleveance" time="50.587"/>
  <testcase classname="com.flipkart.testcases.SearchResultFilterTest" name="verifySortByPopularity" time="39.372"/>
  <testcase classname="com.flipkart.testcases.SearchResultFilterTest" name="verifySortByPriceLowToHigh" time="39.414"/>
  <testcase classname="com.flipkart.testcases.SearchResultFilterTest" name="verifySortByNewestFirst" time="35.687"/>
  <testcase classname="com.flipkart.testcases.SearchResultFilterTest" name="verifyMultipleSortOperations" time="44.432"/>
  <testcase classname="com.flipkart.testcases.SearchResultFilterTest" name="verifyProductSearchWithSecondSuggestionText" time="29.048"/>
</testsuite> <!-- com.flipkart.testcases.SearchResultFilterTest -->
