<?xml version="1.0" encoding="UTF-8"?>
<!-- Generated by org.testng.reporters.JUnitReportReporter -->
<testsuite hostname="DESKTOP-CEBHV1B" failures="0" tests="11" name="com.flipkart.testcases.HomePageTest" time="247.408" errors="0" timestamp="2025-12-30T11:34:44 IST" skipped="0">
  <testcase classname="com.flipkart.testcases.HomePageTest" name="verifyLogoDisplayed" time="27.346"/>
  <testcase classname="com.flipkart.testcases.HomePageTest" name="verifyLoginButton" time="12.791"/>
  <testcase classname="com.flipkart.testcases.HomePageTest" name="verifyBecomeSellerNavigation" time="27.863"/>
  <testcase classname="com.flipkart.testcases.HomePageTest" name="verifyGroceryCategoryNavigation" time="11.425"/>
  <testcase classname="com.flipkart.testcases.HomePageTest" name="verifyFashionSubCategoryNavigation" time="26.609"/>
  <testcase classname="com.flipkart.testcases.HomePageTest" name="verifyElectronicsSubCategoryNavigation" time="26.452"/>
  <testcase classname="com.flipkart.testcases.HomePageTest" name="verifyFurnitureSubCategoryNavigation" time="32.955"/>
  <testcase classname="com.flipkart.testcases.HomePageTest" name="verifyHomePageTitle" time="23.562"/>
  <testcase classname="com.flipkart.testcases.HomePageTest" name="verifySearchBoxEnabled" time="20.925"/>
  <testcase classname="com.flipkart.testcases.HomePageTest" name="verifycartIconVisible" time="16.174"/>
  <testcase classname="com.flipkart.testcases.HomePageTest" name="verifyAbletoSerachProduct" time="21.306"/>
</testsuite> <!-- com.flipkart.testcases.HomePageTest -->
