<?xml version="1.0" encoding="UTF-8"?>
<!-- Generated by org.testng.reporters.JUnitReportReporter -->
<testsuite hostname="DESKTOP-CEBHV1B" failures="0" tests="10" name="com.flipkart.testcases.LoginPageTest" time="183.715" errors="0" timestamp="2025-12-30T12:39:29 IST" skipped="0">
  <testcase classname="com.flipkart.testcases.LoginPageTest" name="verifyLoginButtonDisplayed" time="9.092"/>
  <testcase classname="com.flipkart.testcases.LoginPageTest" name="verifyUsernameTextboxDisplayed" time="26.020"/>
  <testcase classname="com.flipkart.testcases.LoginPageTest" name="verifyUsernameTextboxEnabled" time="18.236"/>
  <testcase classname="com.flipkart.testcases.LoginPageTest" name="verifyPlaceholderTextDisplayed" time="18.128"/>
  <testcase classname="com.flipkart.testcases.LoginPageTest" name="verifyTermsOfUseNaviagtion" time="21.551"/>
  <testcase classname="com.flipkart.testcases.LoginPageTest" name="verifyPrivacyPolicyNaviagtion" time="14.601"/>
  <testcase classname="com.flipkart.testcases.LoginPageTest" name="verifyCreateNewUserLinkVisible" time="18.210"/>
  <testcase classname="com.flipkart.testcases.LoginPageTest" name="verifyCreateNewUserLinkEnabled" time="15.205"/>
  <testcase classname="com.flipkart.testcases.LoginPageTest" name="verifyUserLogin" time="20.699"/>
  <testcase classname="com.flipkart.testcases.LoginPageTest" name="verifyCreateNewUserLinkNavigation" time="21.973"/>
</testsuite> <!-- com.flipkart.testcases.LoginPageTest -->
