<?xml version="1.0" encoding="UTF-8"?>
<!-- Generated by org.testng.reporters.JUnitReportReporter -->
<testsuite hostname="DESKTOP-CEBHV1B" failures="0" tests="9" name="com.flipkart.testcases.SearchResultFilterTest" time="230.364" errors="0" timestamp="2025-12-30T11:34:44 IST" skipped="0">
  <testcase classname="com.flipkart.testcases.SearchResultFilterTest" name="verifyDefaultSorting" time="23.616"/>
  <testcase classname="com.flipkart.testcases.SearchResultFilterTest" name="verifyResultCountIsDisplayed" time="24.156"/>
  <testcase classname="com.flipkart.testcases.SearchResultFilterTest" name="verifySortByReleveance" time="33.613"/>
  <testcase classname="com.flipkart.testcases.SearchResultFilterTest" name="verifyProductCountRemainsSameAfterSortByReleveance" time="24.511"/>
  <testcase classname="com.flipkart.testcases.SearchResultFilterTest" name="verifySortByPopularity" time="17.623"/>
  <testcase classname="com.flipkart.testcases.SearchResultFilterTest" name="verifySortByPriceLowToHigh" time="36.010"/>
  <testcase classname="com.flipkart.testcases.SearchResultFilterTest" name="verifySortByNewestFirst" time="16.081"/>
  <testcase classname="com.flipkart.testcases.SearchResultFilterTest" name="verifyMultipleSortOperations" time="23.252"/>
  <testcase classname="com.flipkart.testcases.SearchResultFilterTest" name="verifyProductSearchWithSecondSuggestionText" time="31.502"/>
</testsuite> <!-- com.flipkart.testcases.SearchResultFilterTest -->
