<?xml version="1.0" encoding="UTF-8"?>
<!-- Generated by org.testng.reporters.JUnitReportReporter -->
<testsuite hostname="DESKTOP-CEBHV1B" failures="0" tests="7" name="com.flipkart.testcases.SignInPageTest" time="137.206" errors="0" timestamp="2025-12-30T12:39:29 IST" skipped="0">
  <testcase classname="com.flipkart.testcases.SignInPageTest" name="verifySignupNavigation" time="29.791"/>
  <testcase classname="com.flipkart.testcases.SignInPageTest" name="verifyContinueButton" time="14.890"/>
  <testcase classname="com.flipkart.testcases.SignInPageTest" name="verifyContinueButtonEnabled" time="16.512"/>
  <testcase classname="com.flipkart.testcases.SignInPageTest" name="verifyExistingUserLinkIsEnabled" time="14.636"/>
  <testcase classname="com.flipkart.testcases.SignInPageTest" name="verifyExistingUserLinkIsDisplayed" time="25.490"/>
  <testcase classname="com.flipkart.testcases.SignInPageTest" name="verifyExistingUserNavigation" time="16.748"/>
  <testcase classname="com.flipkart.testcases.SignInPageTest" name="verifyValidationMessage" time="19.139"/>
</testsuite> <!-- com.flipkart.testcases.SignInPageTest -->
