<?xml version="1.0" encoding="UTF-8"?>
<!-- Generated by org.testng.reporters.JUnitReportReporter -->
<testsuite hostname="DESKTOP-CEBHV1B" failures="0" tests="2" name="com.flipkart.testcases.AddToCartTest" time="41.803" errors="0" timestamp="2025-12-24T12:39:39 IST" skipped="0">
  <testcase classname="com.flipkart.testcases.AddToCartTest" name="verifyAddToCartFunctionality" time="19.629"/>
  <testcase classname="com.flipkart.testcases.AddToCartTest" name="verifyAddToCartFunctionalityWithBuyNowOption" time="22.174"/>
</testsuite> <!-- com.flipkart.testcases.AddToCartTest -->
