<?xml version="1.0" encoding="UTF-8"?>
<!-- Generated by org.testng.reporters.JUnitReportReporter -->
<testsuite hostname="DESKTOP-CEBHV1B" failures="0" tests="7" name="com.flipkart.testcases.SignInPageTest" time="74.864" errors="0" timestamp="2025-12-24T12:39:39 IST" skipped="0">
  <testcase classname="com.flipkart.testcases.SignInPageTest" name="verifySignupNavigation" time="10.997"/>
  <testcase classname="com.flipkart.testcases.SignInPageTest" name="verifyContinueButton" time="9.941"/>
  <testcase classname="com.flipkart.testcases.SignInPageTest" name="verifyContinueButtonEnabled" time="10.326"/>
  <testcase classname="com.flipkart.testcases.SignInPageTest" name="verifyExistingUserLinkIsEnabled" time="10.475"/>
  <testcase classname="com.flipkart.testcases.SignInPageTest" name="verifyExistingUserLinkIsDisplayed" time="10.572"/>
  <testcase classname="com.flipkart.testcases.SignInPageTest" name="verifyExistingUserNavigation" time="10.890"/>
  <testcase classname="com.flipkart.testcases.SignInPageTest" name="verifyValidationMessage" time="11.663"/>
</testsuite> <!-- com.flipkart.testcases.SignInPageTest -->
