<?xml version="1.0" encoding="UTF-8"?>
<!-- Generated by org.testng.reporters.JUnitReportReporter -->
<testsuite hostname="DESKTOP-CEBHV1B" failures="0" tests="11" name="com.flipkart.testcases.ProductSearchTest" time="211.808" errors="0" timestamp="2025-12-30T11:34:44 IST" skipped="0">
  <testcase classname="com.flipkart.testcases.ProductSearchTest" name="verifyValidProductSearch" time="28.306"/>
  <testcase classname="com.flipkart.testcases.ProductSearchTest" name="verifyProductSearchResultDisplay" time="12.850"/>
  <testcase classname="com.flipkart.testcases.ProductSearchTest" name="verifyProductSearchUsingEnterKey" time="19.663"/>
  <testcase classname="com.flipkart.testcases.ProductSearchTest" name="verifyEmptySearch" time="8.935"/>
  <testcase classname="com.flipkart.testcases.ProductSearchTest" name="verifyProductSearchWithSpecialCharacter" time="12.857"/>
  <testcase classname="com.flipkart.testcases.ProductSearchTest" name="verifyProductSearchWithLongText" time="15.877"/>
  <testcase classname="com.flipkart.testcases.ProductSearchTest" name="verifyProductSearchWithNumber" time="36.520"/>
  <testcase classname="com.flipkart.testcases.ProductSearchTest" name="verifyProductWithMultipleSearch" time="19.206"/>
  <testcase classname="com.flipkart.testcases.ProductSearchTest" name="verifyProductSearchIncaseSensitive" time="25.097"/>
  <testcase classname="com.flipkart.testcases.ProductSearchTest" name="verifyPlaceholderTextIsDisplayedWhenTheSearchBarIsEmpty" time="8.364"/>
  <testcase classname="com.flipkart.testcases.ProductSearchTest" name="verifyProductSearchWithPartialText" time="24.133"/>
</testsuite> <!-- com.flipkart.testcases.ProductSearchTest -->
