<?xml version="1.0" encoding="UTF-8"?>
<!-- Generated by org.testng.reporters.JUnitReportReporter -->
<testsuite hostname="DESKTOP-CEBHV1B" failures="0" tests="10" name="com.flipkart.testcases.LoginPageTest" time="114.756" errors="0" timestamp="2025-12-24T12:39:39 IST" skipped="0">
  <testcase classname="com.flipkart.testcases.LoginPageTest" name="verifyLoginButtonDisplayed" time="7.035"/>
  <testcase classname="com.flipkart.testcases.LoginPageTest" name="verifyUsernameTextboxDisplayed" time="12.102"/>
  <testcase classname="com.flipkart.testcases.LoginPageTest" name="verifyUsernameTextboxEnabled" time="12.736"/>
  <testcase classname="com.flipkart.testcases.LoginPageTest" name="verifyPlaceholderTextDisplayed" time="9.409"/>
  <testcase classname="com.flipkart.testcases.LoginPageTest" name="verifyTermsOfUseNaviagtion" time="11.193"/>
  <testcase classname="com.flipkart.testcases.LoginPageTest" name="verifyPrivacyPolicyNaviagtion" time="12.466"/>
  <testcase classname="com.flipkart.testcases.LoginPageTest" name="verifyCreateNewUserLinkVisible" time="9.943"/>
  <testcase classname="com.flipkart.testcases.LoginPageTest" name="verifyCreateNewUserLinkEnabled" time="10.067"/>
  <testcase classname="com.flipkart.testcases.LoginPageTest" name="verifyUserLogin" time="15.120"/>
  <testcase classname="com.flipkart.testcases.LoginPageTest" name="verifyCreateNewUserLinkNavigation" time="14.685"/>
</testsuite> <!-- com.flipkart.testcases.LoginPageTest -->
