<?xml version="1.0" encoding="UTF-8"?>
<!-- Generated by org.testng.reporters.JUnitReportReporter -->
<testsuite hostname="DESKTOP-CEBHV1B" failures="0" tests="7" name="com.flipkart.testcases.ProductSearchUsingDDT" time="91.098" errors="0" timestamp="2025-12-24T12:39:39 IST" skipped="0">
  <testcase classname="com.flipkart.testcases.ProductSearchUsingDDT" name="verifySearchFunctionalityUsingDDT" time="14.625"/>
  <testcase classname="com.flipkart.testcases.ProductSearchUsingDDT" name="verifySearchFunctionalityUsingDDT" time="12.990"/>
  <testcase classname="com.flipkart.testcases.ProductSearchUsingDDT" name="verifySearchFunctionalityUsingDDT" time="12.587"/>
  <testcase classname="com.flipkart.testcases.ProductSearchUsingDDT" name="verifySearchFunctionalityUsingDDT" time="11.311"/>
  <testcase classname="com.flipkart.testcases.ProductSearchUsingDDT" name="verifySearchFunctionalityUsingDDT" time="12.312"/>
  <testcase classname="com.flipkart.testcases.ProductSearchUsingDDT" name="verifySearchFunctionalityUsingDDT" time="11.931"/>
  <testcase classname="com.flipkart.testcases.ProductSearchUsingDDT" name="verifySearchFunctionalityUsingDDT" time="15.342"/>
</testsuite> <!-- com.flipkart.testcases.ProductSearchUsingDDT -->
