<?xml version="1.0" encoding="UTF-8"?>
<!-- Generated by org.testng.reporters.JUnitReportReporter -->
<testsuite hostname="DESKTOP-CEBHV1B" failures="0" tests="2" name="com.flipkart.testcases.AddToCartTest" time="65.202" errors="0" timestamp="2025-12-30T11:34:44 IST" skipped="0">
  <testcase classname="com.flipkart.testcases.AddToCartTest" name="verifyAddToCartFunctionality" time="36.249"/>
  <testcase classname="com.flipkart.testcases.AddToCartTest" name="verifyAddToCartFunctionalityWithBuyNowOption" time="28.953"/>
</testsuite> <!-- com.flipkart.testcases.AddToCartTest -->
