<?xml version="1.0" encoding="UTF-8"?>
<!-- Generated by org.testng.reporters.JUnitReportReporter -->
<testsuite hostname="DESKTOP-CEBHV1B" failures="0" tests="11" name="com.flipkart.testcases.ProductSearchTest" time="260.993" errors="0" timestamp="2025-12-30T12:39:29 IST" skipped="0">
  <testcase classname="com.flipkart.testcases.ProductSearchTest" name="verifyValidProductSearch" time="30.000"/>
  <testcase classname="com.flipkart.testcases.ProductSearchTest" name="verifyProductSearchResultDisplay" time="28.411"/>
  <testcase classname="com.flipkart.testcases.ProductSearchTest" name="verifyProductSearchUsingEnterKey" time="23.231"/>
  <testcase classname="com.flipkart.testcases.ProductSearchTest" name="verifyEmptySearch" time="15.126"/>
  <testcase classname="com.flipkart.testcases.ProductSearchTest" name="verifyProductSearchWithSpecialCharacter" time="18.343"/>
  <testcase classname="com.flipkart.testcases.ProductSearchTest" name="verifyProductSearchWithLongText" time="32.189"/>
  <testcase classname="com.flipkart.testcases.ProductSearchTest" name="verifyProductSearchWithNumber" time="19.517"/>
  <testcase classname="com.flipkart.testcases.ProductSearchTest" name="verifyProductWithMultipleSearch" time="35.025"/>
  <testcase classname="com.flipkart.testcases.ProductSearchTest" name="verifyProductSearchIncaseSensitive" time="22.907"/>
  <testcase classname="com.flipkart.testcases.ProductSearchTest" name="verifyPlaceholderTextIsDisplayedWhenTheSearchBarIsEmpty" time="9.905"/>
  <testcase classname="com.flipkart.testcases.ProductSearchTest" name="verifyProductSearchWithPartialText" time="26.339"/>
</testsuite> <!-- com.flipkart.testcases.ProductSearchTest -->
