<?xml version="1.0" encoding="UTF-8"?>
<!-- Generated by org.testng.reporters.JUnitReportReporter -->
<testsuite hostname="DESKTOP-CEBHV1B" failures="0" tests="11" name="com.flipkart.testcases.HomePageTest" time="114.570" errors="0" timestamp="2025-12-24T12:39:39 IST" skipped="0">
  <testcase classname="com.flipkart.testcases.HomePageTest" name="verifyLogoDisplayed" time="8.739"/>
  <testcase classname="com.flipkart.testcases.HomePageTest" name="verifyLoginButton" time="11.413"/>
  <testcase classname="com.flipkart.testcases.HomePageTest" name="verifyBecomeSellerNavigation" time="15.030"/>
  <testcase classname="com.flipkart.testcases.HomePageTest" name="verifyGroceryCategoryNavigation" time="8.946"/>
  <testcase classname="com.flipkart.testcases.HomePageTest" name="verifyFashionSubCategoryNavigation" time="11.697"/>
  <testcase classname="com.flipkart.testcases.HomePageTest" name="verifyElectronicsSubCategoryNavigation" time="11.882"/>
  <testcase classname="com.flipkart.testcases.HomePageTest" name="verifyFurnitureSubCategoryNavigation" time="11.156"/>
  <testcase classname="com.flipkart.testcases.HomePageTest" name="verifyHomePageTitle" time="7.143"/>
  <testcase classname="com.flipkart.testcases.HomePageTest" name="verifySearchBoxEnabled" time="7.273"/>
  <testcase classname="com.flipkart.testcases.HomePageTest" name="verifycartIconVisible" time="10.310"/>
  <testcase classname="com.flipkart.testcases.HomePageTest" name="verifyAbletoSerachProduct" time="10.981"/>
</testsuite> <!-- com.flipkart.testcases.HomePageTest -->
